extDB2: Version: 70
extDB2: https://github.com/Torndeco/extDB2
extDB2: Windows Version
Message: All development for extDB2 is done on a Linux Dedicated Server
Message: If you would like to Donate to extDB2 Development
Message: https://www.paypal.com/cgi-bin/webscr?cmd=_s-xclick&hosted_button_id=2SUEFTGABTAM2
Message: Also leave a message if there is any particular feature you would like to see added.
Message: Thanks for all the people that have donated.
Message: Torndeco: 20/02/15


extDB2: Found extdb-conf.ini
extDB2: Detected 2 Cores, Setting up 2 Worker Threads


[00:38:29:888536 --5:00] [Thread 536] extDB2: Database Type: MySQL
[00:38:29:901975 --5:00] [Thread 536] extDB2: Database Session Pool Started
[00:38:29:904773 --5:00] [Thread 536] extDB2: SQL_CUSTOM_V2: Loading Template Filename: C:\Users\xdelt\Desktop\Exile Server Chernarus\steamapps\common\Arma 3 Server\@ExileServer\extDB\sql_custom_v2\exile.ini
[00:38:29:904987 --5:00] [Thread 536] extDB2: SQL_CUSTOM_V2: Version 12 Detected, Latest Version 12 Available
[00:38:30:075721 --5:00] [Thread 9104] extDB2: SQL_CUSTOM_V2: Error No Custom Call Not Found: Input String insert_infiSTARLog:SuperChil Dayz Exile |Humanity|Deploy Bike|:SERVER_INFO:[SERVER START] TIME  0 || EMAIL  joelawm@gmail.com || VERSION  07-Mar-2017 20-28-27 - v0073 || Local Server Time  [2017,5,25,0,38]
[00:38:30:075763 --5:00] [Thread 9104] extDB2: SQL_CUSTOM_V2: Error No Custom Call Not Found: Callname insert_infiSTARLog
[00:38:30:532497 --5:00] [Thread 9104] extDB2: SQL_CUSTOM_V2: Error No Custom Call Not Found: Input String insert_infiSTARLog:SuperChil Dayz Exile |Humanity|Deploy Bike|:CONNECTLOG:0 Connected  __SERVER__() Owner  2
[00:38:30:532539 --5:00] [Thread 9104] extDB2: SQL_CUSTOM_V2: Error No Custom Call Not Found: Callname insert_infiSTARLog
[00:38:56:308198 --5:00] [Thread 536] extDB2: SQL_CUSTOM_V2: Error No Custom Call Not Found: Input String getTotalConnections:76561198072397859
[00:38:56:308276 --5:00] [Thread 536] extDB2: SQL_CUSTOM_V2: Error No Custom Call Not Found: Callname getTotalConnections
[00:38:56:308593 --5:00] [Thread 2420] extDB2: SQL_CUSTOM_V2: Error No Custom Call Not Found: Input String insert_infiSTARLog:SuperChil Dayz Exile |Humanity|Deploy Bike|:CONNECTLOG:0 Connected  Aurora(76561198072397859) Owner  3, first connected   , last connected   , connections  0
[00:38:56:308629 --5:00] [Thread 2420] extDB2: SQL_CUSTOM_V2: Error No Custom Call Not Found: Callname insert_infiSTARLog
[00:38:56:312871 --5:00] [Thread 2420] extDB2: SQL_CUSTOM_V2: Error No Custom Call Not Found: Input String insert_infiSTARLog:SuperChil Dayz Exile |Humanity|Deploy Bike|:CONNECTLOG:TOKEN [kpdxhnng4fq3dke2x] FOR Aurora(76561198072397859) OWNER  3, ID  1.21039e+009, JIP  true
[00:38:56:312904 --5:00] [Thread 2420] extDB2: SQL_CUSTOM_V2: Error No Custom Call Not Found: Callname insert_infiSTARLog
[00:38:56:809811 --5:00] [Thread 536] extDB2: SQL_CUSTOM_V2: Error No Custom Call Not Found: Input String getTotalConnections:76561198100309836
[00:38:56:809868 --5:00] [Thread 536] extDB2: SQL_CUSTOM_V2: Error No Custom Call Not Found: Callname getTotalConnections
[00:38:56:810263 --5:00] [Thread 2420] extDB2: SQL_CUSTOM_V2: Error No Custom Call Not Found: Input String insert_infiSTARLog:SuperChil Dayz Exile |Humanity|Deploy Bike|:CONNECTLOG:0 Connected  A. Stec(76561198100309836) Owner  4, first connected   , last connected   , connections  0
[00:38:56:810301 --5:00] [Thread 2420] extDB2: SQL_CUSTOM_V2: Error No Custom Call Not Found: Callname insert_infiSTARLog
[00:38:56:813185 --5:00] [Thread 2420] extDB2: SQL_CUSTOM_V2: Error No Custom Call Not Found: Input String insert_infiSTARLog:SuperChil Dayz Exile |Humanity|Deploy Bike|:CONNECTLOG:TOKEN [fvt1k77cfmdykz66y0e] FOR A. Stec(76561198100309836) OWNER  4, ID  5.57065e+008, JIP  true
[00:38:56:813220 --5:00] [Thread 2420] extDB2: SQL_CUSTOM_V2: Error No Custom Call Not Found: Callname insert_infiSTARLog
[00:38:58:092428 --5:00] [Thread 2420] extDB2: SQL_CUSTOM_V2: Error No Custom Call Not Found: Input String insert_infiSTARLog:SuperChil Dayz Exile |Humanity|Deploy Bike|:CONNECTLOG:1 Connected  A. Stec(76561198100309836) Owner  4, SteamName  AnthonyS117   [UpTime  0h 0min 11s - ServerFPS  44.9438]
[00:38:58:092564 --5:00] [Thread 2420] extDB2: SQL_CUSTOM_V2: Error No Custom Call Not Found: Callname insert_infiSTARLog
[00:38:58:523990 --5:00] [Thread 2420] extDB2: SQL_CUSTOM_V2: Error No Custom Call Not Found: Input String insert_infiSTARLog:SuperChil Dayz Exile |Humanity|Deploy Bike|:CONNECTLOG:1 Connected  Aurora(76561198072397859) Owner  3, SteamName  deltagi   [UpTime  0h 0min 11s - ServerFPS  45.8453]
[00:38:58:524037 --5:00] [Thread 2420] extDB2: SQL_CUSTOM_V2: Error No Custom Call Not Found: Callname insert_infiSTARLog
[00:39:08:642285 --5:00] [Thread 2420] extDB2: SQL_CUSTOM_V2: Error No Custom Call Not Found: Input String insert_infiSTARLog:SuperChil Dayz Exile |Humanity|Deploy Bike|:ADMINLOG:Aurora(76561198072397859) | UnlimAmmo - ON
[00:39:08:642347 --5:00] [Thread 2420] extDB2: SQL_CUSTOM_V2: Error No Custom Call Not Found: Callname insert_infiSTARLog
[00:39:17:815986 --5:00] [Thread 2420] extDB2: SQL_CUSTOM_V2: Error No Custom Call Not Found: Input String insert_infiSTARLog:SuperChil Dayz Exile |Humanity|Deploy Bike|:ADMINLOG:Aurora(76561198072397859) | God Mode - ON
[00:39:17:816035 --5:00] [Thread 2420] extDB2: SQL_CUSTOM_V2: Error No Custom Call Not Found: Callname insert_infiSTARLog
[00:39:21:116576 --5:00] [Thread 2420] extDB2: SQL_CUSTOM_V2: Error No Custom Call Not Found: Input String insert_infiSTARLog:SuperChil Dayz Exile |Humanity|Deploy Bike|:ADMINLOG:Aurora(76561198072397859) | Teleport to [6282.42,9927.31,0](GPS  062054)
[00:39:21:116626 --5:00] [Thread 2420] extDB2: SQL_CUSTOM_V2: Error No Custom Call Not Found: Callname insert_infiSTARLog
[00:39:48:571519 --5:00] [Thread 2420] extDB2: SQL_CUSTOM_V2: Error No Custom Call Not Found: Input String insert_infiSTARLog:SuperChil Dayz Exile |Humanity|Deploy Bike|:netids:Aurora(76561198072397859) - R Pulkovo Bandits 1 (Aurora) REMOTE, Exile_Unit_Player - 2 548 - 3
[00:39:48:571575 --5:00] [Thread 2420] extDB2: SQL_CUSTOM_V2: Error No Custom Call Not Found: Callname insert_infiSTARLog
[00:39:48:596033 --5:00] [Thread 2420] extDB2: SQL_CUSTOM_V2: Error No Custom Call Not Found: Input String insert_infiSTARLog:SuperChil Dayz Exile |Humanity|Deploy Bike|:netids:A. Stec(76561198100309836) - R Alpha 1-2 1 (A. Stec) REMOTE, Exile_Unit_Player - 2 540 - 4
[00:39:48:596076 --5:00] [Thread 2420] extDB2: SQL_CUSTOM_V2: Error No Custom Call Not Found: Callname insert_infiSTARLog
[00:39:51:546570 --5:00] [Thread 2420] extDB2: SQL_CUSTOM_V2: Error No Custom Call Not Found: Input String insert_infiSTARLog:SuperChil Dayz Exile |Humanity|Deploy Bike|:ADMINLOG:Aurora(76561198072397859) | Teleport to [5624.67,9231.08,0](GPS  056061)
[00:39:51:546622 --5:00] [Thread 2420] extDB2: SQL_CUSTOM_V2: Error No Custom Call Not Found: Callname insert_infiSTARLog
[00:39:52:223416 --5:00] [Thread 2420] extDB2: SQL_CUSTOM_V2: Error No Custom Call Not Found: Input String insert_infiSTARLog:SuperChil Dayz Exile |Humanity|Deploy Bike|:ADMINLOG:A. Stec(76561198100309836) | Teleport to [6323.14,10001.7,0](GPS  063053)
[00:39:52:223463 --5:00] [Thread 2420] extDB2: SQL_CUSTOM_V2: Error No Custom Call Not Found: Callname insert_infiSTARLog
[00:40:09:251895 --5:00] [Thread 2420] extDB2: SQL_CUSTOM_V2: Error No Custom Call Not Found: Input String insert_infiSTARLog:SuperChil Dayz Exile |Humanity|Deploy Bike|:ADMINLOG:A. Stec(76561198100309836) | Teleport to [5954.31,9555.92,0](GPS  059058)
[00:40:09:251979 --5:00] [Thread 2420] extDB2: SQL_CUSTOM_V2: Error No Custom Call Not Found: Callname insert_infiSTARLog
[00:40:33:774576 --5:00] [Thread 2420] extDB2: SQL_CUSTOM_V2: Error No Custom Call Not Found: Input String insert_infiSTARLog:SuperChil Dayz Exile |Humanity|Deploy Bike|:netids:A. Stec(76561198100309836) - R Pulkovo Bandits 2 (A. Stec) REMOTE, Exile_Unit_Player - 2 703 - 4
[00:40:33:774633 --5:00] [Thread 2420] extDB2: SQL_CUSTOM_V2: Error No Custom Call Not Found: Callname insert_infiSTARLog
[00:40:34:774977 --5:00] [Thread 2420] extDB2: SQL_CUSTOM_V2: Error No Custom Call Not Found: Input String insert_infiSTARLog:SuperChil Dayz Exile |Humanity|Deploy Bike|:ADMINLOG:A. Stec(76561198100309836) | Loaded Loadout [hero]
[00:40:34:775028 --5:00] [Thread 2420] extDB2: SQL_CUSTOM_V2: Error No Custom Call Not Found: Callname insert_infiSTARLog
[00:40:54:424612 --5:00] [Thread 2420] extDB2: SQL_CUSTOM_V2: Error No Custom Call Not Found: Input String insert_infiSTARLog:SuperChil Dayz Exile |Humanity|Deploy Bike|:ADMINLOG:Aurora(76561198072397859) | spawning HMMWV (Unarmed) (CUP_B_HMMWV_Unarmed_USMC) (NonPersistent)
[00:40:54:424708 --5:00] [Thread 2420] extDB2: SQL_CUSTOM_V2: Error No Custom Call Not Found: Callname insert_infiSTARLog
[00:41:00:372336 --5:00] [Thread 2420] extDB2: SQL_CUSTOM_V2: Error No Custom Call Not Found: Input String insert_infiSTARLog:SuperChil Dayz Exile |Humanity|Deploy Bike|:ADMINLOG:Aurora(76561198072397859) | God Mode - OFF
[00:41:00:372394 --5:00] [Thread 2420] extDB2: SQL_CUSTOM_V2: Error No Custom Call Not Found: Callname insert_infiSTARLog
[00:41:01:089277 --5:00] [Thread 2420] extDB2: SQL_CUSTOM_V2: Error No Custom Call Not Found: Input String insert_infiSTARLog:SuperChil Dayz Exile |Humanity|Deploy Bike|:ADMINLOG:Aurora(76561198072397859) | UnlimAmmo - OFF
[00:41:01:089358 --5:00] [Thread 2420] extDB2: SQL_CUSTOM_V2: Error No Custom Call Not Found: Callname insert_infiSTARLog
[00:41:14:876128 --5:00] [Thread 2420] extDB2: SQL_CUSTOM_V2: Error No Custom Call Not Found: Input String insert_infiSTARLog:SuperChil Dayz Exile |Humanity|Deploy Bike|:ADMINLOG:Aurora(76561198072397859) | Teleport - Target To Me - A. Stec(76561198100309836)
[00:41:14:876222 --5:00] [Thread 2420] extDB2: SQL_CUSTOM_V2: Error No Custom Call Not Found: Callname insert_infiSTARLog
[00:41:14:880500 --5:00] [Thread 2420] extDB2: SQL_CUSTOM_V2: Error No Custom Call Not Found: Input String insert_infiSTARLog:SuperChil Dayz Exile |Humanity|Deploy Bike|:ADMINLOG:Aurora(76561198072397859) | Teleported A. Stec(76561198100309836) from [6768.09,2764.82,0.00143909](067125) to [5634.66,9231.64,0.336377](056061)  (6565m)
[00:41:14:880530 --5:00] [Thread 2420] extDB2: SQL_CUSTOM_V2: Error No Custom Call Not Found: Callname insert_infiSTARLog
[00:41:36:948913 --5:00] [Thread 2420] extDB2: SQL_CUSTOM_V2: Error No Custom Call Not Found: Input String insert_infiSTARLog:SuperChil Dayz Exile |Humanity|Deploy Bike|:ADMINLOG:A. Stec(76561198100309836) | Spawning M4 VLTOR (arifle_mas_m4vlt) on A. Stec!
[00:41:36:948995 --5:00] [Thread 2420] extDB2: SQL_CUSTOM_V2: Error No Custom Call Not Found: Callname insert_infiSTARLog
[00:41:59:959592 --5:00] [Thread 2420] extDB2: SQL_CUSTOM_V2: Error No Custom Call Not Found: Input String insert_infiSTARLog:SuperChil Dayz Exile |Humanity|Deploy Bike|:ADMINLOG:A. Stec(76561198100309836) | Spawning 30rnd 5.56mm STANAG (30Rnd_mas_556x45_Stanag) on A. Stec!
[00:41:59:959656 --5:00] [Thread 2420] extDB2: SQL_CUSTOM_V2: Error No Custom Call Not Found: Callname insert_infiSTARLog
[00:42:00:907710 --5:00] [Thread 2420] extDB2: SQL_CUSTOM_V2: Error No Custom Call Not Found: Input String insert_infiSTARLog:SuperChil Dayz Exile |Humanity|Deploy Bike|:ADMINLOG:A. Stec(76561198100309836) | Spawning 30rnd 5.56mm STANAG (30Rnd_mas_556x45_Stanag) on A. Stec!
[00:42:00:907788 --5:00] [Thread 2420] extDB2: SQL_CUSTOM_V2: Error No Custom Call Not Found: Callname insert_infiSTARLog
[00:42:01:362438 --5:00] [Thread 2420] extDB2: SQL_CUSTOM_V2: Error No Custom Call Not Found: Input String insert_infiSTARLog:SuperChil Dayz Exile |Humanity|Deploy Bike|:ADMINLOG:A. Stec(76561198100309836) | Spawning 30rnd 5.56mm STANAG (30Rnd_mas_556x45_Stanag) on A. Stec!
[00:42:01:362484 --5:00] [Thread 2420] extDB2: SQL_CUSTOM_V2: Error No Custom Call Not Found: Callname insert_infiSTARLog
[00:42:01:689490 --5:00] [Thread 2420] extDB2: SQL_CUSTOM_V2: Error No Custom Call Not Found: Input String insert_infiSTARLog:SuperChil Dayz Exile |Humanity|Deploy Bike|:ADMINLOG:A. Stec(76561198100309836) | Spawning 30rnd 5.56mm STANAG (30Rnd_mas_556x45_Stanag) on A. Stec!
[00:42:01:689546 --5:00] [Thread 2420] extDB2: SQL_CUSTOM_V2: Error No Custom Call Not Found: Callname insert_infiSTARLog
[00:42:02:034169 --5:00] [Thread 2420] extDB2: SQL_CUSTOM_V2: Error No Custom Call Not Found: Input String insert_infiSTARLog:SuperChil Dayz Exile |Humanity|Deploy Bike|:ADMINLOG:A. Stec(76561198100309836) | Spawning 30rnd 5.56mm STANAG (30Rnd_mas_556x45_Stanag) on A. Stec!
[00:42:02:034211 --5:00] [Thread 2420] extDB2: SQL_CUSTOM_V2: Error No Custom Call Not Found: Callname insert_infiSTARLog
[00:42:02:416812 --5:00] [Thread 2420] extDB2: SQL_CUSTOM_V2: Error No Custom Call Not Found: Input String insert_infiSTARLog:SuperChil Dayz Exile |Humanity|Deploy Bike|:ADMINLOG:A. Stec(76561198100309836) | Spawning 30rnd 5.56mm STANAG (30Rnd_mas_556x45_Stanag) on A. Stec!
[00:42:02:416923 --5:00] [Thread 2420] extDB2: SQL_CUSTOM_V2: Error No Custom Call Not Found: Callname insert_infiSTARLog
[00:42:02:736268 --5:00] [Thread 2420] extDB2: SQL_CUSTOM_V2: Error No Custom Call Not Found: Input String insert_infiSTARLog:SuperChil Dayz Exile |Humanity|Deploy Bike|:ADMINLOG:A. Stec(76561198100309836) | Spawning 30rnd 5.56mm STANAG (30Rnd_mas_556x45_Stanag) on A. Stec!
[00:42:02:736340 --5:00] [Thread 2420] extDB2: SQL_CUSTOM_V2: Error No Custom Call Not Found: Callname insert_infiSTARLog
[00:42:03:836982 --5:00] [Thread 2420] extDB2: SQL_CUSTOM_V2: Error No Custom Call Not Found: Input String insert_infiSTARLog:SuperChil Dayz Exile |Humanity|Deploy Bike|:ADMINLOG:A. Stec(76561198100309836) | Spawning 30rnd 5.56mm STANAG (30Rnd_mas_556x45_Stanag) on A. Stec!
[00:42:03:837029 --5:00] [Thread 2420] extDB2: SQL_CUSTOM_V2: Error No Custom Call Not Found: Callname insert_infiSTARLog
[00:42:04:440461 --5:00] [Thread 2420] extDB2: SQL_CUSTOM_V2: Error No Custom Call Not Found: Input String insert_infiSTARLog:SuperChil Dayz Exile |Humanity|Deploy Bike|:ADMINLOG:A. Stec(76561198100309836) | Spawning 30rnd 5.56mm STANAG (30Rnd_mas_556x45_Stanag) on A. Stec!
[00:42:04:440508 --5:00] [Thread 2420] extDB2: SQL_CUSTOM_V2: Error No Custom Call Not Found: Callname insert_infiSTARLog
[00:42:16:421679 --5:00] [Thread 2420] extDB2: SQL_CUSTOM_V2: Error No Custom Call Not Found: Input String insert_infiSTARLog:SuperChil Dayz Exile |Humanity|Deploy Bike|:ADMINLOG:A. Stec(76561198100309836) | Spawning ARCO (optic_Arco) on A. Stec!
[00:42:16:421737 --5:00] [Thread 2420] extDB2: SQL_CUSTOM_V2: Error No Custom Call Not Found: Callname insert_infiSTARLog
[00:43:00:601070 --5:00] [Thread 2420] extDB2: SQL_CUSTOM_V2: Error No Custom Call Not Found: Input String insert_infiSTARLog:SuperChil Dayz Exile |Humanity|Deploy Bike|:ADMINLOG:A. Stec(76561198100309836) | Spawning Carrier Rig (Green) (V_PlateCarrier2_rgr) on A. Stec!
[00:43:00:601129 --5:00] [Thread 2420] extDB2: SQL_CUSTOM_V2: Error No Custom Call Not Found: Callname insert_infiSTARLog
[00:43:12:303475 --5:00] [Thread 2420] extDB2: SQL_CUSTOM_V2: Error No Custom Call Not Found: Input String insert_infiSTARLog:SuperChil Dayz Exile |Humanity|Deploy Bike|:ADMINLOG:Aurora(76561198072397859) | Spawning L119A1 M203 Des holo (arifle_mas_l119_m203_d_e) on A. Stec!
[00:43:12:303530 --5:00] [Thread 2420] extDB2: SQL_CUSTOM_V2: Error No Custom Call Not Found: Callname insert_infiSTARLog
[00:43:47:416335 --5:00] [Thread 2420] extDB2: SQL_CUSTOM_V2: Error No Custom Call Not Found: Input String insert_infiSTARLog:SuperChil Dayz Exile |Humanity|Deploy Bike|:ADMINLOG:A. Stec(76561198100309836) | Spawning TRYK Alicepack (TRYK_B_Alicepack) on A. Stec!
[00:43:47:416439 --5:00] [Thread 2420] extDB2: SQL_CUSTOM_V2: Error No Custom Call Not Found: Callname insert_infiSTARLog
[00:43:57:153098 --5:00] [Thread 9104] extDB2: SQL_CUSTOM_V2: Error No Custom Call Not Found: Input String insert_infiSTARLog:SuperChil Dayz Exile |Humanity|Deploy Bike|:ADMINLOG:Aurora(76561198072397859) | Spawning G36 C (CUP_arifle_G36C_holo_snds) on Aurora!
[00:43:57:153162 --5:00] [Thread 9104] extDB2: SQL_CUSTOM_V2: Error No Custom Call Not Found: Callname insert_infiSTARLog
[00:44:13:536370 --5:00] [Thread 9104] extDB2: SQL_CUSTOM_V2: Error No Custom Call Not Found: Input String insert_infiSTARLog:SuperChil Dayz Exile |Humanity|Deploy Bike|:ADMINLOG:Aurora(76561198072397859) | Spawning G36 Mag. (CUP_30Rnd_556x45_G36) on Aurora!
[00:44:13:536443 --5:00] [Thread 9104] extDB2: SQL_CUSTOM_V2: Error No Custom Call Not Found: Callname insert_infiSTARLog
[00:44:14:442353 --5:00] [Thread 9104] extDB2: SQL_CUSTOM_V2: Error No Custom Call Not Found: Input String insert_infiSTARLog:SuperChil Dayz Exile |Humanity|Deploy Bike|:ADMINLOG:Aurora(76561198072397859) | Spawning G36 Mag. (CUP_30Rnd_556x45_G36) on Aurora!
[00:44:14:442403 --5:00] [Thread 9104] extDB2: SQL_CUSTOM_V2: Error No Custom Call Not Found: Callname insert_infiSTARLog
[00:44:14:749756 --5:00] [Thread 9104] extDB2: SQL_CUSTOM_V2: Error No Custom Call Not Found: Input String insert_infiSTARLog:SuperChil Dayz Exile |Humanity|Deploy Bike|:ADMINLOG:Aurora(76561198072397859) | Spawning G36 Mag. (CUP_30Rnd_556x45_G36) on Aurora!
[00:44:14:749830 --5:00] [Thread 9104] extDB2: SQL_CUSTOM_V2: Error No Custom Call Not Found: Callname insert_infiSTARLog
[00:44:15:097694 --5:00] [Thread 9104] extDB2: SQL_CUSTOM_V2: Error No Custom Call Not Found: Input String insert_infiSTARLog:SuperChil Dayz Exile |Humanity|Deploy Bike|:ADMINLOG:Aurora(76561198072397859) | Spawning G36 Mag. (CUP_30Rnd_556x45_G36) on Aurora!
[00:44:15:097777 --5:00] [Thread 9104] extDB2: SQL_CUSTOM_V2: Error No Custom Call Not Found: Callname insert_infiSTARLog
[00:44:15:401306 --5:00] [Thread 9104] extDB2: SQL_CUSTOM_V2: Error No Custom Call Not Found: Input String insert_infiSTARLog:SuperChil Dayz Exile |Humanity|Deploy Bike|:ADMINLOG:Aurora(76561198072397859) | Spawning G36 Mag. (CUP_30Rnd_556x45_G36) on Aurora!
[00:44:15:401385 --5:00] [Thread 9104] extDB2: SQL_CUSTOM_V2: Error No Custom Call Not Found: Callname insert_infiSTARLog
[00:44:15:831232 --5:00] [Thread 9104] extDB2: SQL_CUSTOM_V2: Error No Custom Call Not Found: Input String insert_infiSTARLog:SuperChil Dayz Exile |Humanity|Deploy Bike|:ADMINLOG:Aurora(76561198072397859) | Spawning G36 Mag. (CUP_30Rnd_556x45_G36) on Aurora!
[00:44:15:831279 --5:00] [Thread 9104] extDB2: SQL_CUSTOM_V2: Error No Custom Call Not Found: Callname insert_infiSTARLog
[00:44:16:218839 --5:00] [Thread 9104] extDB2: SQL_CUSTOM_V2: Error No Custom Call Not Found: Input String insert_infiSTARLog:SuperChil Dayz Exile |Humanity|Deploy Bike|:ADMINLOG:Aurora(76561198072397859) | Spawning G36 Mag. (CUP_30Rnd_556x45_G36) on Aurora!
[00:44:16:218890 --5:00] [Thread 9104] extDB2: SQL_CUSTOM_V2: Error No Custom Call Not Found: Callname insert_infiSTARLog
[00:44:16:936593 --5:00] [Thread 9104] extDB2: SQL_CUSTOM_V2: Error No Custom Call Not Found: Input String insert_infiSTARLog:SuperChil Dayz Exile |Humanity|Deploy Bike|:ADMINLOG:Aurora(76561198072397859) | Spawning G36 Mag. (CUP_30Rnd_556x45_G36) on Aurora!
[00:44:16:936643 --5:00] [Thread 9104] extDB2: SQL_CUSTOM_V2: Error No Custom Call Not Found: Callname insert_infiSTARLog
[00:44:19:011305 --5:00] [Thread 9104] extDB2: SQL_CUSTOM_V2: Error No Custom Call Not Found: Input String insert_infiSTARLog:SuperChil Dayz Exile |Humanity|Deploy Bike|:ADMINLOG:A. Stec(76561198100309836) | Spawning M4 VLTOR (arifle_mas_m4vlt) on A. Stec!
[00:44:19:011362 --5:00] [Thread 9104] extDB2: SQL_CUSTOM_V2: Error No Custom Call Not Found: Callname insert_infiSTARLog
[00:44:29:004287 --5:00] [Thread 9104] extDB2: SQL_CUSTOM_V2: Error No Custom Call Not Found: Input String insert_infiSTARLog:SuperChil Dayz Exile |Humanity|Deploy Bike|:ADMINLOG:A. Stec(76561198100309836) | Spawning ARCO (optic_Arco) on A. Stec!
[00:44:29:004380 --5:00] [Thread 9104] extDB2: SQL_CUSTOM_V2: Error No Custom Call Not Found: Callname insert_infiSTARLog
[00:44:30:302153 --5:00] [Thread 9104] extDB2: SQL_CUSTOM_V2: Error No Custom Call Not Found: Input String insert_infiSTARLog:SuperChil Dayz Exile |Humanity|Deploy Bike|:ADMINLOG:Aurora(76561198072397859) | Spawning Sound Suppressor (5.56 mm) (muzzle_snds_M) on Aurora!
[00:44:30:302206 --5:00] [Thread 9104] extDB2: SQL_CUSTOM_V2: Error No Custom Call Not Found: Callname insert_infiSTARLog
[00:44:37:611852 --5:00] [Thread 9104] extDB2: SQL_CUSTOM_V2: Error No Custom Call Not Found: Input String insert_infiSTARLog:SuperChil Dayz Exile |Humanity|Deploy Bike|:ADMINLOG:A. Stec(76561198100309836) | Spawning 30rnd 5.56mm STANAG (30Rnd_mas_556x45_Stanag) on A. Stec!
[00:44:37:611908 --5:00] [Thread 9104] extDB2: SQL_CUSTOM_V2: Error No Custom Call Not Found: Callname insert_infiSTARLog
[00:44:38:258431 --5:00] [Thread 9104] extDB2: SQL_CUSTOM_V2: Error No Custom Call Not Found: Input String insert_infiSTARLog:SuperChil Dayz Exile |Humanity|Deploy Bike|:ADMINLOG:A. Stec(76561198100309836) | Spawning 30rnd 5.56mm STANAG (30Rnd_mas_556x45_Stanag) on A. Stec!
[00:44:38:258478 --5:00] [Thread 9104] extDB2: SQL_CUSTOM_V2: Error No Custom Call Not Found: Callname insert_infiSTARLog
[00:44:38:647432 --5:00] [Thread 9104] extDB2: SQL_CUSTOM_V2: Error No Custom Call Not Found: Input String insert_infiSTARLog:SuperChil Dayz Exile |Humanity|Deploy Bike|:ADMINLOG:A. Stec(76561198100309836) | Spawning 30rnd 5.56mm STANAG (30Rnd_mas_556x45_Stanag) on A. Stec!
[00:44:38:647512 --5:00] [Thread 9104] extDB2: SQL_CUSTOM_V2: Error No Custom Call Not Found: Callname insert_infiSTARLog
[00:44:38:927077 --5:00] [Thread 9104] extDB2: SQL_CUSTOM_V2: Error No Custom Call Not Found: Input String insert_infiSTARLog:SuperChil Dayz Exile |Humanity|Deploy Bike|:ADMINLOG:A. Stec(76561198100309836) | Spawning 30rnd 5.56mm STANAG (30Rnd_mas_556x45_Stanag) on A. Stec!
[00:44:38:927128 --5:00] [Thread 9104] extDB2: SQL_CUSTOM_V2: Error No Custom Call Not Found: Callname insert_infiSTARLog
[00:44:39:226516 --5:00] [Thread 9104] extDB2: SQL_CUSTOM_V2: Error No Custom Call Not Found: Input String insert_infiSTARLog:SuperChil Dayz Exile |Humanity|Deploy Bike|:ADMINLOG:A. Stec(76561198100309836) | Spawning 30rnd 5.56mm STANAG (30Rnd_mas_556x45_Stanag) on A. Stec!
[00:44:39:226580 --5:00] [Thread 9104] extDB2: SQL_CUSTOM_V2: Error No Custom Call Not Found: Callname insert_infiSTARLog
[00:44:39:532736 --5:00] [Thread 9104] extDB2: SQL_CUSTOM_V2: Error No Custom Call Not Found: Input String insert_infiSTARLog:SuperChil Dayz Exile |Humanity|Deploy Bike|:ADMINLOG:A. Stec(76561198100309836) | Spawning 30rnd 5.56mm STANAG (30Rnd_mas_556x45_Stanag) on A. Stec!
[00:44:39:532783 --5:00] [Thread 9104] extDB2: SQL_CUSTOM_V2: Error No Custom Call Not Found: Callname insert_infiSTARLog
[00:44:39:834792 --5:00] [Thread 9104] extDB2: SQL_CUSTOM_V2: Error No Custom Call Not Found: Input String insert_infiSTARLog:SuperChil Dayz Exile |Humanity|Deploy Bike|:ADMINLOG:A. Stec(76561198100309836) | Spawning 30rnd 5.56mm STANAG (30Rnd_mas_556x45_Stanag) on A. Stec!
[00:44:39:834878 --5:00] [Thread 9104] extDB2: SQL_CUSTOM_V2: Error No Custom Call Not Found: Callname insert_infiSTARLog
[00:44:40:545330 --5:00] [Thread 9104] extDB2: SQL_CUSTOM_V2: Error No Custom Call Not Found: Input String insert_infiSTARLog:SuperChil Dayz Exile |Humanity|Deploy Bike|:ADMINLOG:A. Stec(76561198100309836) | Spawning 30rnd 5.56mm STANAG (30Rnd_mas_556x45_Stanag) on A. Stec!
[00:44:40:545378 --5:00] [Thread 9104] extDB2: SQL_CUSTOM_V2: Error No Custom Call Not Found: Callname insert_infiSTARLog
[00:44:41:041652 --5:00] [Thread 9104] extDB2: SQL_CUSTOM_V2: Error No Custom Call Not Found: Input String insert_infiSTARLog:SuperChil Dayz Exile |Humanity|Deploy Bike|:ADMINLOG:A. Stec(76561198100309836) | Spawning 30rnd 5.56mm STANAG (30Rnd_mas_556x45_Stanag) on A. Stec!
[00:44:41:041698 --5:00] [Thread 9104] extDB2: SQL_CUSTOM_V2: Error No Custom Call Not Found: Callname insert_infiSTARLog
[00:44:45:715008 --5:00] [Thread 9104] extDB2: SQL_CUSTOM_V2: Error No Custom Call Not Found: Input String insert_infiSTARLog:SuperChil Dayz Exile |Humanity|Deploy Bike|:ADMINLOG:Aurora(76561198072397859) | Spawning G36 Silencer (Black) (CUP_muzzle_snds_G36_black) on Aurora!
[00:44:45:715063 --5:00] [Thread 9104] extDB2: SQL_CUSTOM_V2: Error No Custom Call Not Found: Callname insert_infiSTARLog
[00:44:51:429899 --5:00] [Thread 9104] extDB2: SQL_CUSTOM_V2: Error No Custom Call Not Found: Input String insert_infiSTARLog:SuperChil Dayz Exile |Humanity|Deploy Bike|:ADMINLOG:A. Stec(76561198100309836) | Spawning Sound Suppressor (5.56 mm, Sand) (muzzle_snds_m_snd_F) on A. Stec!
[00:44:51:429955 --5:00] [Thread 9104] extDB2: SQL_CUSTOM_V2: Error No Custom Call Not Found: Callname insert_infiSTARLog
[00:45:02:372207 --5:00] [Thread 9104] extDB2: SQL_CUSTOM_V2: Error No Custom Call Not Found: Input String insert_infiSTARLog:SuperChil Dayz Exile |Humanity|Deploy Bike|:ADMINLOG:Aurora(76561198072397859) | Spawning EoTech Holo (Black) (CUP_optic_HoloBlack) on Aurora!
[00:45:02:372261 --5:00] [Thread 9104] extDB2: SQL_CUSTOM_V2: Error No Custom Call Not Found: Callname insert_infiSTARLog
[00:45:14:530210 --5:00] [Thread 9104] extDB2: SQL_CUSTOM_V2: Error No Custom Call Not Found: Input String insert_infiSTARLog:SuperChil Dayz Exile |Humanity|Deploy Bike|:ADMINLOG:A. Stec(76561198100309836) | Spawning Sound Suppressor (5.56 mm) (muzzle_snds_M) on A. Stec!
[00:45:14:530312 --5:00] [Thread 9104] extDB2: SQL_CUSTOM_V2: Error No Custom Call Not Found: Callname insert_infiSTARLog
[00:47:19:934439 --5:00] [Thread 2420] extDB2: SQL_CUSTOM_V2: Error No Custom Call Not Found: Input String insert_infiSTARLog:SuperChil Dayz Exile |Humanity|Deploy Bike|:CONNECTLOG:2 Disconnected  Aurora(76561198072397859) Owner  3, SteamName  deltagi
[00:47:19:934505 --5:00] [Thread 2420] extDB2: SQL_CUSTOM_V2: Error No Custom Call Not Found: Callname insert_infiSTARLog
[00:47:41:099075 --5:00] [Thread 536] extDB2: Stopping ...
