extDB2: Version: 70
extDB2: https://github.com/Torndeco/extDB2
extDB2: Windows Version
Message: All development for extDB2 is done on a Linux Dedicated Server
Message: If you would like to Donate to extDB2 Development
Message: https://www.paypal.com/cgi-bin/webscr?cmd=_s-xclick&hosted_button_id=2SUEFTGABTAM2
Message: Also leave a message if there is any particular feature you would like to see added.
Message: Thanks for all the people that have donated.
Message: Torndeco: 20/02/15


extDB2: Found extdb-conf.ini
extDB2: Detected 2 Cores, Setting up 2 Worker Threads


[01:04:44:092969 --5:00] [Thread 736] extDB2: Database Type: MySQL
[01:04:44:106595 --5:00] [Thread 736] extDB2: Database Session Pool Started
[01:04:44:109263 --5:00] [Thread 736] extDB2: SQL_CUSTOM_V2: Loading Template Filename: C:\Users\xdelt\Desktop\Exile Server Chernarus\steamapps\common\Arma 3 Server\@ExileServer\extDB\sql_custom_v2\exile.ini
[01:04:44:109483 --5:00] [Thread 736] extDB2: SQL_CUSTOM_V2: Version 12 Detected, Latest Version 12 Available
[01:04:44:249363 --5:00] [Thread 8688] extDB2: SQL_CUSTOM_V2: Error No Custom Call Not Found: Input String insert_infiSTARLog:SuperChil Dayz Exile |Humanity|Deploy Bike|:SERVER_INFO:[SERVER START] TIME  0 || EMAIL  joelawm@gmail.com || VERSION  07-Mar-2017 20-28-27 - v0073 || Local Server Time  [2017,5,25,1,4]
[01:04:44:249409 --5:00] [Thread 8688] extDB2: SQL_CUSTOM_V2: Error No Custom Call Not Found: Callname insert_infiSTARLog
[01:04:44:625194 --5:00] [Thread 8688] extDB2: SQL_CUSTOM_V2: Error No Custom Call Not Found: Input String insert_infiSTARLog:SuperChil Dayz Exile |Humanity|Deploy Bike|:CONNECTLOG:0 Connected  __SERVER__() Owner  2
[01:04:44:625237 --5:00] [Thread 8688] extDB2: SQL_CUSTOM_V2: Error No Custom Call Not Found: Callname insert_infiSTARLog
[01:05:10:244080 --5:00] [Thread 736] extDB2: SQL_CUSTOM_V2: Error No Custom Call Not Found: Input String getTotalConnections:76561198100309836
[01:05:10:244158 --5:00] [Thread 736] extDB2: SQL_CUSTOM_V2: Error No Custom Call Not Found: Callname getTotalConnections
[01:05:10:244483 --5:00] [Thread 8688] extDB2: SQL_CUSTOM_V2: Error No Custom Call Not Found: Input String insert_infiSTARLog:SuperChil Dayz Exile |Humanity|Deploy Bike|:CONNECTLOG:0 Connected  A. Stec(76561198100309836) Owner  4, first connected   , last connected   , connections  0
[01:05:10:244519 --5:00] [Thread 8688] extDB2: SQL_CUSTOM_V2: Error No Custom Call Not Found: Callname insert_infiSTARLog
[01:05:10:248704 --5:00] [Thread 8688] extDB2: SQL_CUSTOM_V2: Error No Custom Call Not Found: Input String insert_infiSTARLog:SuperChil Dayz Exile |Humanity|Deploy Bike|:CONNECTLOG:TOKEN [lhfxy0rix4imge] FOR A. Stec(76561198100309836) OWNER  4, ID  2.13115e+009, JIP  true
[01:05:10:248732 --5:00] [Thread 8688] extDB2: SQL_CUSTOM_V2: Error No Custom Call Not Found: Callname insert_infiSTARLog
[01:05:10:771509 --5:00] [Thread 736] extDB2: SQL_CUSTOM_V2: Error No Custom Call Not Found: Input String getTotalConnections:76561198072397859
[01:05:10:771561 --5:00] [Thread 736] extDB2: SQL_CUSTOM_V2: Error No Custom Call Not Found: Callname getTotalConnections
[01:05:10:771879 --5:00] [Thread 8688] extDB2: SQL_CUSTOM_V2: Error No Custom Call Not Found: Input String insert_infiSTARLog:SuperChil Dayz Exile |Humanity|Deploy Bike|:CONNECTLOG:0 Connected  Aurora(76561198072397859) Owner  3, first connected   , last connected   , connections  0
[01:05:10:771917 --5:00] [Thread 8688] extDB2: SQL_CUSTOM_V2: Error No Custom Call Not Found: Callname insert_infiSTARLog
[01:05:10:774732 --5:00] [Thread 8688] extDB2: SQL_CUSTOM_V2: Error No Custom Call Not Found: Input String insert_infiSTARLog:SuperChil Dayz Exile |Humanity|Deploy Bike|:CONNECTLOG:TOKEN [a42qvvy6ft4f4ke0] FOR Aurora(76561198072397859) OWNER  3, ID  6.32213e+008, JIP  true
[01:05:10:774771 --5:00] [Thread 8688] extDB2: SQL_CUSTOM_V2: Error No Custom Call Not Found: Callname insert_infiSTARLog
[01:05:12:038913 --5:00] [Thread 8688] extDB2: SQL_CUSTOM_V2: Error No Custom Call Not Found: Input String insert_infiSTARLog:SuperChil Dayz Exile |Humanity|Deploy Bike|:CONNECTLOG:1 Connected  A. Stec(76561198100309836) Owner  4, SteamName  AnthonyS117   [UpTime  0h 0min 10s - ServerFPS  24.6154]
[01:05:12:039041 --5:00] [Thread 8688] extDB2: SQL_CUSTOM_V2: Error No Custom Call Not Found: Callname insert_infiSTARLog
[01:05:12:514098 --5:00] [Thread 8688] extDB2: SQL_CUSTOM_V2: Error No Custom Call Not Found: Input String insert_infiSTARLog:SuperChil Dayz Exile |Humanity|Deploy Bike|:CONNECTLOG:1 Connected  Aurora(76561198072397859) Owner  3, SteamName  deltagi   [UpTime  0h 0min 11s - ServerFPS  46.1095]
[01:05:12:514150 --5:00] [Thread 8688] extDB2: SQL_CUSTOM_V2: Error No Custom Call Not Found: Callname insert_infiSTARLog
[01:05:22:542190 --5:00] [Thread 8688] extDB2: SQL_CUSTOM_V2: Error No Custom Call Not Found: Input String insert_infiSTARLog:SuperChil Dayz Exile |Humanity|Deploy Bike|:ADMINLOG:Aurora(76561198072397859) | UnlimAmmo - ON
[01:05:22:542261 --5:00] [Thread 8688] extDB2: SQL_CUSTOM_V2: Error No Custom Call Not Found: Callname insert_infiSTARLog
[01:05:35:731908 --5:00] [Thread 8688] extDB2: SQL_CUSTOM_V2: Error No Custom Call Not Found: Input String insert_infiSTARLog:SuperChil Dayz Exile |Humanity|Deploy Bike|:ADMINLOG:A. Stec(76561198100309836) | Teleport to [4975.19,7212.45,0](GPS  049081)
[01:05:35:731966 --5:00] [Thread 8688] extDB2: SQL_CUSTOM_V2: Error No Custom Call Not Found: Callname insert_infiSTARLog
[01:05:50:783272 --5:00] [Thread 5648] extDB2: SQL_CUSTOM_V2: Error No Custom Call Not Found: Input String insert_infiSTARLog:SuperChil Dayz Exile |Humanity|Deploy Bike|:ADMINLOG:A. Stec(76561198100309836) | Loaded Loadout [hero 2]
[01:05:50:783329 --5:00] [Thread 5648] extDB2: SQL_CUSTOM_V2: Error No Custom Call Not Found: Callname insert_infiSTARLog
[01:05:57:197916 --5:00] [Thread 5648] extDB2: SQL_CUSTOM_V2: Error No Custom Call Not Found: Input String insert_infiSTARLog:SuperChil Dayz Exile |Humanity|Deploy Bike|:ADMINLOG:Aurora(76561198072397859) | Teleport to [11755.6,8328.8,0](GPS  117070)
[01:05:57:197976 --5:00] [Thread 5648] extDB2: SQL_CUSTOM_V2: Error No Custom Call Not Found: Callname insert_infiSTARLog
[01:06:02:857763 --5:00] [Thread 5648] extDB2: SQL_CUSTOM_V2: Error No Custom Call Not Found: Input String insert_infiSTARLog:SuperChil Dayz Exile |Humanity|Deploy Bike|:netids:A. Stec(76561198100309836) - R Pulkovo Bandits 1 (A. Stec) REMOTE, Exile_Unit_Player - 2 529 - 4
[01:06:02:857820 --5:00] [Thread 5648] extDB2: SQL_CUSTOM_V2: Error No Custom Call Not Found: Callname insert_infiSTARLog
[01:06:02:860239 --5:00] [Thread 5648] extDB2: SQL_CUSTOM_V2: Error No Custom Call Not Found: Input String insert_infiSTARLog:SuperChil Dayz Exile |Humanity|Deploy Bike|:netids:Aurora(76561198072397859) - R Pulkovo Bandits 3 (Aurora) REMOTE, Exile_Unit_Player - 2 549 - 3
[01:06:02:860268 --5:00] [Thread 5648] extDB2: SQL_CUSTOM_V2: Error No Custom Call Not Found: Callname insert_infiSTARLog
[01:06:04:907551 --5:00] [Thread 5648] extDB2: SQL_CUSTOM_V2: Error No Custom Call Not Found: Input String insert_infiSTARLog:SuperChil Dayz Exile |Humanity|Deploy Bike|:ADMINLOG:A. Stec(76561198100309836) | Teleport to [11741.8,8324.72,0](GPS  117070)
[01:06:04:907606 --5:00] [Thread 5648] extDB2: SQL_CUSTOM_V2: Error No Custom Call Not Found: Callname insert_infiSTARLog
[01:06:05:175376 --5:00] [Thread 5648] extDB2: SQL_CUSTOM_V2: Error No Custom Call Not Found: Input String insert_infiSTARLog:SuperChil Dayz Exile |Humanity|Deploy Bike|:ADMINLOG:Aurora(76561198072397859) | Loaded Loadout [Hero]
[01:06:05:175422 --5:00] [Thread 5648] extDB2: SQL_CUSTOM_V2: Error No Custom Call Not Found: Callname insert_infiSTARLog
[01:06:18:867680 --5:00] [Thread 5648] extDB2: SQL_CUSTOM_V2: Error No Custom Call Not Found: Input String insert_infiSTARLog:SuperChil Dayz Exile |Humanity|Deploy Bike|:ADMINLOG:Aurora(76561198072397859) | spawning HMMWV (Unarmed) (Exile_Car_HMMWV_UNA_Green) (NonPersistent)
[01:06:18:867739 --5:00] [Thread 5648] extDB2: SQL_CUSTOM_V2: Error No Custom Call Not Found: Callname insert_infiSTARLog
[01:06:27:533040 --5:00] [Thread 5648] extDB2: SQL_CUSTOM_V2: Error No Custom Call Not Found: Input String insert_infiSTARLog:SuperChil Dayz Exile |Humanity|Deploy Bike|:ADMINLOG:A. Stec(76561198100309836) | Spawning HK416 CQB (arifle_mas_hk416c) on A. Stec!
[01:06:27:533158 --5:00] [Thread 5648] extDB2: SQL_CUSTOM_V2: Error No Custom Call Not Found: Callname insert_infiSTARLog
[01:06:32:828696 --5:00] [Thread 5648] extDB2: SQL_CUSTOM_V2: Error No Custom Call Not Found: Input String insert_infiSTARLog:SuperChil Dayz Exile |Humanity|Deploy Bike|:ADMINLOG:Aurora(76561198072397859) | spawning HMMWV (M134) (Exile_Car_HMMWV_M134_Desert) (NonPersistent)
[01:06:32:828751 --5:00] [Thread 5648] extDB2: SQL_CUSTOM_V2: Error No Custom Call Not Found: Callname insert_infiSTARLog
[01:06:47:768012 --5:00] [Thread 5648] extDB2: SQL_CUSTOM_V2: Error No Custom Call Not Found: Input String insert_infiSTARLog:SuperChil Dayz Exile |Humanity|Deploy Bike|:ADMINLOG:A. Stec(76561198100309836) | Spawning 15rnd 9mm Mag (15Rnd_mas_9x21_Mag) on A. Stec!
[01:06:47:768074 --5:00] [Thread 5648] extDB2: SQL_CUSTOM_V2: Error No Custom Call Not Found: Callname insert_infiSTARLog
[01:06:52:804193 --5:00] [Thread 5648] extDB2: SQL_CUSTOM_V2: Error No Custom Call Not Found: Input String insert_infiSTARLog:SuperChil Dayz Exile |Humanity|Deploy Bike|:ADMINLOG:A. Stec(76561198100309836) | Spawning 15rnd 9mm Mag (15Rnd_mas_9x21_Mag) on A. Stec!
[01:06:52:804285 --5:00] [Thread 5648] extDB2: SQL_CUSTOM_V2: Error No Custom Call Not Found: Callname insert_infiSTARLog
[01:06:53:693476 --5:00] [Thread 5648] extDB2: SQL_CUSTOM_V2: Error No Custom Call Not Found: Input String insert_infiSTARLog:SuperChil Dayz Exile |Humanity|Deploy Bike|:ADMINLOG:A. Stec(76561198100309836) | Spawning 15rnd 9mm Mag (15Rnd_mas_9x21_Mag) on A. Stec!
[01:06:53:693555 --5:00] [Thread 5648] extDB2: SQL_CUSTOM_V2: Error No Custom Call Not Found: Callname insert_infiSTARLog
[01:06:56:313369 --5:00] [Thread 5648] extDB2: SQL_CUSTOM_V2: Error No Custom Call Not Found: Input String insert_infiSTARLog:SuperChil Dayz Exile |Humanity|Deploy Bike|:ADMINLOG:A. Stec(76561198100309836) | Spawning 15rnd 9mm SD Mag (15Rnd_mas_9x21sd_Mag) on A. Stec!
[01:06:56:313451 --5:00] [Thread 5648] extDB2: SQL_CUSTOM_V2: Error No Custom Call Not Found: Callname insert_infiSTARLog
[01:11:04:751844 --5:00] [Thread 5648] extDB2: SQL_CUSTOM_V2: Error No Custom Call Not Found: Input String insert_infiSTARLog:SuperChil Dayz Exile |Humanity|Deploy Bike|:ADMINLOG:A. Stec(76561198100309836) | Spawning Acog Holo (optic_mas_acog_eo) on A. Stec!
[01:11:04:751914 --5:00] [Thread 5648] extDB2: SQL_CUSTOM_V2: Error No Custom Call Not Found: Callname insert_infiSTARLog
[01:12:14:195526 --5:00] [Thread 5648] extDB2: SQL_CUSTOM_V2: Error No Custom Call Not Found: Input String insert_infiSTARLog:SuperChil Dayz Exile |Humanity|Deploy Bike|:ADMINLOG:A. Stec(76561198100309836) | Spawning M9 Mag. (CUP_15Rnd_9x19_M9) on A. Stec!
[01:12:14:195600 --5:00] [Thread 5648] extDB2: SQL_CUSTOM_V2: Error No Custom Call Not Found: Callname insert_infiSTARLog
[01:12:14:803063 --5:00] [Thread 5648] extDB2: SQL_CUSTOM_V2: Error No Custom Call Not Found: Input String insert_infiSTARLog:SuperChil Dayz Exile |Humanity|Deploy Bike|:ADMINLOG:A. Stec(76561198100309836) | Spawning M9 Mag. (CUP_15Rnd_9x19_M9) on A. Stec!
[01:12:14:803114 --5:00] [Thread 5648] extDB2: SQL_CUSTOM_V2: Error No Custom Call Not Found: Callname insert_infiSTARLog
[01:12:16:428851 --5:00] [Thread 5648] extDB2: SQL_CUSTOM_V2: Error No Custom Call Not Found: Input String insert_infiSTARLog:SuperChil Dayz Exile |Humanity|Deploy Bike|:ADMINLOG:A. Stec(76561198100309836) | Spawning M9 Mag. (CUP_15Rnd_9x19_M9) on A. Stec!
[01:12:16:428899 --5:00] [Thread 5648] extDB2: SQL_CUSTOM_V2: Error No Custom Call Not Found: Callname insert_infiSTARLog
[01:12:25:357864 --5:00] [Thread 5648] extDB2: SQL_CUSTOM_V2: Error No Custom Call Not Found: Input String insert_infiSTARLog:SuperChil Dayz Exile |Humanity|Deploy Bike|:ADMINLOG:A. Stec(76561198100309836) | Spawning 30rnd 5.56mm STANAG (30Rnd_mas_556x45_Stanag) on A. Stec!
[01:12:25:357925 --5:00] [Thread 5648] extDB2: SQL_CUSTOM_V2: Error No Custom Call Not Found: Callname insert_infiSTARLog
[01:12:26:054473 --5:00] [Thread 5648] extDB2: SQL_CUSTOM_V2: Error No Custom Call Not Found: Input String insert_infiSTARLog:SuperChil Dayz Exile |Humanity|Deploy Bike|:ADMINLOG:A. Stec(76561198100309836) | Spawning 30rnd 5.56mm STANAG (30Rnd_mas_556x45_Stanag) on A. Stec!
[01:12:26:054520 --5:00] [Thread 5648] extDB2: SQL_CUSTOM_V2: Error No Custom Call Not Found: Callname insert_infiSTARLog
[01:12:35:126935 --5:00] [Thread 5648] extDB2: SQL_CUSTOM_V2: Error No Custom Call Not Found: Input String insert_infiSTARLog:SuperChil Dayz Exile |Humanity|Deploy Bike|:ADMINLOG:A. Stec(76561198100309836) | Spawning Sound Suppressor (5.56 mm) (muzzle_snds_M) on A. Stec!
[01:12:35:127009 --5:00] [Thread 5648] extDB2: SQL_CUSTOM_V2: Error No Custom Call Not Found: Callname insert_infiSTARLog
[01:12:43:297850 --5:00] [Thread 5648] extDB2: SQL_CUSTOM_V2: Error No Custom Call Not Found: Input String insert_infiSTARLog:SuperChil Dayz Exile |Humanity|Deploy Bike|:ADMINLOG:Aurora(76561198072397859) | Spawning Timed Satchel Charge (CUP_TimeBomb_M) on Aurora!
[01:12:43:297916 --5:00] [Thread 5648] extDB2: SQL_CUSTOM_V2: Error No Custom Call Not Found: Callname insert_infiSTARLog
[01:13:01:632239 --5:00] [Thread 5648] extDB2: SQL_CUSTOM_V2: Error No Custom Call Not Found: Input String insert_infiSTARLog:SuperChil Dayz Exile |Humanity|Deploy Bike|:ADMINLOG:Aurora(76561198072397859) | Spawning Small IED (Dug-in) (IEDLandSmall_Remote_Mag) on Aurora!
[01:13:01:632302 --5:00] [Thread 5648] extDB2: SQL_CUSTOM_V2: Error No Custom Call Not Found: Callname insert_infiSTARLog
[01:13:17:276191 --5:00] [Thread 5648] extDB2: SQL_CUSTOM_V2: Error No Custom Call Not Found: Input String insert_infiSTARLog:SuperChil Dayz Exile |Humanity|Deploy Bike|:ADMINLOG:A. Stec(76561198100309836) | Spawning Plastic Bottle (Coffee) (Exile_Item_PlasticBottleCoffee) on A. Stec!
[01:13:17:276246 --5:00] [Thread 5648] extDB2: SQL_CUSTOM_V2: Error No Custom Call Not Found: Callname insert_infiSTARLog
[01:13:45:148782 --5:00] [Thread 8688] extDB2: SQL_CUSTOM_V2: Error No Custom Call Not Found: Input String insert_infiSTARLog:SuperChil Dayz Exile |Humanity|Deploy Bike|:ADMINLOG:A. Stec(76561198100309836) | Loaded Loadout [hero 2]
[01:13:45:148842 --5:00] [Thread 8688] extDB2: SQL_CUSTOM_V2: Error No Custom Call Not Found: Callname insert_infiSTARLog
[01:14:04:025618 --5:00] [Thread 8688] extDB2: SQL_CUSTOM_V2: Error No Custom Call Not Found: Input String insert_infiSTARLog:SuperChil Dayz Exile |Humanity|Deploy Bike|:ADMINLOG:A. Stec(76561198100309836) | Spawning M9 Mag. (CUP_15Rnd_9x19_M9) on A. Stec!
[01:14:04:025674 --5:00] [Thread 8688] extDB2: SQL_CUSTOM_V2: Error No Custom Call Not Found: Callname insert_infiSTARLog
[01:14:09:173944 --5:00] [Thread 8688] extDB2: SQL_CUSTOM_V2: Error No Custom Call Not Found: Input String insert_infiSTARLog:SuperChil Dayz Exile |Humanity|Deploy Bike|:ADMINLOG:A. Stec(76561198100309836) | Spawning M9 Mag. (CUP_15Rnd_9x19_M9) on A. Stec!
[01:14:09:174036 --5:00] [Thread 8688] extDB2: SQL_CUSTOM_V2: Error No Custom Call Not Found: Callname insert_infiSTARLog
[01:14:09:196035 --5:00] [Thread 8688] extDB2: SQL_CUSTOM_V2: Error No Custom Call Not Found: Input String insert_infiSTARLog:SuperChil Dayz Exile |Humanity|Deploy Bike|:CONNECTLOG:2 Disconnected  Aurora(76561198072397859) Owner  3, SteamName  deltagi
[01:14:09:196085 --5:00] [Thread 8688] extDB2: SQL_CUSTOM_V2: Error No Custom Call Not Found: Callname insert_infiSTARLog
[01:14:09:251315 --5:00] [Thread 5648] extDB2: SQL_CUSTOM_V2: Error No Custom Call Not Found: Input String insert_infiSTARLog:SuperChil Dayz Exile |Humanity|Deploy Bike|:ADMINLOG:Aurora(76561198072397859) | Self Disconnect
[01:14:09:251354 --5:00] [Thread 5648] extDB2: SQL_CUSTOM_V2: Error No Custom Call Not Found: Callname insert_infiSTARLog
[01:14:09:712817 --5:00] [Thread 8688] extDB2: SQL_CUSTOM_V2: Error No Custom Call Not Found: Input String insert_infiSTARLog:SuperChil Dayz Exile |Humanity|Deploy Bike|:ADMINLOG:A. Stec(76561198100309836) | Spawning M9 Mag. (CUP_15Rnd_9x19_M9) on A. Stec!
[01:14:09:712970 --5:00] [Thread 8688] extDB2: SQL_CUSTOM_V2: Error No Custom Call Not Found: Callname insert_infiSTARLog
[01:14:10:143478 --5:00] [Thread 8688] extDB2: SQL_CUSTOM_V2: Error No Custom Call Not Found: Input String insert_infiSTARLog:SuperChil Dayz Exile |Humanity|Deploy Bike|:ADMINLOG:A. Stec(76561198100309836) | Spawning M9 Mag. (CUP_15Rnd_9x19_M9) on A. Stec!
[01:14:10:143524 --5:00] [Thread 8688] extDB2: SQL_CUSTOM_V2: Error No Custom Call Not Found: Callname insert_infiSTARLog
[01:14:22:562961 --5:00] [Thread 8688] extDB2: SQL_CUSTOM_V2: Error No Custom Call Not Found: Input String insert_infiSTARLog:SuperChil Dayz Exile |Humanity|Deploy Bike|:netids:A. Stec(76561198100309836) - R Pulkovo Bandits 2 (A. Stec) REMOTE, Exile_Unit_Player - 2 1131 - 4
[01:14:22:563016 --5:00] [Thread 8688] extDB2: SQL_CUSTOM_V2: Error No Custom Call Not Found: Callname insert_infiSTARLog
[01:15:50:834900 --5:00] [Thread 8688] extDB2: SQL_CUSTOM_V2: Error No Custom Call Not Found: Input String insert_infiSTARLog:SuperChil Dayz Exile |Humanity|Deploy Bike|:ADMINLOG:A. Stec(76561198100309836) | Spawning SPAR-16 5.56 mm (Black) (arifle_SPAR_01_blk_F) on A. Stec!
[01:15:50:834964 --5:00] [Thread 8688] extDB2: SQL_CUSTOM_V2: Error No Custom Call Not Found: Callname insert_infiSTARLog
[01:16:35:348838 --5:00] [Thread 8688] extDB2: SQL_CUSTOM_V2: Error No Custom Call Not Found: Input String insert_infiSTARLog:SuperChil Dayz Exile |Humanity|Deploy Bike|:ADMINLOG:A. Stec(76561198100309836) | Spawning 5.56 mm 30rnd STANAG Reload Tracer (Yellow) Mag (30Rnd_556x45_Stanag) on A. Stec!
[01:16:35:348898 --5:00] [Thread 8688] extDB2: SQL_CUSTOM_V2: Error No Custom Call Not Found: Callname insert_infiSTARLog
[01:16:36:474305 --5:00] [Thread 8688] extDB2: SQL_CUSTOM_V2: Error No Custom Call Not Found: Input String insert_infiSTARLog:SuperChil Dayz Exile |Humanity|Deploy Bike|:ADMINLOG:A. Stec(76561198100309836) | Spawning 5.56 mm 30rnd STANAG Reload Tracer (Yellow) Mag (30Rnd_556x45_Stanag) on A. Stec!
[01:16:36:474369 --5:00] [Thread 8688] extDB2: SQL_CUSTOM_V2: Error No Custom Call Not Found: Callname insert_infiSTARLog
[01:16:38:295538 --5:00] [Thread 8688] extDB2: SQL_CUSTOM_V2: Error No Custom Call Not Found: Input String insert_infiSTARLog:SuperChil Dayz Exile |Humanity|Deploy Bike|:ADMINLOG:A. Stec(76561198100309836) | Spawning 5.56 mm 30rnd STANAG Reload Tracer (Yellow) Mag (30Rnd_556x45_Stanag) on A. Stec!
[01:16:38:295592 --5:00] [Thread 8688] extDB2: SQL_CUSTOM_V2: Error No Custom Call Not Found: Callname insert_infiSTARLog
[01:16:38:990116 --5:00] [Thread 8688] extDB2: SQL_CUSTOM_V2: Error No Custom Call Not Found: Input String insert_infiSTARLog:SuperChil Dayz Exile |Humanity|Deploy Bike|:ADMINLOG:A. Stec(76561198100309836) | Spawning 5.56 mm 30rnd STANAG Reload Tracer (Yellow) Mag (30Rnd_556x45_Stanag) on A. Stec!
[01:16:38:990164 --5:00] [Thread 8688] extDB2: SQL_CUSTOM_V2: Error No Custom Call Not Found: Callname insert_infiSTARLog
[01:16:39:341839 --5:00] [Thread 8688] extDB2: SQL_CUSTOM_V2: Error No Custom Call Not Found: Input String insert_infiSTARLog:SuperChil Dayz Exile |Humanity|Deploy Bike|:ADMINLOG:A. Stec(76561198100309836) | Spawning 5.56 mm 30rnd STANAG Reload Tracer (Yellow) Mag (30Rnd_556x45_Stanag) on A. Stec!
[01:16:39:341881 --5:00] [Thread 8688] extDB2: SQL_CUSTOM_V2: Error No Custom Call Not Found: Callname insert_infiSTARLog
[01:16:39:684338 --5:00] [Thread 8688] extDB2: SQL_CUSTOM_V2: Error No Custom Call Not Found: Input String insert_infiSTARLog:SuperChil Dayz Exile |Humanity|Deploy Bike|:ADMINLOG:A. Stec(76561198100309836) | Spawning 5.56 mm 30rnd STANAG Reload Tracer (Yellow) Mag (30Rnd_556x45_Stanag) on A. Stec!
[01:16:39:684401 --5:00] [Thread 8688] extDB2: SQL_CUSTOM_V2: Error No Custom Call Not Found: Callname insert_infiSTARLog
[01:16:40:055244 --5:00] [Thread 8688] extDB2: SQL_CUSTOM_V2: Error No Custom Call Not Found: Input String insert_infiSTARLog:SuperChil Dayz Exile |Humanity|Deploy Bike|:ADMINLOG:A. Stec(76561198100309836) | Spawning 5.56 mm 30rnd STANAG Reload Tracer (Yellow) Mag (30Rnd_556x45_Stanag) on A. Stec!
[01:16:40:055331 --5:00] [Thread 8688] extDB2: SQL_CUSTOM_V2: Error No Custom Call Not Found: Callname insert_infiSTARLog
[01:16:40:636131 --5:00] [Thread 8688] extDB2: SQL_CUSTOM_V2: Error No Custom Call Not Found: Input String insert_infiSTARLog:SuperChil Dayz Exile |Humanity|Deploy Bike|:ADMINLOG:A. Stec(76561198100309836) | Spawning 5.56 mm 30rnd STANAG Reload Tracer (Yellow) Mag (30Rnd_556x45_Stanag) on A. Stec!
[01:16:40:636189 --5:00] [Thread 8688] extDB2: SQL_CUSTOM_V2: Error No Custom Call Not Found: Callname insert_infiSTARLog
[01:16:41:108586 --5:00] [Thread 8688] extDB2: SQL_CUSTOM_V2: Error No Custom Call Not Found: Input String insert_infiSTARLog:SuperChil Dayz Exile |Humanity|Deploy Bike|:ADMINLOG:A. Stec(76561198100309836) | Spawning 5.56 mm 30rnd STANAG Reload Tracer (Yellow) Mag (30Rnd_556x45_Stanag) on A. Stec!
[01:16:41:108633 --5:00] [Thread 8688] extDB2: SQL_CUSTOM_V2: Error No Custom Call Not Found: Callname insert_infiSTARLog
[01:16:47:524121 --5:00] [Thread 8688] extDB2: SQL_CUSTOM_V2: Error No Custom Call Not Found: Input String insert_infiSTARLog:SuperChil Dayz Exile |Humanity|Deploy Bike|:ADMINLOG:A. Stec(76561198100309836) | Spawning Sound Suppressor (5.56 mm) (muzzle_snds_M) on A. Stec!
[01:16:47:524175 --5:00] [Thread 8688] extDB2: SQL_CUSTOM_V2: Error No Custom Call Not Found: Callname insert_infiSTARLog
[01:17:15:294155 --5:00] [Thread 8688] extDB2: SQL_CUSTOM_V2: Error No Custom Call Not Found: Input String insert_infiSTARLog:SuperChil Dayz Exile |Humanity|Deploy Bike|:ADMINLOG:A. Stec(76561198100309836) | Spawning Acog Holo (optic_mas_acog_eo) on A. Stec!
[01:17:15:294226 --5:00] [Thread 8688] extDB2: SQL_CUSTOM_V2: Error No Custom Call Not Found: Callname insert_infiSTARLog
[01:17:52:944602 --5:00] [Thread 8688] extDB2: SQL_CUSTOM_V2: Error No Custom Call Not Found: Input String insert_infiSTARLog:SuperChil Dayz Exile |Humanity|Deploy Bike|:ADMINLOG:A. Stec(76561198100309836) | Spawning Trijicon ACOG TA31F (CUP_optic_ACOG) on A. Stec!
[01:17:52:944656 --5:00] [Thread 8688] extDB2: SQL_CUSTOM_V2: Error No Custom Call Not Found: Callname insert_infiSTARLog
[01:18:22:666593 --5:00] [Thread 8688] extDB2: SQL_CUSTOM_V2: Error No Custom Call Not Found: Input String insert_infiSTARLog:SuperChil Dayz Exile |Humanity|Deploy Bike|:ADMINLOG:A. Stec(76561198100309836) | Spawning ARCO black (optic_mas_Arco_blk) on A. Stec!
[01:18:22:666662 --5:00] [Thread 8688] extDB2: SQL_CUSTOM_V2: Error No Custom Call Not Found: Callname insert_infiSTARLog
[01:18:52:479866 --5:00] [Thread 8688] extDB2: SQL_CUSTOM_V2: Error No Custom Call Not Found: Input String insert_infiSTARLog:SuperChil Dayz Exile |Humanity|Deploy Bike|:ADMINLOG:A. Stec(76561198100309836) | Spawning Elcan Optic Reflex (CUP_optic_Elcan_reflex) on A. Stec!
[01:18:52:479924 --5:00] [Thread 8688] extDB2: SQL_CUSTOM_V2: Error No Custom Call Not Found: Callname insert_infiSTARLog
[01:19:10:900281 --5:00] [Thread 8688] extDB2: SQL_CUSTOM_V2: Error No Custom Call Not Found: Input String insert_infiSTARLog:SuperChil Dayz Exile |Humanity|Deploy Bike|:ADMINLOG:A. Stec(76561198100309836) | Spawning RCO (optic_Hamr) on A. Stec!
[01:19:10:900340 --5:00] [Thread 8688] extDB2: SQL_CUSTOM_V2: Error No Custom Call Not Found: Callname insert_infiSTARLog
[01:19:41:540318 --5:00] [Thread 8688] extDB2: SQL_CUSTOM_V2: Error No Custom Call Not Found: Input String insert_infiSTARLog:SuperChil Dayz Exile |Humanity|Deploy Bike|:ADMINLOG:A. Stec(76561198100309836) | Spawning Plastic Bottle (Coffee) (Exile_Item_PlasticBottleCoffee) on A. Stec!
[01:19:41:540426 --5:00] [Thread 8688] extDB2: SQL_CUSTOM_V2: Error No Custom Call Not Found: Callname insert_infiSTARLog
[01:19:48:209111 --5:00] [Thread 8688] extDB2: SQL_CUSTOM_V2: Error No Custom Call Not Found: Input String insert_infiSTARLog:SuperChil Dayz Exile |Humanity|Deploy Bike|:ADMINLOG:A. Stec(76561198100309836) | Spawning EMRE (Exile_Item_EMRE) on A. Stec!
[01:19:48:209213 --5:00] [Thread 8688] extDB2: SQL_CUSTOM_V2: Error No Custom Call Not Found: Callname insert_infiSTARLog
[01:19:53:378532 --5:00] [Thread 8688] extDB2: SQL_CUSTOM_V2: Error No Custom Call Not Found: Input String insert_infiSTARLog:SuperChil Dayz Exile |Humanity|Deploy Bike|:ADMINLOG:A. Stec(76561198100309836) | Spawning InstaDoc (Exile_Item_InstaDoc) on A. Stec!
[01:19:53:378595 --5:00] [Thread 8688] extDB2: SQL_CUSTOM_V2: Error No Custom Call Not Found: Callname insert_infiSTARLog
[01:19:54:049358 --5:00] [Thread 8688] extDB2: SQL_CUSTOM_V2: Error No Custom Call Not Found: Input String insert_infiSTARLog:SuperChil Dayz Exile |Humanity|Deploy Bike|:ADMINLOG:A. Stec(76561198100309836) | Spawning InstaDoc (Exile_Item_InstaDoc) on A. Stec!
[01:19:54:049441 --5:00] [Thread 8688] extDB2: SQL_CUSTOM_V2: Error No Custom Call Not Found: Callname insert_infiSTARLog
[01:20:04:821688 --5:00] [Thread 8688] extDB2: SQL_CUSTOM_V2: Error No Custom Call Not Found: Input String insert_infiSTARLog:SuperChil Dayz Exile |Humanity|Deploy Bike|:ADMINLOG:A. Stec(76561198100309836) | Loaded Loadout [hero 2]
[01:20:04:821744 --5:00] [Thread 8688] extDB2: SQL_CUSTOM_V2: Error No Custom Call Not Found: Callname insert_infiSTARLog
[01:20:30:927503 --5:00] [Thread 736] extDB2: Stopping ...
