extDB2: Version: 70
extDB2: https://github.com/Torndeco/extDB2
extDB2: Windows Version
Message: All development for extDB2 is done on a Linux Dedicated Server
Message: If you would like to Donate to extDB2 Development
Message: https://www.paypal.com/cgi-bin/webscr?cmd=_s-xclick&hosted_button_id=2SUEFTGABTAM2
Message: Also leave a message if there is any particular feature you would like to see added.
Message: Thanks for all the people that have donated.
Message: Torndeco: 20/02/15


extDB2: Found extdb-conf.ini
extDB2: Detected 2 Cores, Setting up 2 Worker Threads


[14:49:25:136292 --5:00] [Thread 7476] extDB2: Database Type: MySQL
[14:49:25:148921 --5:00] [Thread 7476] extDB2: Database Session Pool Started
[14:49:25:151519 --5:00] [Thread 7476] extDB2: SQL_CUSTOM_V2: Loading Template Filename: C:\Users\xdelt\Desktop\Exile Server Chernarus\steamapps\common\Arma 3 Server\@ExileServer\extDB\sql_custom_v2\exile.ini
[14:49:25:151708 --5:00] [Thread 7476] extDB2: SQL_CUSTOM_V2: Version 12 Detected, Latest Version 12 Available
[14:49:25:229111 --5:00] [Thread 7772] extDB2: SQL_CUSTOM_V2: Error No Custom Call Not Found: Input String insert_infiSTARLog:SuperChil Dayz Exile |Humanity|Deploy Bike|:SERVER_INFO:[SERVER START] TIME  0 || EMAIL  joelawm@gmail.com || VERSION  07-Mar-2017 20-28-27 - v0073 || Local Server Time  [2017,5,25,14,49]
[14:49:25:229149 --5:00] [Thread 7772] extDB2: SQL_CUSTOM_V2: Error No Custom Call Not Found: Callname insert_infiSTARLog
[14:49:25:842387 --5:00] [Thread 7772] extDB2: SQL_CUSTOM_V2: Error No Custom Call Not Found: Input String insert_infiSTARLog:SuperChil Dayz Exile |Humanity|Deploy Bike|:CONNECTLOG:0 Connected  __SERVER__() Owner  2
[14:49:25:842435 --5:00] [Thread 7772] extDB2: SQL_CUSTOM_V2: Error No Custom Call Not Found: Callname insert_infiSTARLog
[14:50:01:131505 --5:00] [Thread 7476] extDB2: SQL_CUSTOM_V2: Error No Custom Call Not Found: Input String getTotalConnections:76561198072397859
[14:50:01:131583 --5:00] [Thread 7476] extDB2: SQL_CUSTOM_V2: Error No Custom Call Not Found: Callname getTotalConnections
[14:50:01:131886 --5:00] [Thread 7772] extDB2: SQL_CUSTOM_V2: Error No Custom Call Not Found: Input String insert_infiSTARLog:SuperChil Dayz Exile |Humanity|Deploy Bike|:CONNECTLOG:0 Connected  Aurora(76561198072397859) Owner  3, first connected   , last connected   , connections  0
[14:50:01:131921 --5:00] [Thread 7772] extDB2: SQL_CUSTOM_V2: Error No Custom Call Not Found: Callname insert_infiSTARLog
[14:50:01:135692 --5:00] [Thread 7772] extDB2: SQL_CUSTOM_V2: Error No Custom Call Not Found: Input String insert_infiSTARLog:SuperChil Dayz Exile |Humanity|Deploy Bike|:CONNECTLOG:TOKEN [ofbb3sklgewysfa] FOR Aurora(76561198072397859) OWNER  3, ID  7.27782e+008, JIP  true
[14:50:01:135722 --5:00] [Thread 7772] extDB2: SQL_CUSTOM_V2: Error No Custom Call Not Found: Callname insert_infiSTARLog
[14:50:02:268046 --5:00] [Thread 7772] extDB2: SQL_CUSTOM_V2: Error No Custom Call Not Found: Input String insert_infiSTARLog:SuperChil Dayz Exile |Humanity|Deploy Bike|:CONNECTLOG:1 Connected  Aurora(76561198072397859) Owner  3, SteamName  deltagi   [UpTime  0h 0min 19s - ServerFPS  47.7612]
[14:50:02:268101 --5:00] [Thread 7772] extDB2: SQL_CUSTOM_V2: Error No Custom Call Not Found: Callname insert_infiSTARLog
[14:50:11:905788 --5:00] [Thread 7772] extDB2: SQL_CUSTOM_V2: Error No Custom Call Not Found: Input String insert_infiSTARLog:SuperChil Dayz Exile |Humanity|Deploy Bike|:ADMINLOG:Aurora(76561198072397859) | UnlimAmmo - ON
[14:50:11:905848 --5:00] [Thread 7772] extDB2: SQL_CUSTOM_V2: Error No Custom Call Not Found: Callname insert_infiSTARLog
[14:50:48:266020 --5:00] [Thread 7772] extDB2: SQL_CUSTOM_V2: Error No Custom Call Not Found: Input String insert_infiSTARLog:SuperChil Dayz Exile |Humanity|Deploy Bike|:netids:Aurora(76561198072397859) - R Pulkovo Bandits 1 (Aurora) REMOTE, Exile_Unit_Player - 2 6736 - 3
[14:50:48:266080 --5:00] [Thread 7772] extDB2: SQL_CUSTOM_V2: Error No Custom Call Not Found: Callname insert_infiSTARLog
[14:55:30:289928 --5:00] [Thread 7476] extDB2: Stopping ...
