extDB2: Version: 70
extDB2: https://github.com/Torndeco/extDB2
extDB2: Windows Version
Message: All development for extDB2 is done on a Linux Dedicated Server
Message: If you would like to Donate to extDB2 Development
Message: https://www.paypal.com/cgi-bin/webscr?cmd=_s-xclick&hosted_button_id=2SUEFTGABTAM2
Message: Also leave a message if there is any particular feature you would like to see added.
Message: Thanks for all the people that have donated.
Message: Torndeco: 20/02/15


extDB2: Found extdb-conf.ini
extDB2: Detected 2 Cores, Setting up 2 Worker Threads


[02:59:09:809217 --5:00] [Thread 1944] extDB2: Database Type: MySQL
[02:59:09:818889 --5:00] [Thread 1944] extDB2: Database Session Pool Started
[02:59:09:822428 --5:00] [Thread 1944] extDB2: SQL_CUSTOM_V2: Loading Template Filename: C:\Users\xdelt\Desktop\Exile Server Chernarus\steamapps\common\Arma 3 Server\@ExileServerDay\extDB\sql_custom_v2\exile.ini
[02:59:09:822711 --5:00] [Thread 1944] extDB2: SQL_CUSTOM_V2: Version 12 Detected, Latest Version 12 Available
[02:59:10:553097 --5:00] [Thread 5816] extDB2: SQL_CUSTOM_V2: Error No Custom Call Not Found: Input String insert_infiSTARLog:SuperChil Dayz Exile  Chernarus |Humanity|Deploy Bike|:SERVER_INFO:[SERVER START] TIME  0 || EMAIL  joelawm@gmail.com || VERSION  07-Mar-2017 20-28-27 - v0073 || Local Server Time  [2017,7,10,2,59]
[02:59:10:553184 --5:00] [Thread 5816] extDB2: SQL_CUSTOM_V2: Error No Custom Call Not Found: Callname insert_infiSTARLog
[02:59:10:565586 --5:00] [Thread 5816] extDB2: SQL_CUSTOM_V2: Error No Custom Call Not Found: Input String insert_infiSTARLog:SuperChil Dayz Exile  Chernarus |Humanity|Deploy Bike|:CONNECTLOG:0 Connected  __SERVER__() Owner  2
[02:59:10:565633 --5:00] [Thread 5816] extDB2: SQL_CUSTOM_V2: Error No Custom Call Not Found: Callname insert_infiSTARLog
[02:59:25:231771 --5:00] [Thread 5816] extDB2: SQL_CUSTOM_V2: Error No Custom Call Not Found: Input String insert_infiSTARLog:SuperChil Dayz Exile  Chernarus |Humanity|Deploy Bike|:DMS_DEBUG:DMS post-init complete. productVersion  ["Arma 3","Arma3",172,142164,"Stable",true,"Windows","x86"] | infiSTAR version  07-Mar-2017 20-28-27 - v0073 | | | (DMS_Version  "June 8, 2017" | time  13.436 | diag_tickTime  111.972 | 45.4545 FPS)
[02:59:25:231881 --5:00] [Thread 5816] extDB2: SQL_CUSTOM_V2: Error No Custom Call Not Found: Callname insert_infiSTARLog
[02:59:55:628880 --5:00] [Thread 1944] extDB2: SQL_CUSTOM_V2: Error No Custom Call Not Found: Input String getTotalConnections:76561198072397859
[02:59:55:629088 --5:00] [Thread 1944] extDB2: SQL_CUSTOM_V2: Error No Custom Call Not Found: Callname getTotalConnections
[02:59:55:629481 --5:00] [Thread 5816] extDB2: SQL_CUSTOM_V2: Error No Custom Call Not Found: Input String insert_infiSTARLog:SuperChil Dayz Exile  Chernarus |Humanity|Deploy Bike|:CONNECTLOG:0 Connected  Aurora(76561198072397859) Owner  3, first connected   , last connected   , connections  0
[02:59:55:629666 --5:00] [Thread 5816] extDB2: SQL_CUSTOM_V2: Error No Custom Call Not Found: Callname insert_infiSTARLog
[02:59:55:636160 --5:00] [Thread 5816] extDB2: SQL_CUSTOM_V2: Error No Custom Call Not Found: Input String insert_infiSTARLog:SuperChil Dayz Exile  Chernarus |Humanity|Deploy Bike|:CONNECTLOG:TOKEN [i7cm45jlghr1izjdkh] FOR Aurora(76561198072397859) OWNER  3, ID  1.46799e+009, JIP  true
[02:59:55:636200 --5:00] [Thread 5816] extDB2: SQL_CUSTOM_V2: Error No Custom Call Not Found: Callname insert_infiSTARLog
[02:59:57:134011 --5:00] [Thread 5816] extDB2: SQL_CUSTOM_V2: Error No Custom Call Not Found: Input String insert_infiSTARLog:SuperChil Dayz Exile  Chernarus |Humanity|Deploy Bike|:CONNECTLOG:1 Connected  Aurora(76561198072397859) Owner  3, SteamName  deltagi   [UpTime  0h 0min 45s - ServerFPS  47.0588]
[02:59:57:134077 --5:00] [Thread 5816] extDB2: SQL_CUSTOM_V2: Error No Custom Call Not Found: Callname insert_infiSTARLog
[03:00:08:144466 --5:00] [Thread 5816] extDB2: SQL_CUSTOM_V2: Error No Custom Call Not Found: Input String insert_infiSTARLog:SuperChil Dayz Exile  Chernarus |Humanity|Deploy Bike|:ADMINLOG:Aurora(76561198072397859) | UnlimAmmo - ON
[03:00:08:144834 --5:00] [Thread 5816] extDB2: SQL_CUSTOM_V2: Error No Custom Call Not Found: Callname insert_infiSTARLog
[03:00:08:148702 --5:00] [Thread 5816] extDB2: SQL_CUSTOM_V2: Error No Custom Call Not Found: Input String insert_infiSTARLog:SuperChil Dayz Exile  Chernarus |Humanity|Deploy Bike|:ADMINLOG:Aurora(76561198072397859) | God Mode - ON
[03:00:08:148732 --5:00] [Thread 5816] extDB2: SQL_CUSTOM_V2: Error No Custom Call Not Found: Callname insert_infiSTARLog
[03:00:17:274260 --5:00] [Thread 5816] extDB2: SQL_CUSTOM_V2: Error No Custom Call Not Found: Input String insert_infiSTARLog:SuperChil Dayz Exile  Chernarus |Humanity|Deploy Bike|:ADMINLOG:Aurora(76561198072397859) | spawning HMMWV-M134 (HMMWV_M134_des) (NonPersistent)
[03:00:17:274333 --5:00] [Thread 5816] extDB2: SQL_CUSTOM_V2: Error No Custom Call Not Found: Callname insert_infiSTARLog
[03:00:23:255080 --5:00] [Thread 5816] extDB2: SQL_CUSTOM_V2: Error No Custom Call Not Found: Input String insert_infiSTARLog:SuperChil Dayz Exile  Chernarus |Humanity|Deploy Bike|:ADMINLOG:Aurora(76561198072397859) | spawning M1A1 Abrams (CUP_B_M1A1_NATO_T) (NonPersistent)
[03:00:23:255161 --5:00] [Thread 5816] extDB2: SQL_CUSTOM_V2: Error No Custom Call Not Found: Callname insert_infiSTARLog
[03:00:42:540812 --5:00] [Thread 5816] extDB2: SQL_CUSTOM_V2: Error No Custom Call Not Found: Input String insert_infiSTARLog:SuperChil Dayz Exile  Chernarus |Humanity|Deploy Bike|:ADMINLOG:Aurora(76561198072397859) | Deleting HMMWV_M134_des @053096..
[03:00:42:540950 --5:00] [Thread 5816] extDB2: SQL_CUSTOM_V2: Error No Custom Call Not Found: Callname insert_infiSTARLog
[03:00:46:801953 --5:00] [Thread 5816] extDB2: SQL_CUSTOM_V2: Error No Custom Call Not Found: Input String insert_infiSTARLog:SuperChil Dayz Exile  Chernarus |Humanity|Deploy Bike|:netids:Aurora(76561198072397859) - R Pulkovo Bandits 1 (Aurora) REMOTE, Exile_Unit_Player - 2 7156 - 3
[03:00:46:802022 --5:00] [Thread 5816] extDB2: SQL_CUSTOM_V2: Error No Custom Call Not Found: Callname insert_infiSTARLog
[03:00:47:145519 --5:00] [Thread 5816] extDB2: SQL_CUSTOM_V2: Error No Custom Call Not Found: Input String insert_infiSTARLog:SuperChil Dayz Exile  Chernarus |Humanity|Deploy Bike|:ADMINLOG:Aurora(76561198072397859) | spawning BTR 40 (Exile_Car_BTR40_Green) (Persistent)
[03:00:47:145586 --5:00] [Thread 5816] extDB2: SQL_CUSTOM_V2: Error No Custom Call Not Found: Callname insert_infiSTARLog
[03:04:41:711173 --5:00] [Thread 5816] extDB2: SQL_CUSTOM_V2: Error No Custom Call Not Found: Input String insert_infiSTARLog:SuperChil Dayz Exile  Chernarus |Humanity|Deploy Bike|:ADMINLOG:Aurora(76561198072397859) | Spawning Duct Tape (Exile_Item_DuctTape) on Aurora!
[03:04:41:711360 --5:00] [Thread 5816] extDB2: SQL_CUSTOM_V2: Error No Custom Call Not Found: Callname insert_infiSTARLog
[03:05:45:009961 --5:00] [Thread 5816] extDB2: SQL_CUSTOM_V2: Error No Custom Call Not Found: Input String insert_infiSTARLog:SuperChil Dayz Exile  Chernarus |Humanity|Deploy Bike|:ADMINLOG:Aurora(76561198072397859) | Deleting CUP_B_M1A1_NATO_T @053096..
[03:05:45:010193 --5:00] [Thread 5816] extDB2: SQL_CUSTOM_V2: Error No Custom Call Not Found: Callname insert_infiSTARLog
[03:05:50:556884 --5:00] [Thread 5816] extDB2: SQL_CUSTOM_V2: Error No Custom Call Not Found: Input String insert_infiSTARLog:SuperChil Dayz Exile  Chernarus |Humanity|Deploy Bike|:ADMINLOG:Aurora(76561198072397859) | Teleport to [4985.64,12519.6,0](GPS  049028)
[03:05:50:556957 --5:00] [Thread 5816] extDB2: SQL_CUSTOM_V2: Error No Custom Call Not Found: Callname insert_infiSTARLog
[03:06:36:879142 --5:00] [Thread 5684] extDB2: SQL_CUSTOM_V2: Error No Custom Call Not Found: Input String modifyAccountHumanity:any:76561198072397859
[03:06:36:879341 --5:00] [Thread 5684] extDB2: SQL_CUSTOM_V2: Error No Custom Call Not Found: Callname modifyAccountHumanity
[03:08:54:537933 --5:00] [Thread 5684] extDB2: SQL_CUSTOM_V2: Error No Custom Call Not Found: Input String modifyAccountHumanity:any:76561198072397859
[03:08:54:538355 --5:00] [Thread 5684] extDB2: SQL_CUSTOM_V2: Error No Custom Call Not Found: Callname modifyAccountHumanity
[03:09:03:539968 --5:00] [Thread 5684] extDB2: SQL_CUSTOM_V2: Error No Custom Call Not Found: Input String modifyAccountHumanity:any:76561198072397859
[03:09:03:540077 --5:00] [Thread 5684] extDB2: SQL_CUSTOM_V2: Error No Custom Call Not Found: Callname modifyAccountHumanity
[03:10:52:460295 --5:00] [Thread 5816] extDB2: SQL_CUSTOM_V2: Error No Custom Call Not Found: Input String setAccountMoney:23444:76561198072397859
[03:10:52:460596 --5:00] [Thread 5816] extDB2: SQL_CUSTOM_V2: Error No Custom Call Not Found: Callname setAccountMoney
[03:11:40:100590 --5:00] [Thread 5684] extDB2: SQL_CUSTOM_V2: Error No Custom Call Not Found: Input String modifyAccountHumanity:any:76561198072397859
[03:11:40:100837 --5:00] [Thread 5684] extDB2: SQL_CUSTOM_V2: Error No Custom Call Not Found: Callname modifyAccountHumanity
[03:12:28:733041 --5:00] [Thread 5816] extDB2: SQL_CUSTOM_V2: Error No Custom Call Not Found: Input String insert_infiSTARLog:SuperChil Dayz Exile  Chernarus |Humanity|Deploy Bike|:ADMINLOG:Aurora(76561198072397859) | Teleport to [5408.46,5751.07,0](GPS  054096)
[03:12:28:733146 --5:00] [Thread 5816] extDB2: SQL_CUSTOM_V2: Error No Custom Call Not Found: Callname insert_infiSTARLog
[03:12:31:464182 --5:00] [Thread 5816] extDB2: SQL_CUSTOM_V2: Error No Custom Call Not Found: Input String insert_infiSTARLog:SuperChil Dayz Exile  Chernarus |Humanity|Deploy Bike|:ADMINLOG:Aurora(76561198072397859) | Deleting Exile_Car_BTR40_Green @053096..
[03:12:31:464369 --5:00] [Thread 5816] extDB2: SQL_CUSTOM_V2: Error No Custom Call Not Found: Callname insert_infiSTARLog
[03:12:45:125879 --5:00] [Thread 5816] extDB2: SQL_CUSTOM_V2: Error No Custom Call Not Found: Input String insert_infiSTARLog:SuperChil Dayz Exile  Chernarus |Humanity|Deploy Bike|:CONNECTLOG:2 Disconnected  Aurora(76561198072397859) Owner  3, SteamName  deltagi
[03:12:45:125972 --5:00] [Thread 5816] extDB2: SQL_CUSTOM_V2: Error No Custom Call Not Found: Callname insert_infiSTARLog
[03:12:45:180778 --5:00] [Thread 5816] extDB2: SQL_CUSTOM_V2: Error No Custom Call Not Found: Input String insert_infiSTARLog:SuperChil Dayz Exile  Chernarus |Humanity|Deploy Bike|:ADMINLOG:Aurora(76561198072397859) | Self Disconnect
[03:12:45:180835 --5:00] [Thread 5816] extDB2: SQL_CUSTOM_V2: Error No Custom Call Not Found: Callname insert_infiSTARLog
[03:12:55:048850 --5:00] [Thread 1944] extDB2: Stopping ...
