extDB2: Version: 70
extDB2: https://github.com/Torndeco/extDB2
extDB2: Windows Version
Message: All development for extDB2 is done on a Linux Dedicated Server
Message: If you would like to Donate to extDB2 Development
Message: https://www.paypal.com/cgi-bin/webscr?cmd=_s-xclick&hosted_button_id=2SUEFTGABTAM2
Message: Also leave a message if there is any particular feature you would like to see added.
Message: Thanks for all the people that have donated.
Message: Torndeco: 20/02/15


extDB2: Found extdb-conf.ini
extDB2: Detected 2 Cores, Setting up 2 Worker Threads


[00:11:12:734390 --5:00] [Thread 10564] extDB2: Database Type: MySQL
[00:11:12:741757 --5:00] [Thread 10564] extDB2: Database Session Pool Started
[00:11:12:744661 --5:00] [Thread 10564] extDB2: SQL_CUSTOM_V2: Loading Template Filename: C:\Users\xdelt\Desktop\Exile Server Chernarus\steamapps\common\Arma 3 Server\@ExileServerDay\extDB\sql_custom_v2\exile.ini
[00:11:12:744878 --5:00] [Thread 10564] extDB2: SQL_CUSTOM_V2: Version 12 Detected, Latest Version 12 Available
[00:11:12:804080 --5:00] [Thread 10564] extDB2: LOG: Error: Failed opening file C:\Users\xdelt\Desktop\Exile Server Chernarus\steamapps\common\Arma 3 Server\@ExileServerDay\extDB\logs\2017\7\02\Exile_TradingLog.log for writing
[00:11:12:804220 --5:00] [Thread 10564] extDB2: Failed to Load Protocol: LOG
[00:11:12:857919 --5:00] [Thread 10564] extDB2: LOG: Error: Failed opening file C:\Users\xdelt\Desktop\Exile Server Chernarus\steamapps\common\Arma 3 Server\@ExileServerDay\extDB\logs\2017\7\02\Exile_DeathLog.log for writing
[00:11:12:858030 --5:00] [Thread 10564] extDB2: Failed to Load Protocol: LOG
[00:11:12:910862 --5:00] [Thread 10564] extDB2: LOG: Error: Failed opening file C:\Users\xdelt\Desktop\Exile Server Chernarus\steamapps\common\Arma 3 Server\@ExileServerDay\extDB\logs\2017\7\02\Exile_TerritoryLog.log for writing
[00:11:12:910949 --5:00] [Thread 10564] extDB2: Failed to Load Protocol: LOG
[00:11:12:947220 --5:00] [Thread 1668] extDB2: SQL_CUSTOM_V2: Error No Custom Call Not Found: Input String insert_infiSTARLog:SuperChil Dayz Exile  Chernarus |Humanity|Deploy Bike|:SERVER_INFO:[SERVER START] TIME  0 || EMAIL  joelawm@gmail.com || VERSION  07-Mar-2017 20-28-27 - v0073 || Local Server Time  [2017,7,2,0,11]
[00:11:12:947268 --5:00] [Thread 1668] extDB2: SQL_CUSTOM_V2: Error No Custom Call Not Found: Callname insert_infiSTARLog
[00:11:13:432187 --5:00] [Thread 1668] extDB2: SQL_CUSTOM_V2: Error No Custom Call Not Found: Input String insert_infiSTARLog:SuperChil Dayz Exile  Chernarus |Humanity|Deploy Bike|:CONNECTLOG:0 Connected  __SERVER__() Owner  2
[00:11:13:432244 --5:00] [Thread 1668] extDB2: SQL_CUSTOM_V2: Error No Custom Call Not Found: Callname insert_infiSTARLog
[00:12:53:938380 --5:00] [Thread 10564] extDB2: Stopping ...
