extDB2: Version: 70
extDB2: https://github.com/Torndeco/extDB2
extDB2: Windows Version
Message: All development for extDB2 is done on a Linux Dedicated Server
Message: If you would like to Donate to extDB2 Development
Message: https://www.paypal.com/cgi-bin/webscr?cmd=_s-xclick&hosted_button_id=2SUEFTGABTAM2
Message: Also leave a message if there is any particular feature you would like to see added.
Message: Thanks for all the people that have donated.
Message: Torndeco: 20/02/15


extDB2: Found extdb-conf.ini
extDB2: Detected 2 Cores, Setting up 2 Worker Threads


[13:52:10:086163 --5:00] [Thread 1288] extDB2: Database Type: MySQL
[13:52:10:103341 --5:00] [Thread 1288] extDB2: Database Session Pool Started
[13:52:10:106553 --5:00] [Thread 1288] extDB2: SQL_CUSTOM_V2: Loading Template Filename: C:\Users\xdelt\Desktop\Exile Server Chernarus\steamapps\common\Arma 3 Server\@ExileServerDay\extDB\sql_custom_v2\exile.ini
[13:52:10:106806 --5:00] [Thread 1288] extDB2: SQL_CUSTOM_V2: Version 12 Detected, Latest Version 12 Available
[13:52:10:234492 --5:00] [Thread 7280] extDB2: SQL_CUSTOM_V2: Error No Custom Call Not Found: Input String insert_infiSTARLog:SuperChil Dayz Exile  Chernarus |Humanity|Deploy Bike|:SERVER_INFO:[SERVER START] TIME  0 || EMAIL  joelawm@gmail.com || VERSION  07-Mar-2017 20-28-27 - v0073 || Local Server Time  [2017,7,2,13,52]
[13:52:10:234538 --5:00] [Thread 7280] extDB2: SQL_CUSTOM_V2: Error No Custom Call Not Found: Callname insert_infiSTARLog
[13:52:10:796180 --5:00] [Thread 7280] extDB2: SQL_CUSTOM_V2: Error No Custom Call Not Found: Input String insert_infiSTARLog:SuperChil Dayz Exile  Chernarus |Humanity|Deploy Bike|:CONNECTLOG:0 Connected  __SERVER__() Owner  2
[13:52:10:796241 --5:00] [Thread 7280] extDB2: SQL_CUSTOM_V2: Error No Custom Call Not Found: Callname insert_infiSTARLog
[13:52:33:773922 --5:00] [Thread 1288] extDB2: SQL_CUSTOM_V2: Error No Custom Call Not Found: Input String getTotalConnections:76561198072397859
[13:52:33:774190 --5:00] [Thread 1288] extDB2: SQL_CUSTOM_V2: Error No Custom Call Not Found: Callname getTotalConnections
[13:52:33:774660 --5:00] [Thread 7280] extDB2: SQL_CUSTOM_V2: Error No Custom Call Not Found: Input String insert_infiSTARLog:SuperChil Dayz Exile  Chernarus |Humanity|Deploy Bike|:CONNECTLOG:0 Connected  Aurora(76561198072397859) Owner  3, first connected   , last connected   , connections  0
[13:52:33:774789 --5:00] [Thread 7280] extDB2: SQL_CUSTOM_V2: Error No Custom Call Not Found: Callname insert_infiSTARLog
[13:52:33:782397 --5:00] [Thread 7280] extDB2: SQL_CUSTOM_V2: Error No Custom Call Not Found: Input String insert_infiSTARLog:SuperChil Dayz Exile  Chernarus |Humanity|Deploy Bike|:CONNECTLOG:TOKEN [j9thpoiz47ue69q2y5] FOR Aurora(76561198072397859) OWNER  3, ID  2.37781e+008, JIP  true
[13:52:33:782432 --5:00] [Thread 7280] extDB2: SQL_CUSTOM_V2: Error No Custom Call Not Found: Callname insert_infiSTARLog
[13:52:34:717577 --5:00] [Thread 7280] extDB2: SQL_CUSTOM_V2: Error No Custom Call Not Found: Input String insert_infiSTARLog:SuperChil Dayz Exile  Chernarus |Humanity|Deploy Bike|:CONNECTLOG:1 Connected  Aurora(76561198072397859) Owner  3, SteamName  deltagi   [UpTime  0h 0min 22s - ServerFPS  47.7612]
[13:52:34:717695 --5:00] [Thread 7280] extDB2: SQL_CUSTOM_V2: Error No Custom Call Not Found: Callname insert_infiSTARLog
[13:52:48:921774 --5:00] [Thread 7280] extDB2: SQL_CUSTOM_V2: Error No Custom Call Not Found: Input String insert_infiSTARLog:SuperChil Dayz Exile  Chernarus |Humanity|Deploy Bike|:ADMINLOG:Aurora(76561198072397859) | UnlimAmmo - ON
[13:52:48:921895 --5:00] [Thread 7280] extDB2: SQL_CUSTOM_V2: Error No Custom Call Not Found: Callname insert_infiSTARLog
[13:52:48:926573 --5:00] [Thread 7280] extDB2: SQL_CUSTOM_V2: Error No Custom Call Not Found: Input String insert_infiSTARLog:SuperChil Dayz Exile  Chernarus |Humanity|Deploy Bike|:ADMINLOG:Aurora(76561198072397859) | God Mode - ON
[13:52:48:926605 --5:00] [Thread 7280] extDB2: SQL_CUSTOM_V2: Error No Custom Call Not Found: Callname insert_infiSTARLog
[13:53:25:368004 --5:00] [Thread 7280] extDB2: SQL_CUSTOM_V2: Error No Custom Call Not Found: Input String insert_infiSTARLog:SuperChil Dayz Exile  Chernarus |Humanity|Deploy Bike|:netids:Aurora(76561198072397859) - R Pulkovo Bandits 1 (Aurora) REMOTE, Exile_Unit_Player - 2 7138 - 3
[13:53:25:368296 --5:00] [Thread 7280] extDB2: SQL_CUSTOM_V2: Error No Custom Call Not Found: Callname insert_infiSTARLog
[13:53:58:448349 --5:00] [Thread 11236] extDB2: SQL_CUSTOM_V2: Error No Custom Call Not Found: Input String modifyAccountHumanity:any:76561198072397859
[13:53:58:448569 --5:00] [Thread 11236] extDB2: SQL_CUSTOM_V2: Error No Custom Call Not Found: Callname modifyAccountHumanity
[13:54:16:280081 --5:00] [Thread 11236] extDB2: SQL_CUSTOM_V2: Error No Custom Call Not Found: Input String modifyAccountHumanity:any:76561198072397859
[13:54:16:280228 --5:00] [Thread 11236] extDB2: SQL_CUSTOM_V2: Error No Custom Call Not Found: Callname modifyAccountHumanity
[13:58:02:194773 --5:00] [Thread 11236] extDB2: SQL_CUSTOM_V2: Error No Custom Call Not Found: Input String insert_infiSTARLog:SuperChil Dayz Exile  Chernarus |Humanity|Deploy Bike|:ADMINLOG:Aurora(76561198072397859) | Teleport to [5481.28,5730.73,0](GPS  054096)
[13:58:02:194880 --5:00] [Thread 11236] extDB2: SQL_CUSTOM_V2: Error No Custom Call Not Found: Callname insert_infiSTARLog
[14:00:07:731828 --5:00] [Thread 11236] extDB2: SQL_CUSTOM_V2: Error No Custom Call Not Found: Input String insert_infiSTARLog:SuperChil Dayz Exile  Chernarus |Humanity|Deploy Bike|:ADMINLOG:Aurora(76561198072397859) | Night
[14:00:07:732080 --5:00] [Thread 11236] extDB2: SQL_CUSTOM_V2: Error No Custom Call Not Found: Callname insert_infiSTARLog
[14:01:19:626019 --5:00] [Thread 11236] extDB2: SQL_CUSTOM_V2: Error No Custom Call Not Found: Input String insert_infiSTARLog:SuperChil Dayz Exile  Chernarus |Humanity|Deploy Bike|:ADMINLOG:Aurora(76561198072397859) | Teleport to [4982.96,5578.39,0](GPS  049097)
[14:01:19:626141 --5:00] [Thread 11236] extDB2: SQL_CUSTOM_V2: Error No Custom Call Not Found: Callname insert_infiSTARLog
[14:03:55:572186 --5:00] [Thread 11236] extDB2: SQL_CUSTOM_V2: Error No Custom Call Not Found: Input String insert_infiSTARLog:SuperChil Dayz Exile  Chernarus |Humanity|Deploy Bike|:ADMINLOG:Aurora(76561198072397859) | Spawning Chemlight (Blue) (Chemlight_blue) on Aurora!
[14:03:55:572372 --5:00] [Thread 11236] extDB2: SQL_CUSTOM_V2: Error No Custom Call Not Found: Callname insert_infiSTARLog
[14:05:41:884649 --5:00] [Thread 11236] extDB2: SQL_CUSTOM_V2: Error No Custom Call Not Found: Input String insert_infiSTARLog:SuperChil Dayz Exile  Chernarus |Humanity|Deploy Bike|:ADMINLOG:Aurora(76561198072397859) | Teleport to [5431.56,5738.02,0](GPS  054096)
[14:05:41:884779 --5:00] [Thread 11236] extDB2: SQL_CUSTOM_V2: Error No Custom Call Not Found: Callname insert_infiSTARLog
[16:22:16:492063 --5:00] [Thread 11236] extDB2: SQL_CUSTOM_V2: Error No Custom Call Not Found: Input String insert_infiSTARLog:SuperChil Dayz Exile  Chernarus |Humanity|Deploy Bike|:ADMINLOG:Aurora(76561198072397859) | Day
[16:22:16:492395 --5:00] [Thread 11236] extDB2: SQL_CUSTOM_V2: Error No Custom Call Not Found: Callname insert_infiSTARLog
[16:25:51:820643 --5:00] [Thread 11236] extDB2: SQL_CUSTOM_V2: Error No Custom Call Not Found: Input String insert_infiSTARLog:SuperChil Dayz Exile  Chernarus |Humanity|Deploy Bike|:ADMINLOG:Aurora(76561198072397859) | Teleport to [4916.91,5592.16,0](GPS  049097)
[16:25:51:820820 --5:00] [Thread 11236] extDB2: SQL_CUSTOM_V2: Error No Custom Call Not Found: Callname insert_infiSTARLog
[16:27:33:074341 --5:00] [Thread 7280] extDB2: SQL_CUSTOM_V2: Error No Custom Call Not Found: Input String modifyAccountHumanity:any:76561198072397859
[16:27:33:074518 --5:00] [Thread 7280] extDB2: SQL_CUSTOM_V2: Error No Custom Call Not Found: Callname modifyAccountHumanity
[16:27:49:113825 --5:00] [Thread 7280] extDB2: SQL_CUSTOM_V2: Error No Custom Call Not Found: Input String modifyAccountHumanity:any:76561198072397859
[16:27:49:113919 --5:00] [Thread 7280] extDB2: SQL_CUSTOM_V2: Error No Custom Call Not Found: Callname modifyAccountHumanity
[16:28:03:867580 --5:00] [Thread 11236] extDB2: SQL_CUSTOM_V2: Error No Custom Call Not Found: Input String insert_infiSTARLog:SuperChil Dayz Exile  Chernarus |Humanity|Deploy Bike|:ADMINLOG:Aurora(76561198072397859) | Teleport to [6319.39,7796.17,0](GPS  063075)
[16:28:03:867698 --5:00] [Thread 11236] extDB2: SQL_CUSTOM_V2: Error No Custom Call Not Found: Callname insert_infiSTARLog
[16:47:44:257585 --5:00] [Thread 11236] extDB2: SQL_CUSTOM_V2: Error No Custom Call Not Found: Input String insert_infiSTARLog:SuperChil Dayz Exile  Chernarus |Humanity|Deploy Bike|:CONNECTLOG:2 Disconnected  Aurora(76561198072397859) Owner  3, SteamName  deltagi
[16:47:44:257770 --5:00] [Thread 11236] extDB2: SQL_CUSTOM_V2: Error No Custom Call Not Found: Callname insert_infiSTARLog
[16:50:49:979375 --5:00] [Thread 7280] extDB2: SQL_CUSTOM_V2: Error No Custom Call Not Found: Input String insert_infiSTARLog:SuperChil Dayz Exile  Chernarus |Humanity|Deploy Bike|:SERVER_INFO:[ENDING SERVER] USE_SHUTDOWN = true; in your EXILE_AHAT_CONFIG.hpp
[16:50:49:979647 --5:00] [Thread 7280] extDB2: SQL_CUSTOM_V2: Error No Custom Call Not Found: Callname insert_infiSTARLog
[16:50:50:000069 --5:00] [Thread 7280] extDB2: SQL_CUSTOM_V2: Error No Custom Call Not Found: Input String insert_infiSTARLog:SuperChil Dayz Exile  Chernarus |Humanity|Deploy Bike|:SERVER_INFO:[ENDING SERVER] Server start  [2017,7,2,13,52]
[16:50:50:000136 --5:00] [Thread 7280] extDB2: SQL_CUSTOM_V2: Error No Custom Call Not Found: Callname insert_infiSTARLog
[16:50:50:020323 --5:00] [Thread 7280] extDB2: SQL_CUSTOM_V2: Error No Custom Call Not Found: Input String insert_infiSTARLog:SuperChil Dayz Exile  Chernarus |Humanity|Deploy Bike|:SERVER_INFO:[ENDING SERVER] Server end  [2017,7,2,16,50]
[16:50:50:020379 --5:00] [Thread 7280] extDB2: SQL_CUSTOM_V2: Error No Custom Call Not Found: Callname insert_infiSTARLog
[16:50:50:041849 --5:00] [Thread 7280] extDB2: SQL_CUSTOM_V2: Error No Custom Call Not Found: Input String insert_infiSTARLog:SuperChil Dayz Exile  Chernarus |Humanity|Deploy Bike|:SERVER_INFO:[ENDING SERVER] Arma3server.exe runtime  3h 0min 1s (10800.9)
[16:50:50:041980 --5:00] [Thread 7280] extDB2: SQL_CUSTOM_V2: Error No Custom Call Not Found: Callname insert_infiSTARLog
[16:50:50:062273 --5:00] [Thread 7280] extDB2: SQL_CUSTOM_V2: Error No Custom Call Not Found: Input String insert_infiSTARLog:SuperChil Dayz Exile  Chernarus |Humanity|Deploy Bike|:SERVER_INFO:[ENDING SERVER] Mission runtime  2h 58min 37s (10716.6)
[16:50:50:062331 --5:00] [Thread 7280] extDB2: SQL_CUSTOM_V2: Error No Custom Call Not Found: Callname insert_infiSTARLog
[16:50:50:083261 --5:00] [Thread 7280] extDB2: SQL_CUSTOM_V2: Error No Custom Call Not Found: Input String insert_infiSTARLog:SuperChil Dayz Exile  Chernarus |Humanity|Deploy Bike|:SERVER_INFO:[ENDING SERVER] PostInit runtime  2h 58min 49s (10729.4)
[16:50:50:083350 --5:00] [Thread 7280] extDB2: SQL_CUSTOM_V2: Error No Custom Call Not Found: Callname insert_infiSTARLog
[16:50:57:457228 --5:00] [Thread 1288] extDB2: Stopping ...
