extDB2: Version: 70
extDB2: https://github.com/Torndeco/extDB2
extDB2: Windows Version
Message: All development for extDB2 is done on a Linux Dedicated Server
Message: If you would like to Donate to extDB2 Development
Message: https://www.paypal.com/cgi-bin/webscr?cmd=_s-xclick&hosted_button_id=2SUEFTGABTAM2
Message: Also leave a message if there is any particular feature you would like to see added.
Message: Thanks for all the people that have donated.
Message: Torndeco: 20/02/15


extDB2: Found extdb-conf.ini
extDB2: Detected 2 Cores, Setting up 2 Worker Threads


[18:31:23:728513 --5:00] [Thread 10968] extDB2: Database Type: MySQL
[18:31:23:740318 --5:00] [Thread 10968] extDB2: Database Session Pool Started
[18:31:23:743471 --5:00] [Thread 10968] extDB2: SQL_CUSTOM_V2: Loading Template Filename: C:\Users\xdelt\Desktop\Exile Server Chernarus\steamapps\common\Arma 3 Server\@ExileServerDay\extDB\sql_custom_v2\exile.ini
[18:31:23:743728 --5:00] [Thread 10968] extDB2: SQL_CUSTOM_V2: Version 12 Detected, Latest Version 12 Available
[18:31:23:802407 --5:00] [Thread 10968] extDB2: LOG: Error: Failed opening file C:\Users\xdelt\Desktop\Exile Server Chernarus\steamapps\common\Arma 3 Server\@ExileServerDay\extDB\logs\2017\7\02\Exile_TradingLog.log for writing
[18:31:23:802501 --5:00] [Thread 10968] extDB2: Failed to Load Protocol: LOG
[18:31:23:857039 --5:00] [Thread 10968] extDB2: LOG: Error: Failed opening file C:\Users\xdelt\Desktop\Exile Server Chernarus\steamapps\common\Arma 3 Server\@ExileServerDay\extDB\logs\2017\7\02\Exile_DeathLog.log for writing
[18:31:23:857142 --5:00] [Thread 10968] extDB2: Failed to Load Protocol: LOG
[18:31:23:928984 --5:00] [Thread 10968] extDB2: LOG: Error: Failed opening file C:\Users\xdelt\Desktop\Exile Server Chernarus\steamapps\common\Arma 3 Server\@ExileServerDay\extDB\logs\2017\7\02\Exile_TerritoryLog.log for writing
[18:31:23:929164 --5:00] [Thread 10968] extDB2: Failed to Load Protocol: LOG
[18:31:24:073592 --5:00] [Thread 196] extDB2: SQL_CUSTOM_V2: Error No Custom Call Not Found: Input String insert_infiSTARLog:SuperChil Dayz Exile  Chernarus |Humanity|Deploy Bike|:SERVER_INFO:[SERVER START] TIME  0 || EMAIL  joelawm@gmail.com || VERSION  07-Mar-2017 20-28-27 - v0073 || Local Server Time  [2017,7,2,18,31]
[18:31:24:073781 --5:00] [Thread 196] extDB2: SQL_CUSTOM_V2: Error No Custom Call Not Found: Callname insert_infiSTARLog
[18:31:24:516440 --5:00] [Thread 196] extDB2: SQL_CUSTOM_V2: Error No Custom Call Not Found: Input String insert_infiSTARLog:SuperChil Dayz Exile  Chernarus |Humanity|Deploy Bike|:CONNECTLOG:0 Connected  __SERVER__() Owner  2
[18:31:24:516501 --5:00] [Thread 196] extDB2: SQL_CUSTOM_V2: Error No Custom Call Not Found: Callname insert_infiSTARLog
[18:33:48:995903 --5:00] [Thread 10968] extDB2: Stopping ...
