extDB2: Version: 70
extDB2: https://github.com/Torndeco/extDB2
extDB2: Windows Version
Message: All development for extDB2 is done on a Linux Dedicated Server
Message: If you would like to Donate to extDB2 Development
Message: https://www.paypal.com/cgi-bin/webscr?cmd=_s-xclick&hosted_button_id=2SUEFTGABTAM2
Message: Also leave a message if there is any particular feature you would like to see added.
Message: Thanks for all the people that have donated.
Message: Torndeco: 20/02/15


extDB2: Found extdb-conf.ini
extDB2: Detected 2 Cores, Setting up 2 Worker Threads


[22:29:36:605845 --5:00] [Thread 792] extDB2: Database Type: MySQL
[22:29:36:610146 --5:00] [Thread 792] extDB2: Database Session Pool Started
[22:29:36:612849 --5:00] [Thread 792] extDB2: SQL_CUSTOM_V2: Loading Template Filename: C:\Users\xdelt\Desktop\Exile Server Chernarus\steamapps\common\Arma 3 Server\@ExileServer\extDB\sql_custom_v2\exile.ini
[22:29:36:613086 --5:00] [Thread 792] extDB2: SQL_CUSTOM_V2: Version 12 Detected, Latest Version 12 Available
[22:29:36:702136 --5:00] [Thread 8348] extDB2: SQL_CUSTOM_V2: Error No Custom Call Not Found: Input String insert_infiSTARLog:SuperChil Dayz Exile |Humanity|Deploy Bike|:SERVER_INFO:[SERVER START] TIME  0 || EMAIL  joelawm@gmail.com || VERSION  07-Mar-2017 20-28-27 - v0073 || Local Server Time  [2017,5,25,22,29]
[22:29:36:702182 --5:00] [Thread 8348] extDB2: SQL_CUSTOM_V2: Error No Custom Call Not Found: Callname insert_infiSTARLog
[22:29:37:069175 --5:00] [Thread 8348] extDB2: SQL_CUSTOM_V2: Error No Custom Call Not Found: Input String insert_infiSTARLog:SuperChil Dayz Exile |Humanity|Deploy Bike|:CONNECTLOG:0 Connected  __SERVER__() Owner  2
[22:29:37:069217 --5:00] [Thread 8348] extDB2: SQL_CUSTOM_V2: Error No Custom Call Not Found: Callname insert_infiSTARLog
[22:30:18:005985 --5:00] [Thread 792] extDB2: SQL_CUSTOM_V2: Error No Custom Call Not Found: Input String getTotalConnections:76561198072397859
[22:30:18:006060 --5:00] [Thread 792] extDB2: SQL_CUSTOM_V2: Error No Custom Call Not Found: Callname getTotalConnections
[22:30:18:006465 --5:00] [Thread 8348] extDB2: SQL_CUSTOM_V2: Error No Custom Call Not Found: Input String insert_infiSTARLog:SuperChil Dayz Exile |Humanity|Deploy Bike|:CONNECTLOG:0 Connected  Aurora(76561198072397859) Owner  3, first connected   , last connected   , connections  0
[22:30:18:006503 --5:00] [Thread 8348] extDB2: SQL_CUSTOM_V2: Error No Custom Call Not Found: Callname insert_infiSTARLog
[22:30:18:011023 --5:00] [Thread 8348] extDB2: SQL_CUSTOM_V2: Error No Custom Call Not Found: Input String insert_infiSTARLog:SuperChil Dayz Exile |Humanity|Deploy Bike|:CONNECTLOG:TOKEN [rx1s6ein8o8bjg69g] FOR Aurora(76561198072397859) OWNER  3, ID  1.06919e+009, JIP  true
[22:30:18:011055 --5:00] [Thread 8348] extDB2: SQL_CUSTOM_V2: Error No Custom Call Not Found: Callname insert_infiSTARLog
[22:30:19:528715 --5:00] [Thread 8348] extDB2: SQL_CUSTOM_V2: Error No Custom Call Not Found: Input String insert_infiSTARLog:SuperChil Dayz Exile |Humanity|Deploy Bike|:CONNECTLOG:1 Connected  Aurora(76561198072397859) Owner  3, SteamName  deltagi   [UpTime  0h 0min 25s - ServerFPS  46.2428]
[22:30:19:528760 --5:00] [Thread 8348] extDB2: SQL_CUSTOM_V2: Error No Custom Call Not Found: Callname insert_infiSTARLog
[22:30:33:482188 --5:00] [Thread 8348] extDB2: SQL_CUSTOM_V2: Error No Custom Call Not Found: Input String insert_infiSTARLog:SuperChil Dayz Exile |Humanity|Deploy Bike|:ADMINLOG:Aurora(76561198072397859) | UnlimAmmo - ON
[22:30:33:482249 --5:00] [Thread 8348] extDB2: SQL_CUSTOM_V2: Error No Custom Call Not Found: Callname insert_infiSTARLog
[22:31:07:440001 --5:00] [Thread 8348] extDB2: SQL_CUSTOM_V2: Error No Custom Call Not Found: Input String insert_infiSTARLog:SuperChil Dayz Exile |Humanity|Deploy Bike|:ADMINLOG:Aurora(76561198072397859) | Heal - Aurora(76561198072397859)
[22:31:07:440063 --5:00] [Thread 8348] extDB2: SQL_CUSTOM_V2: Error No Custom Call Not Found: Callname insert_infiSTARLog
[22:31:08:780785 --5:00] [Thread 8348] extDB2: SQL_CUSTOM_V2: Error No Custom Call Not Found: Input String insert_infiSTARLog:SuperChil Dayz Exile |Humanity|Deploy Bike|:netids:Aurora(76561198072397859) - R Pulkovo Bandits 1 (Aurora) REMOTE, Exile_Unit_Player - 2 6730 - 3
[22:31:08:780925 --5:00] [Thread 8348] extDB2: SQL_CUSTOM_V2: Error No Custom Call Not Found: Callname insert_infiSTARLog
[22:36:07:075567 --5:00] [Thread 8348] extDB2: SQL_CUSTOM_V2: Error No Custom Call Not Found: Input String insert_infiSTARLog:SuperChil Dayz Exile |Humanity|Deploy Bike|:ADMINLOG:Aurora(76561198072397859) | Teleport to [12067.2,12649,0](GPS  120027)
[22:36:07:075644 --5:00] [Thread 8348] extDB2: SQL_CUSTOM_V2: Error No Custom Call Not Found: Callname insert_infiSTARLog
[22:36:14:500845 --5:00] [Thread 8348] extDB2: SQL_CUSTOM_V2: Error No Custom Call Not Found: Input String insert_infiSTARLog:SuperChil Dayz Exile |Humanity|Deploy Bike|:ADMINLOG:Aurora(76561198072397859) | Teleport to [6676.99,2540.99,0](GPS  066128)
[22:36:14:500894 --5:00] [Thread 8348] extDB2: SQL_CUSTOM_V2: Error No Custom Call Not Found: Callname insert_infiSTARLog
[22:37:17:714645 --5:00] [Thread 8348] extDB2: SQL_CUSTOM_V2: Error No Custom Call Not Found: Input String insert_infiSTARLog:SuperChil Dayz Exile |Humanity|Deploy Bike|:ADMINLOG:Aurora(76561198072397859) | Teleport to [5429.49,5739.41,0](GPS  054096)
[22:37:17:714744 --5:00] [Thread 8348] extDB2: SQL_CUSTOM_V2: Error No Custom Call Not Found: Callname insert_infiSTARLog
[22:38:33:646800 --5:00] [Thread 8348] extDB2: SQL_CUSTOM_V2: Error No Custom Call Not Found: Input String insert_infiSTARLog:SuperChil Dayz Exile |Humanity|Deploy Bike|:ADMINLOG:Aurora(76561198072397859) | unlocked - [Exile_Car_Van_Fuel_Black]
[22:38:33:646866 --5:00] [Thread 8348] extDB2: SQL_CUSTOM_V2: Error No Custom Call Not Found: Callname insert_infiSTARLog
[22:38:53:832447 --5:00] [Thread 8348] extDB2: SQL_CUSTOM_V2: Error No Custom Call Not Found: Input String insert_infiSTARLog:SuperChil Dayz Exile |Humanity|Deploy Bike|:ADMINLOG:Aurora(76561198072397859) | Night
[22:38:53:832506 --5:00] [Thread 8348] extDB2: SQL_CUSTOM_V2: Error No Custom Call Not Found: Callname insert_infiSTARLog
[22:39:01:531964 --5:00] [Thread 8348] extDB2: SQL_CUSTOM_V2: Error No Custom Call Not Found: Input String insert_infiSTARLog:SuperChil Dayz Exile |Humanity|Deploy Bike|:ADMINLOG:Aurora(76561198072397859) | Teleport to [4779.29,2478.39,0](GPS  047128)
[22:39:01:532043 --5:00] [Thread 8348] extDB2: SQL_CUSTOM_V2: Error No Custom Call Not Found: Callname insert_infiSTARLog
[22:39:15:140965 --5:00] [Thread 8348] extDB2: SQL_CUSTOM_V2: Error No Custom Call Not Found: Input String insert_infiSTARLog:SuperChil Dayz Exile |Humanity|Deploy Bike|:ADMINLOG:Aurora(76561198072397859) | Teleport to [5418.18,5736.55,0](GPS  054096)
[22:39:15:141021 --5:00] [Thread 8348] extDB2: SQL_CUSTOM_V2: Error No Custom Call Not Found: Callname insert_infiSTARLog
[22:39:49:395348 --5:00] [Thread 8348] extDB2: SQL_CUSTOM_V2: Error No Custom Call Not Found: Input String insert_infiSTARLog:SuperChil Dayz Exile |Humanity|Deploy Bike|:ADMINLOG:Aurora(76561198072397859) | Night
[22:39:49:395417 --5:00] [Thread 8348] extDB2: SQL_CUSTOM_V2: Error No Custom Call Not Found: Callname insert_infiSTARLog
[22:40:01:373792 --5:00] [Thread 8348] extDB2: SQL_CUSTOM_V2: Error No Custom Call Not Found: Input String insert_infiSTARLog:SuperChil Dayz Exile |Humanity|Deploy Bike|:ADMINLOG:Aurora(76561198072397859) | Day
[22:40:01:373845 --5:00] [Thread 8348] extDB2: SQL_CUSTOM_V2: Error No Custom Call Not Found: Callname insert_infiSTARLog
[22:40:10:317742 --5:00] [Thread 8348] extDB2: SQL_CUSTOM_V2: Error No Custom Call Not Found: Input String insert_infiSTARLog:SuperChil Dayz Exile |Humanity|Deploy Bike|:ADMINLOG:Aurora(76561198072397859) | Teleport to [4264.7,8874.73,0](GPS  042064)
[22:40:10:317802 --5:00] [Thread 8348] extDB2: SQL_CUSTOM_V2: Error No Custom Call Not Found: Callname insert_infiSTARLog
[22:40:31:062268 --5:00] [Thread 8348] extDB2: SQL_CUSTOM_V2: Error No Custom Call Not Found: Input String insert_infiSTARLog:SuperChil Dayz Exile |Humanity|Deploy Bike|:ADMINLOG:Aurora(76561198072397859) | Teleport to [5439.7,5733.3,0](GPS  054096)
[22:40:31:062466 --5:00] [Thread 8348] extDB2: SQL_CUSTOM_V2: Error No Custom Call Not Found: Callname insert_infiSTARLog
[22:41:02:124519 --5:00] [Thread 792] extDB2: SQL_CUSTOM_V2: Error No Custom Call Not Found: Input String getTotalConnections:76561198100309836
[22:41:02:124591 --5:00] [Thread 792] extDB2: SQL_CUSTOM_V2: Error No Custom Call Not Found: Callname getTotalConnections
[22:41:02:125012 --5:00] [Thread 8348] extDB2: SQL_CUSTOM_V2: Error No Custom Call Not Found: Input String insert_infiSTARLog:SuperChil Dayz Exile |Humanity|Deploy Bike|:CONNECTLOG:0 Connected  A. Stec(76561198100309836) Owner  6, first connected   , last connected   , connections  0
[22:41:02:125055 --5:00] [Thread 8348] extDB2: SQL_CUSTOM_V2: Error No Custom Call Not Found: Callname insert_infiSTARLog
[22:41:02:127950 --5:00] [Thread 8348] extDB2: SQL_CUSTOM_V2: Error No Custom Call Not Found: Input String insert_infiSTARLog:SuperChil Dayz Exile |Humanity|Deploy Bike|:CONNECTLOG:TOKEN [mzqwbed8os7kmc7nyo] FOR A. Stec(76561198100309836) OWNER  6, ID  2.08869e+008, JIP  true
[22:41:02:127978 --5:00] [Thread 8348] extDB2: SQL_CUSTOM_V2: Error No Custom Call Not Found: Callname insert_infiSTARLog
[22:41:04:187657 --5:00] [Thread 8348] extDB2: SQL_CUSTOM_V2: Error No Custom Call Not Found: Input String insert_infiSTARLog:SuperChil Dayz Exile |Humanity|Deploy Bike|:CONNECTLOG:1 Connected  A. Stec(76561198100309836) Owner  6, SteamName  AnthonyS117   [UpTime  0h 11min 8s - ServerFPS  46.6472]
[22:41:04:187711 --5:00] [Thread 8348] extDB2: SQL_CUSTOM_V2: Error No Custom Call Not Found: Callname insert_infiSTARLog
[22:41:09:071187 --5:00] [Thread 8348] extDB2: SQL_CUSTOM_V2: Error No Custom Call Not Found: Input String insert_infiSTARLog:SuperChil Dayz Exile |Humanity|Deploy Bike|:ADMINLOG:Aurora(76561198072397859) | Teleport - Target To Me - Aurora(76561198072397859)
[22:41:09:071239 --5:00] [Thread 8348] extDB2: SQL_CUSTOM_V2: Error No Custom Call Not Found: Callname insert_infiSTARLog
[22:41:09:074501 --5:00] [Thread 8348] extDB2: SQL_CUSTOM_V2: Error No Custom Call Not Found: Input String insert_infiSTARLog:SuperChil Dayz Exile |Humanity|Deploy Bike|:ADMINLOG:Aurora(76561198072397859) | Teleported Aurora(76561198072397859) from [5423.09,5757.52,0.00143433](054096) to [5422.23,5757.02,0.281781](054096)  (1m)
[22:41:09:074531 --5:00] [Thread 8348] extDB2: SQL_CUSTOM_V2: Error No Custom Call Not Found: Callname insert_infiSTARLog
[22:41:10:982612 --5:00] [Thread 8348] extDB2: SQL_CUSTOM_V2: Error No Custom Call Not Found: Input String insert_infiSTARLog:SuperChil Dayz Exile |Humanity|Deploy Bike|:ADMINLOG:Aurora(76561198072397859) | Teleport - Target To Me - Aurora(76561198072397859)
[22:41:10:982662 --5:00] [Thread 8348] extDB2: SQL_CUSTOM_V2: Error No Custom Call Not Found: Callname insert_infiSTARLog
[22:41:10:985850 --5:00] [Thread 8348] extDB2: SQL_CUSTOM_V2: Error No Custom Call Not Found: Input String insert_infiSTARLog:SuperChil Dayz Exile |Humanity|Deploy Bike|:ADMINLOG:Aurora(76561198072397859) | Teleported Aurora(76561198072397859) from [5422.23,5757.02,0.00143433](054096) to [5421.37,5756.51,0.284955](054096)  (1m)
[22:41:10:985881 --5:00] [Thread 8348] extDB2: SQL_CUSTOM_V2: Error No Custom Call Not Found: Callname insert_infiSTARLog
[22:41:11:840131 --5:00] [Thread 8348] extDB2: SQL_CUSTOM_V2: Error No Custom Call Not Found: Input String insert_infiSTARLog:SuperChil Dayz Exile |Humanity|Deploy Bike|:ADMINLOG:Aurora(76561198072397859) | Teleport - Target To Me - Aurora(76561198072397859)
[22:41:11:840170 --5:00] [Thread 8348] extDB2: SQL_CUSTOM_V2: Error No Custom Call Not Found: Callname insert_infiSTARLog
[22:41:11:843297 --5:00] [Thread 8348] extDB2: SQL_CUSTOM_V2: Error No Custom Call Not Found: Input String insert_infiSTARLog:SuperChil Dayz Exile |Humanity|Deploy Bike|:ADMINLOG:Aurora(76561198072397859) | Teleported Aurora(76561198072397859) from [5421.37,5756.51,0.00146484](054096) to [5420.5,5756,0.284985](054096)  (1m)
[22:41:11:843336 --5:00] [Thread 8348] extDB2: SQL_CUSTOM_V2: Error No Custom Call Not Found: Callname insert_infiSTARLog
[22:41:12:955664 --5:00] [Thread 8348] extDB2: SQL_CUSTOM_V2: Error No Custom Call Not Found: Input String insert_infiSTARLog:SuperChil Dayz Exile |Humanity|Deploy Bike|:ADMINLOG:Aurora(76561198072397859) | Teleport - Target To Me - Aurora(76561198072397859)
[22:41:12:955712 --5:00] [Thread 8348] extDB2: SQL_CUSTOM_V2: Error No Custom Call Not Found: Callname insert_infiSTARLog
[22:41:12:958902 --5:00] [Thread 8348] extDB2: SQL_CUSTOM_V2: Error No Custom Call Not Found: Input String insert_infiSTARLog:SuperChil Dayz Exile |Humanity|Deploy Bike|:ADMINLOG:Aurora(76561198072397859) | Teleported Aurora(76561198072397859) from [5420.5,5756,0.00146484](054096) to [5419.64,5755.5,0.284955](054096)  (1m)
[22:41:12:958934 --5:00] [Thread 8348] extDB2: SQL_CUSTOM_V2: Error No Custom Call Not Found: Callname insert_infiSTARLog
[22:41:13:750187 --5:00] [Thread 8348] extDB2: SQL_CUSTOM_V2: Error No Custom Call Not Found: Input String insert_infiSTARLog:SuperChil Dayz Exile |Humanity|Deploy Bike|:ADMINLOG:Aurora(76561198072397859) | Teleport - Target To Me - Aurora(76561198072397859)
[22:41:13:750229 --5:00] [Thread 8348] extDB2: SQL_CUSTOM_V2: Error No Custom Call Not Found: Callname insert_infiSTARLog
[22:41:13:753290 --5:00] [Thread 8348] extDB2: SQL_CUSTOM_V2: Error No Custom Call Not Found: Input String insert_infiSTARLog:SuperChil Dayz Exile |Humanity|Deploy Bike|:ADMINLOG:Aurora(76561198072397859) | Teleported Aurora(76561198072397859) from [5419.64,5755.5,0.00143433](054096) to [5418.78,5754.99,0.29646](054096)  (1m)
[22:41:13:753321 --5:00] [Thread 8348] extDB2: SQL_CUSTOM_V2: Error No Custom Call Not Found: Callname insert_infiSTARLog
[22:41:14:672661 --5:00] [Thread 8348] extDB2: SQL_CUSTOM_V2: Error No Custom Call Not Found: Input String insert_infiSTARLog:SuperChil Dayz Exile |Humanity|Deploy Bike|:ADMINLOG:Aurora(76561198072397859) | Teleport - Target To Me - Aurora(76561198072397859)
[22:41:14:672722 --5:00] [Thread 8348] extDB2: SQL_CUSTOM_V2: Error No Custom Call Not Found: Callname insert_infiSTARLog
[22:41:14:676640 --5:00] [Thread 8348] extDB2: SQL_CUSTOM_V2: Error No Custom Call Not Found: Input String insert_infiSTARLog:SuperChil Dayz Exile |Humanity|Deploy Bike|:ADMINLOG:Aurora(76561198072397859) | Teleported Aurora(76561198072397859) from [5418.78,5754.99,0.00149536](054096) to [5417.92,5754.48,0.297772](054096)  (1m)
[22:41:14:676672 --5:00] [Thread 8348] extDB2: SQL_CUSTOM_V2: Error No Custom Call Not Found: Callname insert_infiSTARLog
[22:41:15:407497 --5:00] [Thread 8348] extDB2: SQL_CUSTOM_V2: Error No Custom Call Not Found: Input String insert_infiSTARLog:SuperChil Dayz Exile |Humanity|Deploy Bike|:ADMINLOG:Aurora(76561198072397859) | Teleport - Target To Me - Aurora(76561198072397859)
[22:41:15:407545 --5:00] [Thread 8348] extDB2: SQL_CUSTOM_V2: Error No Custom Call Not Found: Callname insert_infiSTARLog
[22:41:15:410632 --5:00] [Thread 8348] extDB2: SQL_CUSTOM_V2: Error No Custom Call Not Found: Input String insert_infiSTARLog:SuperChil Dayz Exile |Humanity|Deploy Bike|:ADMINLOG:Aurora(76561198072397859) | Teleported Aurora(76561198072397859) from [5417.92,5754.48,0.00146484](054096) to [5417.06,5753.98,0.297772](054096)  (1m)
[22:41:15:410663 --5:00] [Thread 8348] extDB2: SQL_CUSTOM_V2: Error No Custom Call Not Found: Callname insert_infiSTARLog
[22:41:16:768885 --5:00] [Thread 8348] extDB2: SQL_CUSTOM_V2: Error No Custom Call Not Found: Input String insert_infiSTARLog:SuperChil Dayz Exile |Humanity|Deploy Bike|:ADMINLOG:Aurora(76561198072397859) | Teleport - Target To Me - Aurora(76561198072397859)
[22:41:16:768933 --5:00] [Thread 8348] extDB2: SQL_CUSTOM_V2: Error No Custom Call Not Found: Callname insert_infiSTARLog
[22:41:16:772152 --5:00] [Thread 8348] extDB2: SQL_CUSTOM_V2: Error No Custom Call Not Found: Input String insert_infiSTARLog:SuperChil Dayz Exile |Humanity|Deploy Bike|:ADMINLOG:Aurora(76561198072397859) | Teleported Aurora(76561198072397859) from [5417.06,5753.98,0.00149536](054096) to [5416.19,5753.47,0.297772](054096)  (1m)
[22:41:16:772283 --5:00] [Thread 8348] extDB2: SQL_CUSTOM_V2: Error No Custom Call Not Found: Callname insert_infiSTARLog
[22:41:25:987595 --5:00] [Thread 8348] extDB2: SQL_CUSTOM_V2: Error No Custom Call Not Found: Input String insert_infiSTARLog:SuperChil Dayz Exile |Humanity|Deploy Bike|:ADMINLOG:A. Stec(76561198100309836) | Teleport to [5417.9,5749.9,0](GPS  054096)
[22:41:25:987657 --5:00] [Thread 8348] extDB2: SQL_CUSTOM_V2: Error No Custom Call Not Found: Callname insert_infiSTARLog
[22:41:31:730760 --5:00] [Thread 8348] extDB2: SQL_CUSTOM_V2: Error No Custom Call Not Found: Input String insert_infiSTARLog:SuperChil Dayz Exile |Humanity|Deploy Bike|:ADMINLOG:A. Stec(76561198100309836) | Loaded Loadout [hero]
[22:41:31:730817 --5:00] [Thread 8348] extDB2: SQL_CUSTOM_V2: Error No Custom Call Not Found: Callname insert_infiSTARLog
[22:41:42:353552 --5:00] [Thread 8348] extDB2: SQL_CUSTOM_V2: Error No Custom Call Not Found: Input String insert_infiSTARLog:SuperChil Dayz Exile |Humanity|Deploy Bike|:ADMINLOG:Aurora(76561198072397859) | Spawning Large IED (Dug-in) (IEDLandBig_Remote_Mag) on A. Stec!
[22:41:42:353608 --5:00] [Thread 8348] extDB2: SQL_CUSTOM_V2: Error No Custom Call Not Found: Callname insert_infiSTARLog
[22:41:47:332321 --5:00] [Thread 8348] extDB2: SQL_CUSTOM_V2: Error No Custom Call Not Found: Input String insert_infiSTARLog:SuperChil Dayz Exile |Humanity|Deploy Bike|:netids:A. Stec(76561198100309836) - R Pulkovo Bandits 2 (A. Stec) REMOTE, Exile_Unit_Player - 2 6775 - 6
[22:41:47:332373 --5:00] [Thread 8348] extDB2: SQL_CUSTOM_V2: Error No Custom Call Not Found: Callname insert_infiSTARLog
[22:41:59:247050 --5:00] [Thread 8348] extDB2: SQL_CUSTOM_V2: Error No Custom Call Not Found: Input String insert_infiSTARLog:SuperChil Dayz Exile |Humanity|Deploy Bike|:ADMINLOG:A. Stec(76561198100309836) | Teleport to [6829.17,2432.81,0](GPS  068129)
[22:41:59:247114 --5:00] [Thread 8348] extDB2: SQL_CUSTOM_V2: Error No Custom Call Not Found: Callname insert_infiSTARLog
[22:41:59:268106 --5:00] [Thread 8348] extDB2: SQL_CUSTOM_V2: Error No Custom Call Not Found: Input String insert_infiSTARLog:SuperChil Dayz Exile |Humanity|Deploy Bike|:ADMINLOG:Aurora(76561198072397859) | Spawning Hunting Backpack (B_HuntingBackpack) on A. Stec!
[22:41:59:268158 --5:00] [Thread 8348] extDB2: SQL_CUSTOM_V2: Error No Custom Call Not Found: Callname insert_infiSTARLog
[22:42:06:308446 --5:00] [Thread 8348] extDB2: SQL_CUSTOM_V2: Error No Custom Call Not Found: Input String insert_infiSTARLog:SuperChil Dayz Exile |Humanity|Deploy Bike|:ADMINLOG:Aurora(76561198072397859) | Spawning Small IED (Dug-in) (IEDLandSmall_Remote_Mag) on A. Stec!
[22:42:06:308504 --5:00] [Thread 8348] extDB2: SQL_CUSTOM_V2: Error No Custom Call Not Found: Callname insert_infiSTARLog
[22:42:09:306943 --5:00] [Thread 8348] extDB2: SQL_CUSTOM_V2: Error No Custom Call Not Found: Input String insert_infiSTARLog:SuperChil Dayz Exile |Humanity|Deploy Bike|:ADMINLOG:Aurora(76561198072397859) | Spawning Small IED (Dug-in) (IEDLandSmall_Remote_Mag) on Aurora!
[22:42:09:307012 --5:00] [Thread 8348] extDB2: SQL_CUSTOM_V2: Error No Custom Call Not Found: Callname insert_infiSTARLog
[22:42:14:676767 --5:00] [Thread 8348] extDB2: SQL_CUSTOM_V2: Error No Custom Call Not Found: Input String insert_infiSTARLog:SuperChil Dayz Exile |Humanity|Deploy Bike|:ADMINLOG:Aurora(76561198072397859) | Teleport to [4340.03,8829.6,0](GPS  043065)
[22:42:14:676823 --5:00] [Thread 8348] extDB2: SQL_CUSTOM_V2: Error No Custom Call Not Found: Callname insert_infiSTARLog
[22:42:28:436914 --5:00] [Thread 8348] extDB2: SQL_CUSTOM_V2: Error No Custom Call Not Found: Input String insert_infiSTARLog:SuperChil Dayz Exile |Humanity|Deploy Bike|:ADMINLOG:Aurora(76561198072397859) | Spawning Assault Pack (Green) (B_AssaultPack_rgr) on Aurora!
[22:42:28:436975 --5:00] [Thread 8348] extDB2: SQL_CUSTOM_V2: Error No Custom Call Not Found: Callname insert_infiSTARLog
[22:42:35:768936 --5:00] [Thread 8348] extDB2: SQL_CUSTOM_V2: Error No Custom Call Not Found: Input String insert_infiSTARLog:SuperChil Dayz Exile |Humanity|Deploy Bike|:ADMINLOG:Aurora(76561198072397859) | Spawning Small IED (Dug-in) (IEDLandSmall_Remote_Mag) on the ground infront of Aurora!
[22:42:35:768999 --5:00] [Thread 8348] extDB2: SQL_CUSTOM_V2: Error No Custom Call Not Found: Callname insert_infiSTARLog
[22:42:36:787609 --5:00] [Thread 8348] extDB2: SQL_CUSTOM_V2: Error No Custom Call Not Found: Input String insert_infiSTARLog:SuperChil Dayz Exile |Humanity|Deploy Bike|:ADMINLOG:A. Stec(76561198100309836) | Teleport to [6862.25,2794.36,0](GPS  068125)
[22:42:36:787656 --5:00] [Thread 8348] extDB2: SQL_CUSTOM_V2: Error No Custom Call Not Found: Callname insert_infiSTARLog
[22:42:43:508671 --5:00] [Thread 8348] extDB2: SQL_CUSTOM_V2: Error No Custom Call Not Found: Input String insert_infiSTARLog:SuperChil Dayz Exile |Humanity|Deploy Bike|:ADMINLOG:A. Stec(76561198100309836) | Teleport to [6711.12,2487.18,0](GPS  067128)
[22:42:43:508728 --5:00] [Thread 8348] extDB2: SQL_CUSTOM_V2: Error No Custom Call Not Found: Callname insert_infiSTARLog
[22:42:57:152015 --5:00] [Thread 8348] extDB2: SQL_CUSTOM_V2: Error No Custom Call Not Found: Input String insert_infiSTARLog:SuperChil Dayz Exile |Humanity|Deploy Bike|:ADMINLOG:Aurora(76561198072397859) | Spawning Large IED (Dug-in) (IEDLandBig_Remote_Mag) on the ground infront of Aurora!
[22:42:57:152083 --5:00] [Thread 8348] extDB2: SQL_CUSTOM_V2: Error No Custom Call Not Found: Callname insert_infiSTARLog
[22:43:08:298503 --5:00] [Thread 8348] extDB2: SQL_CUSTOM_V2: Error No Custom Call Not Found: Input String insert_infiSTARLog:SuperChil Dayz Exile |Humanity|Deploy Bike|:ADMINLOG:A. Stec(76561198100309836) | God Mode - ON
[22:43:08:298562 --5:00] [Thread 8348] extDB2: SQL_CUSTOM_V2: Error No Custom Call Not Found: Callname insert_infiSTARLog
[22:43:10:382601 --5:00] [Thread 8348] extDB2: SQL_CUSTOM_V2: Error No Custom Call Not Found: Input String insert_infiSTARLog:SuperChil Dayz Exile |Humanity|Deploy Bike|:ADMINLOG:A. Stec(76561198100309836) | UnlimAmmo - ON
[22:43:10:382651 --5:00] [Thread 8348] extDB2: SQL_CUSTOM_V2: Error No Custom Call Not Found: Callname insert_infiSTARLog
[22:43:18:137973 --5:00] [Thread 8348] extDB2: SQL_CUSTOM_V2: Error No Custom Call Not Found: Input String insert_infiSTARLog:SuperChil Dayz Exile |Humanity|Deploy Bike|:ADMINLOG:A. Stec(76561198100309836) | Vehicle God Mode - ON
[22:43:18:138038 --5:00] [Thread 8348] extDB2: SQL_CUSTOM_V2: Error No Custom Call Not Found: Callname insert_infiSTARLog
[22:43:53:463284 --5:00] [Thread 8348] extDB2: SQL_CUSTOM_V2: Error No Custom Call Not Found: Input String insert_infiSTARLog:SuperChil Dayz Exile |Humanity|Deploy Bike|:ADMINLOG:Aurora(76561198072397859) | Spawning APERS Mine (APERSMine_Range_Mag) on the ground infront of Aurora!
[22:43:53:463364 --5:00] [Thread 8348] extDB2: SQL_CUSTOM_V2: Error No Custom Call Not Found: Callname insert_infiSTARLog
[22:44:05:017879 --5:00] [Thread 8348] extDB2: SQL_CUSTOM_V2: Error No Custom Call Not Found: Input String insert_infiSTARLog:SuperChil Dayz Exile |Humanity|Deploy Bike|:ADMINLOG:Aurora(76561198072397859) | Spawning APERS Mine (APERSMine_Range_Mag) on the ground infront of Aurora!
[22:44:05:017935 --5:00] [Thread 8348] extDB2: SQL_CUSTOM_V2: Error No Custom Call Not Found: Callname insert_infiSTARLog
[22:44:16:937715 --5:00] [Thread 8348] extDB2: SQL_CUSTOM_V2: Error No Custom Call Not Found: Input String insert_infiSTARLog:SuperChil Dayz Exile |Humanity|Deploy Bike|:ADMINLOG:A. Stec(76561198100309836) | Teleport to [6847.03,2411.1,0](GPS  068129)
[22:44:16:937775 --5:00] [Thread 8348] extDB2: SQL_CUSTOM_V2: Error No Custom Call Not Found: Callname insert_infiSTARLog
[22:44:28:688533 --5:00] [Thread 8348] extDB2: SQL_CUSTOM_V2: Error No Custom Call Not Found: Input String insert_infiSTARLog:SuperChil Dayz Exile |Humanity|Deploy Bike|:ADMINLOG:Aurora(76561198072397859) | Spawning Explosive Charge (DemoCharge_Remote_Mag) on the ground infront of Aurora!
[22:44:28:688593 --5:00] [Thread 8348] extDB2: SQL_CUSTOM_V2: Error No Custom Call Not Found: Callname insert_infiSTARLog
[22:44:30:628863 --5:00] [Thread 8348] extDB2: SQL_CUSTOM_V2: Error No Custom Call Not Found: Input String insert_infiSTARLog:SuperChil Dayz Exile |Humanity|Deploy Bike|:ADMINLOG:A. Stec(76561198100309836) | Teleport to [10523.9,2059.18,0](GPS  105133)
[22:44:30:628910 --5:00] [Thread 8348] extDB2: SQL_CUSTOM_V2: Error No Custom Call Not Found: Callname insert_infiSTARLog
[22:44:40:980087 --5:00] [Thread 8348] extDB2: SQL_CUSTOM_V2: Error No Custom Call Not Found: Input String insert_infiSTARLog:SuperChil Dayz Exile |Humanity|Deploy Bike|:ADMINLOG:A. Stec(76561198100309836) | Teleport to [10260,1877.65,0](GPS  102134)
[22:44:40:980145 --5:00] [Thread 8348] extDB2: SQL_CUSTOM_V2: Error No Custom Call Not Found: Callname insert_infiSTARLog
[22:44:45:493451 --5:00] [Thread 8348] extDB2: SQL_CUSTOM_V2: Error No Custom Call Not Found: Input String insert_infiSTARLog:SuperChil Dayz Exile |Humanity|Deploy Bike|:ADMINLOG:A. Stec(76561198100309836) | Teleport to [10326,1768.53,0](GPS  103135)
[22:44:45:493499 --5:00] [Thread 8348] extDB2: SQL_CUSTOM_V2: Error No Custom Call Not Found: Callname insert_infiSTARLog
[22:44:49:109366 --5:00] [Thread 8348] extDB2: SQL_CUSTOM_V2: Error No Custom Call Not Found: Input String insert_infiSTARLog:SuperChil Dayz Exile |Humanity|Deploy Bike|:ADMINLOG:A. Stec(76561198100309836) | Teleport to [10343.2,1781.51,0](GPS  103135)
[22:44:49:109426 --5:00] [Thread 8348] extDB2: SQL_CUSTOM_V2: Error No Custom Call Not Found: Callname insert_infiSTARLog
[22:44:54:286672 --5:00] [Thread 8348] extDB2: SQL_CUSTOM_V2: Error No Custom Call Not Found: Input String insert_infiSTARLog:SuperChil Dayz Exile |Humanity|Deploy Bike|:ADMINLOG:Aurora(76561198072397859) | Teleport to [5432.86,5739.57,0](GPS  054096)
[22:44:54:286720 --5:00] [Thread 8348] extDB2: SQL_CUSTOM_V2: Error No Custom Call Not Found: Callname insert_infiSTARLog
[22:45:03:186396 --5:00] [Thread 8348] extDB2: SQL_CUSTOM_V2: Error No Custom Call Not Found: Input String insert_infiSTARLog:SuperChil Dayz Exile |Humanity|Deploy Bike|:ADMINLOG:A. Stec(76561198100309836) | Teleport to [5418.8,5729.5,0](GPS  054096)
[22:45:03:186501 --5:00] [Thread 8348] extDB2: SQL_CUSTOM_V2: Error No Custom Call Not Found: Callname insert_infiSTARLog
[22:46:21:282368 --5:00] [Thread 3960] extDB2: SQL_CUSTOM_V2: Error No Custom Call Not Found: Input String insert_infiSTARLog:SuperChil Dayz Exile |Humanity|Deploy Bike|:netids:Aurora(76561198072397859) - R Pulkovo Bandits 3 (Aurora) REMOTE, Exile_Unit_Player - 2 6872 - 3
[22:46:21:282421 --5:00] [Thread 3960] extDB2: SQL_CUSTOM_V2: Error No Custom Call Not Found: Callname insert_infiSTARLog
[22:46:22:878121 --5:00] [Thread 3960] extDB2: SQL_CUSTOM_V2: Error No Custom Call Not Found: Input String insert_infiSTARLog:SuperChil Dayz Exile |Humanity|Deploy Bike|:ADMINLOG:Aurora(76561198072397859) | Teleport to [5411.39,5753.59,0](GPS  054096)
[22:46:22:878169 --5:00] [Thread 3960] extDB2: SQL_CUSTOM_V2: Error No Custom Call Not Found: Callname insert_infiSTARLog
[22:46:42:762993 --5:00] [Thread 3960] extDB2: SQL_CUSTOM_V2: Error No Custom Call Not Found: Input String insert_infiSTARLog:SuperChil Dayz Exile |Humanity|Deploy Bike|:ADMINLOG:Aurora(76561198072397859) | Loaded Loadout [Hero]
[22:46:42:763052 --5:00] [Thread 3960] extDB2: SQL_CUSTOM_V2: Error No Custom Call Not Found: Callname insert_infiSTARLog
[22:47:06:410036 --5:00] [Thread 3960] extDB2: SQL_CUSTOM_V2: Error No Custom Call Not Found: Input String insert_infiSTARLog:SuperChil Dayz Exile |Humanity|Deploy Bike|:netids:Aurora(76561198072397859) - R Pulkovo Bandits 1 (Aurora) REMOTE, Exile_Unit_Player - 2 6881 - 3
[22:47:06:410087 --5:00] [Thread 3960] extDB2: SQL_CUSTOM_V2: Error No Custom Call Not Found: Callname insert_infiSTARLog
[22:47:15:092389 --5:00] [Thread 3960] extDB2: SQL_CUSTOM_V2: Error No Custom Call Not Found: Input String insert_infiSTARLog:SuperChil Dayz Exile |Humanity|Deploy Bike|:ADMINLOG:Aurora(76561198072397859) | Teleport to [5423.31,5755.65,0](GPS  054096)
[22:47:15:092448 --5:00] [Thread 3960] extDB2: SQL_CUSTOM_V2: Error No Custom Call Not Found: Callname insert_infiSTARLog
[22:47:25:609180 --5:00] [Thread 3960] extDB2: SQL_CUSTOM_V2: Error No Custom Call Not Found: Input String insert_infiSTARLog:SuperChil Dayz Exile |Humanity|Deploy Bike|:ADMINLOG:Aurora(76561198072397859) | Loaded Loadout [Hero]
[22:47:25:609237 --5:00] [Thread 3960] extDB2: SQL_CUSTOM_V2: Error No Custom Call Not Found: Callname insert_infiSTARLog
[22:47:42:881557 --5:00] [Thread 3960] extDB2: SQL_CUSTOM_V2: Error No Custom Call Not Found: Input String insert_infiSTARLog:SuperChil Dayz Exile |Humanity|Deploy Bike|:ADMINLOG:A. Stec(76561198100309836) | Heal - A. Stec(76561198100309836)
[22:47:42:881613 --5:00] [Thread 3960] extDB2: SQL_CUSTOM_V2: Error No Custom Call Not Found: Callname insert_infiSTARLog
[22:47:43:714882 --5:00] [Thread 3960] extDB2: SQL_CUSTOM_V2: Error No Custom Call Not Found: Input String insert_infiSTARLog:SuperChil Dayz Exile |Humanity|Deploy Bike|:ADMINLOG:A. Stec(76561198100309836) | Restore - A. Stec(76561198100309836)
[22:47:43:714930 --5:00] [Thread 3960] extDB2: SQL_CUSTOM_V2: Error No Custom Call Not Found: Callname insert_infiSTARLog
[22:48:27:766070 --5:00] [Thread 3960] extDB2: SQL_CUSTOM_V2: Error No Custom Call Not Found: Input String insert_infiSTARLog:SuperChil Dayz Exile |Humanity|Deploy Bike|:ADMINLOG:Aurora(76561198072397859) | spawning Ural Truck (I_mas_cars_Ural) (NonPersistent)
[22:48:27:766128 --5:00] [Thread 3960] extDB2: SQL_CUSTOM_V2: Error No Custom Call Not Found: Callname insert_infiSTARLog
[22:49:17:345171 --5:00] [Thread 3960] extDB2: SQL_CUSTOM_V2: Error No Custom Call Not Found: Input String insert_infiSTARLog:SuperChil Dayz Exile |Humanity|Deploy Bike|:ADMINLOG:A. Stec(76561198100309836) | Spawning GPS (ItemGPS) on A. Stec!
[22:49:17:345256 --5:00] [Thread 3960] extDB2: SQL_CUSTOM_V2: Error No Custom Call Not Found: Callname insert_infiSTARLog
[22:51:08:693803 --5:00] [Thread 3960] extDB2: SQL_CUSTOM_V2: Error No Custom Call Not Found: Input String insert_infiSTARLog:SuperChil Dayz Exile |Humanity|Deploy Bike|:ADMINLOG:A. Stec(76561198100309836) | Teleported A. Stec(76561198100309836) from [4914.39,5608.57,2.09613](049097) to [7381.7,12325.6,0.3](073030)  (7156m)
[22:51:08:693900 --5:00] [Thread 3960] extDB2: SQL_CUSTOM_V2: Error No Custom Call Not Found: Callname insert_infiSTARLog
[22:51:08:698764 --5:00] [Thread 3960] extDB2: SQL_CUSTOM_V2: Error No Custom Call Not Found: Input String insert_infiSTARLog:SuperChil Dayz Exile |Humanity|Deploy Bike|:ADMINLOG:A. Stec(76561198100309836) | Teleport to [7381.7,12325.6,0](GPS  073030)
[22:51:08:698795 --5:00] [Thread 3960] extDB2: SQL_CUSTOM_V2: Error No Custom Call Not Found: Callname insert_infiSTARLog
[22:51:25:268172 --5:00] [Thread 3960] extDB2: SQL_CUSTOM_V2: Error No Custom Call Not Found: Input String insert_infiSTARLog:SuperChil Dayz Exile |Humanity|Deploy Bike|:ADMINLOG:Aurora(76561198072397859) | Teleport to [7371.45,12326.1,0](GPS  073030)
[22:51:25:268231 --5:00] [Thread 3960] extDB2: SQL_CUSTOM_V2: Error No Custom Call Not Found: Callname insert_infiSTARLog
[22:51:45:199045 --5:00] [Thread 3960] extDB2: SQL_CUSTOM_V2: Error No Custom Call Not Found: Input String insert_infiSTARLog:SuperChil Dayz Exile |Humanity|Deploy Bike|:ADMINLOG:Aurora(76561198072397859) | Teleported Aurora(76561198072397859) from [7381.74,12325.8,2.12828](073030) to [5412.72,5633.71,0.3](054097)  (6976m)
[22:51:45:199100 --5:00] [Thread 3960] extDB2: SQL_CUSTOM_V2: Error No Custom Call Not Found: Callname insert_infiSTARLog
[22:51:45:202479 --5:00] [Thread 3960] extDB2: SQL_CUSTOM_V2: Error No Custom Call Not Found: Input String insert_infiSTARLog:SuperChil Dayz Exile |Humanity|Deploy Bike|:ADMINLOG:Aurora(76561198072397859) | Teleport to [5412.72,5633.71,0](GPS  054097)
[22:51:45:202511 --5:00] [Thread 3960] extDB2: SQL_CUSTOM_V2: Error No Custom Call Not Found: Callname insert_infiSTARLog
[22:52:14:960852 --5:00] [Thread 3960] extDB2: SQL_CUSTOM_V2: Error No Custom Call Not Found: Input String insert_infiSTARLog:SuperChil Dayz Exile |Humanity|Deploy Bike|:ADMINLOG:Aurora(76561198072397859) | Deleting I_mas_cars_Ural @054096..
[22:52:14:960983 --5:00] [Thread 3960] extDB2: SQL_CUSTOM_V2: Error No Custom Call Not Found: Callname insert_infiSTARLog
[22:54:23:002884 --5:00] [Thread 3960] extDB2: SQL_CUSTOM_V2: Error No Custom Call Not Found: Input String insert_infiSTARLog:SuperChil Dayz Exile |Humanity|Deploy Bike|:ADMINLOG:Aurora(76561198072397859) | Teleport to [7084.44,12225.6,0](GPS  070031)
[22:54:23:002952 --5:00] [Thread 3960] extDB2: SQL_CUSTOM_V2: Error No Custom Call Not Found: Callname insert_infiSTARLog
[22:54:38:125434 --5:00] [Thread 3960] extDB2: SQL_CUSTOM_V2: Error No Custom Call Not Found: Input String insert_infiSTARLog:SuperChil Dayz Exile |Humanity|Deploy Bike|:ADMINLOG:Aurora(76561198072397859) | Teleport to [7145.27,11809.9,0](GPS  071035)
[22:54:38:125489 --5:00] [Thread 3960] extDB2: SQL_CUSTOM_V2: Error No Custom Call Not Found: Callname insert_infiSTARLog
[22:54:44:021078 --5:00] [Thread 3960] extDB2: SQL_CUSTOM_V2: Error No Custom Call Not Found: Input String insert_infiSTARLog:SuperChil Dayz Exile |Humanity|Deploy Bike|:ADMINLOG:Aurora(76561198072397859) | Teleport to [5430.84,5753.59,0](GPS  054096)
[22:54:44:021133 --5:00] [Thread 3960] extDB2: SQL_CUSTOM_V2: Error No Custom Call Not Found: Callname insert_infiSTARLog
[22:54:47:706751 --5:00] [Thread 3960] extDB2: SQL_CUSTOM_V2: Error No Custom Call Not Found: Input String insert_infiSTARLog:SuperChil Dayz Exile |Humanity|Deploy Bike|:ADMINLOG:Aurora(76561198072397859) | Teleport to [5418.42,5752.38,0](GPS  054096)
[22:54:47:706801 --5:00] [Thread 3960] extDB2: SQL_CUSTOM_V2: Error No Custom Call Not Found: Callname insert_infiSTARLog
[22:54:55:728479 --5:00] [Thread 8348] extDB2: SQL_CUSTOM_V2: Error No Custom Call Not Found: Input String insert_infiSTARLog:SuperChil Dayz Exile |Humanity|Deploy Bike|:ADMINLOG:Aurora(76561198072397859) | Heal - Aurora(76561198072397859)
[22:54:55:728540 --5:00] [Thread 8348] extDB2: SQL_CUSTOM_V2: Error No Custom Call Not Found: Callname insert_infiSTARLog
[22:55:54:984573 --5:00] [Thread 3960] extDB2: SQL_CUSTOM_V2: Error No Custom Call Not Found: Input String insert_infiSTARLog:SuperChil Dayz Exile |Humanity|Deploy Bike|:ADMINLOG:A. Stec(76561198100309836) | Teleport to [7114.13,9978.28,0](GPS  071053)
[22:55:54:984639 --5:00] [Thread 3960] extDB2: SQL_CUSTOM_V2: Error No Custom Call Not Found: Callname insert_infiSTARLog
[22:56:00:856124 --5:00] [Thread 3960] extDB2: SQL_CUSTOM_V2: Error No Custom Call Not Found: Input String insert_infiSTARLog:SuperChil Dayz Exile |Humanity|Deploy Bike|:ADMINLOG:A. Stec(76561198100309836) | Teleport to [5424.41,5735.89,0](GPS  054096)
[22:56:00:856181 --5:00] [Thread 3960] extDB2: SQL_CUSTOM_V2: Error No Custom Call Not Found: Callname insert_infiSTARLog
[22:56:10:332652 --5:00] [Thread 3960] extDB2: SQL_CUSTOM_V2: Error No Custom Call Not Found: Input String insert_infiSTARLog:SuperChil Dayz Exile |Humanity|Deploy Bike|:ADMINLOG:A. Stec(76561198100309836) | Heal - A. Stec(76561198100309836)
[22:56:10:332704 --5:00] [Thread 3960] extDB2: SQL_CUSTOM_V2: Error No Custom Call Not Found: Callname insert_infiSTARLog
[22:56:11:061311 --5:00] [Thread 3960] extDB2: SQL_CUSTOM_V2: Error No Custom Call Not Found: Input String insert_infiSTARLog:SuperChil Dayz Exile |Humanity|Deploy Bike|:ADMINLOG:A. Stec(76561198100309836) | Heal - A. Stec(76561198100309836)
[22:56:11:061357 --5:00] [Thread 3960] extDB2: SQL_CUSTOM_V2: Error No Custom Call Not Found: Callname insert_infiSTARLog
[22:56:11:791703 --5:00] [Thread 3960] extDB2: SQL_CUSTOM_V2: Error No Custom Call Not Found: Input String insert_infiSTARLog:SuperChil Dayz Exile |Humanity|Deploy Bike|:ADMINLOG:A. Stec(76561198100309836) | Restore - A. Stec(76561198100309836)
[22:56:11:791749 --5:00] [Thread 3960] extDB2: SQL_CUSTOM_V2: Error No Custom Call Not Found: Callname insert_infiSTARLog
[22:56:12:078915 --5:00] [Thread 3960] extDB2: SQL_CUSTOM_V2: Error No Custom Call Not Found: Input String insert_infiSTARLog:SuperChil Dayz Exile |Humanity|Deploy Bike|:ADMINLOG:A. Stec(76561198100309836) | Restore - A. Stec(76561198100309836)
[22:56:12:078963 --5:00] [Thread 3960] extDB2: SQL_CUSTOM_V2: Error No Custom Call Not Found: Callname insert_infiSTARLog
[23:00:44:439591 --5:00] [Thread 3960] extDB2: SQL_CUSTOM_V2: Error No Custom Call Not Found: Input String insert_infiSTARLog:SuperChil Dayz Exile |Humanity|Deploy Bike|:ADMINLOG:A. Stec(76561198100309836) | Teleport to [6324.08,7796.21,0](GPS  063075)
[23:00:44:439658 --5:00] [Thread 3960] extDB2: SQL_CUSTOM_V2: Error No Custom Call Not Found: Callname insert_infiSTARLog
[23:01:26:004122 --5:00] [Thread 792] extDB2: Stopping ...
