extDB2: Version: 70
extDB2: https://github.com/Torndeco/extDB2
extDB2: Windows Version
Message: All development for extDB2 is done on a Linux Dedicated Server
Message: If you would like to Donate to extDB2 Development
Message: https://www.paypal.com/cgi-bin/webscr?cmd=_s-xclick&hosted_button_id=2SUEFTGABTAM2
Message: Also leave a message if there is any particular feature you would like to see added.
Message: Thanks for all the people that have donated.
Message: Torndeco: 20/02/15


extDB2: Found extdb-conf.ini
extDB2: Detected 2 Cores, Setting up 2 Worker Threads


[19:38:07:195371 --5:00] [Thread 7028] extDB2: Database Type: MySQL
[19:38:07:207606 --5:00] [Thread 7028] extDB2: Database Session Pool Started
[19:38:07:210724 --5:00] [Thread 7028] extDB2: SQL_CUSTOM_V2: Loading Template Filename: C:\Users\xdelt\Desktop\Exile Server Chernarus\steamapps\common\Arma 3 Server\@ExileServerDay\extDB\sql_custom_v2\exile.ini
[19:38:07:210962 --5:00] [Thread 7028] extDB2: SQL_CUSTOM_V2: Version 12 Detected, Latest Version 12 Available
[19:38:07:340637 --5:00] [Thread 7180] extDB2: SQL_CUSTOM_V2: Error No Custom Call Not Found: Input String insert_infiSTARLog:SuperChil Dayz Exile |Humanity|Deploy Bike|:SERVER_INFO:[SERVER START] TIME  0 || EMAIL  joelawm@gmail.com || VERSION  07-Mar-2017 20-28-27 - v0073 || Local Server Time  [2017,6,21,19,38]
[19:38:07:340680 --5:00] [Thread 7180] extDB2: SQL_CUSTOM_V2: Error No Custom Call Not Found: Callname insert_infiSTARLog
[19:38:07:702379 --5:00] [Thread 7180] extDB2: SQL_CUSTOM_V2: Error No Custom Call Not Found: Input String insert_infiSTARLog:SuperChil Dayz Exile |Humanity|Deploy Bike|:CONNECTLOG:0 Connected  __SERVER__() Owner  2
[19:38:07:702439 --5:00] [Thread 7180] extDB2: SQL_CUSTOM_V2: Error No Custom Call Not Found: Callname insert_infiSTARLog
[19:38:57:538586 --5:00] [Thread 7028] extDB2: SQL_CUSTOM_V2: Error No Custom Call Not Found: Input String getTotalConnections:76561198072397859
[19:38:57:538849 --5:00] [Thread 7028] extDB2: SQL_CUSTOM_V2: Error No Custom Call Not Found: Callname getTotalConnections
[19:38:57:539695 --5:00] [Thread 5104] extDB2: SQL_CUSTOM_V2: Error No Custom Call Not Found: Input String insert_infiSTARLog:SuperChil Dayz Exile |Humanity|Deploy Bike|:CONNECTLOG:0 Connected  Aurora(76561198072397859) Owner  3, first connected   , last connected   , connections  0
[19:38:57:539890 --5:00] [Thread 5104] extDB2: SQL_CUSTOM_V2: Error No Custom Call Not Found: Callname insert_infiSTARLog
[19:38:57:548108 --5:00] [Thread 5104] extDB2: SQL_CUSTOM_V2: Error No Custom Call Not Found: Input String insert_infiSTARLog:SuperChil Dayz Exile |Humanity|Deploy Bike|:CONNECTLOG:TOKEN [gejppei10fu1q7bddd] FOR Aurora(76561198072397859) OWNER  3, ID  4.34074e+008, JIP  true
[19:38:57:548150 --5:00] [Thread 5104] extDB2: SQL_CUSTOM_V2: Error No Custom Call Not Found: Callname insert_infiSTARLog
[19:39:00:208754 --5:00] [Thread 5104] extDB2: SQL_CUSTOM_V2: Error No Custom Call Not Found: Input String insert_infiSTARLog:SuperChil Dayz Exile |Humanity|Deploy Bike|:CONNECTLOG:1 Connected  Aurora(76561198072397859) Owner  3, SteamName  deltagi   [UpTime  0h 0min 31s - ServerFPS  47.9042]
[19:39:00:208874 --5:00] [Thread 5104] extDB2: SQL_CUSTOM_V2: Error No Custom Call Not Found: Callname insert_infiSTARLog
[19:39:16:201157 --5:00] [Thread 5104] extDB2: SQL_CUSTOM_V2: Error No Custom Call Not Found: Input String insert_infiSTARLog:SuperChil Dayz Exile |Humanity|Deploy Bike|:ADMINLOG:Aurora(76561198072397859) | UnlimAmmo - ON
[19:39:16:201285 --5:00] [Thread 5104] extDB2: SQL_CUSTOM_V2: Error No Custom Call Not Found: Callname insert_infiSTARLog
[19:39:16:206087 --5:00] [Thread 5104] extDB2: SQL_CUSTOM_V2: Error No Custom Call Not Found: Input String insert_infiSTARLog:SuperChil Dayz Exile |Humanity|Deploy Bike|:ADMINLOG:Aurora(76561198072397859) | God Mode - ON
[19:39:16:206121 --5:00] [Thread 5104] extDB2: SQL_CUSTOM_V2: Error No Custom Call Not Found: Callname insert_infiSTARLog
[19:39:35:670664 --5:00] [Thread 5104] extDB2: SQL_CUSTOM_V2: Error No Custom Call Not Found: Input String insert_infiSTARLog:SuperChil Dayz Exile |Humanity|Deploy Bike|:ADMINLOG:Aurora(76561198072397859) | Killing Aurora(76561198072397859) @054095
[19:39:35:671006 --5:00] [Thread 5104] extDB2: SQL_CUSTOM_V2: Error No Custom Call Not Found: Callname insert_infiSTARLog
[19:39:46:577167 --5:00] [Thread 5104] extDB2: SQL_CUSTOM_V2: Error No Custom Call Not Found: Input String insert_infiSTARLog:SuperChil Dayz Exile |Humanity|Deploy Bike|:netids:Aurora(76561198072397859) - R Pulkovo Bandits 1 (Aurora) REMOTE, Exile_Unit_Player - 2 6761 - 3
[19:39:46:577268 --5:00] [Thread 5104] extDB2: SQL_CUSTOM_V2: Error No Custom Call Not Found: Callname insert_infiSTARLog
[19:39:55:384204 --5:00] [Thread 5104] extDB2: SQL_CUSTOM_V2: Error No Custom Call Not Found: Input String insert_infiSTARLog:SuperChil Dayz Exile |Humanity|Deploy Bike|:ADMINLOG:Aurora(76561198072397859) | Teleport to [3328.76,3929.92,0](GPS  033114)
[19:39:55:384328 --5:00] [Thread 5104] extDB2: SQL_CUSTOM_V2: Error No Custom Call Not Found: Callname insert_infiSTARLog
[19:40:05:166345 --5:00] [Thread 5104] extDB2: SQL_CUSTOM_V2: Error No Custom Call Not Found: Input String insert_infiSTARLog:SuperChil Dayz Exile |Humanity|Deploy Bike|:ADMINLOG:Aurora(76561198072397859) | Teleport to [5408.16,5765.09,0](GPS  054095)
[19:40:05:166456 --5:00] [Thread 5104] extDB2: SQL_CUSTOM_V2: Error No Custom Call Not Found: Callname insert_infiSTARLog
[19:40:31:760868 --5:00] [Thread 5104] extDB2: SQL_CUSTOM_V2: Error No Custom Call Not Found: Input String insert_infiSTARLog:SuperChil Dayz Exile |Humanity|Deploy Bike|:netids:Aurora(76561198072397859) - R Pulkovo Bandits 2 (Aurora) REMOTE, Exile_Unit_Player - 2 6773 - 3
[19:40:31:761022 --5:00] [Thread 5104] extDB2: SQL_CUSTOM_V2: Error No Custom Call Not Found: Callname insert_infiSTARLog
[19:43:27:334674 --5:00] [Thread 5104] extDB2: SQL_CUSTOM_V2: Error No Custom Call Not Found: Input String insert_infiSTARLog:SuperChil Dayz Exile |Humanity|Deploy Bike|:ADMINLOG:Aurora(76561198072397859) | Spawning Window Boarding (WSM_item_Land_TrenchFrame_01_F) on Aurora!
[19:43:27:334878 --5:00] [Thread 5104] extDB2: SQL_CUSTOM_V2: Error No Custom Call Not Found: Callname insert_infiSTARLog
[19:48:53:366273 --5:00] [Thread 5104] extDB2: SQL_CUSTOM_V2: Error No Custom Call Not Found: Input String insert_infiSTARLog:SuperChil Dayz Exile |Humanity|Deploy Bike|:ADMINLOG:Aurora(76561198072397859) | Spawning Crunchin Crisps Cereal (With Milk) (WSM_item_crunchincrisps_milk) on Aurora!
[19:48:53:366550 --5:00] [Thread 5104] extDB2: SQL_CUSTOM_V2: Error No Custom Call Not Found: Callname insert_infiSTARLog
[19:49:48:996616 --5:00] [Thread 5104] extDB2: SQL_CUSTOM_V2: Error No Custom Call Not Found: Input String insert_infiSTARLog:SuperChil Dayz Exile |Humanity|Deploy Bike|:ADMINLOG:Aurora(76561198072397859) | Teleport to [6323.95,7796.64,0](GPS  063075)
[19:49:48:996731 --5:00] [Thread 5104] extDB2: SQL_CUSTOM_V2: Error No Custom Call Not Found: Callname insert_infiSTARLog
[19:50:02:116227 --5:00] [Thread 5104] extDB2: SQL_CUSTOM_V2: Error No Custom Call Not Found: Input String insert_infiSTARLog:SuperChil Dayz Exile |Humanity|Deploy Bike|:ADMINLOG:Aurora(76561198072397859) | Teleport to [11471.3,7512.59,0](GPS  114078)
[19:50:02:116445 --5:00] [Thread 5104] extDB2: SQL_CUSTOM_V2: Error No Custom Call Not Found: Callname insert_infiSTARLog
[19:51:42:668693 --5:00] [Thread 5104] extDB2: SQL_CUSTOM_V2: Error No Custom Call Not Found: Input String insert_infiSTARLog:SuperChil Dayz Exile |Humanity|Deploy Bike|:ADMINLOG:Aurora(76561198072397859) | Teleport to [5412.6,5749.37,0](GPS  054096)
[19:51:42:668849 --5:00] [Thread 5104] extDB2: SQL_CUSTOM_V2: Error No Custom Call Not Found: Callname insert_infiSTARLog
[19:52:31:012260 --5:00] [Thread 5104] extDB2: SQL_CUSTOM_V2: Error No Custom Call Not Found: Input String insert_infiSTARLog:SuperChil Dayz Exile |Humanity|Deploy Bike|:ADMINLOG:Aurora(76561198072397859) | Spawning A Large Plastic Case (WSM_Land_PlasticCase_01_large_F_Kit) on Aurora!
[19:52:31:012421 --5:00] [Thread 5104] extDB2: SQL_CUSTOM_V2: Error No Custom Call Not Found: Callname insert_infiSTARLog
[19:52:50:443171 --5:00] [Thread 5104] extDB2: SQL_CUSTOM_V2: Error No Custom Call Not Found: Input String insert_infiSTARLog:SuperChil Dayz Exile |Humanity|Deploy Bike|:ADMINLOG:Aurora(76561198072397859) | Spawning Concrete Mixer (Exile_ConcreteMixer_Kit) on Aurora!
[19:52:50:443386 --5:00] [Thread 5104] extDB2: SQL_CUSTOM_V2: Error No Custom Call Not Found: Callname insert_infiSTARLog
[19:52:53:329967 --5:00] [Thread 5104] extDB2: SQL_CUSTOM_V2: Error No Custom Call Not Found: Input String insert_infiSTARLog:SuperChil Dayz Exile |Humanity|Deploy Bike|:ADMINLOG:Aurora(76561198072397859) | Spawning Concrete Mixer (Exile_ConcreteMixer_Kit) on Aurora!
[19:52:53:330095 --5:00] [Thread 5104] extDB2: SQL_CUSTOM_V2: Error No Custom Call Not Found: Callname insert_infiSTARLog
[19:52:59:773404 --5:00] [Thread 5104] extDB2: SQL_CUSTOM_V2: Error No Custom Call Not Found: Input String insert_infiSTARLog:SuperChil Dayz Exile |Humanity|Deploy Bike|:ADMINLOG:Aurora(76561198072397859) | Spawning East Support Box (WSM_Box_East_Support_F_Kit) on Aurora!
[19:52:59:773522 --5:00] [Thread 5104] extDB2: SQL_CUSTOM_V2: Error No Custom Call Not Found: Callname insert_infiSTARLog
[19:53:30:508552 --5:00] [Thread 5104] extDB2: SQL_CUSTOM_V2: Error No Custom Call Not Found: Input String insert_infiSTARLog:SuperChil Dayz Exile |Humanity|Deploy Bike|:ADMINLOG:Aurora(76561198072397859) | Spawning East Ammo Box (WSM_Box_East_Ammo_F_Kit) on the ground infront of Aurora!
[19:53:30:508679 --5:00] [Thread 5104] extDB2: SQL_CUSTOM_V2: Error No Custom Call Not Found: Callname insert_infiSTARLog
[19:54:25:172322 --5:00] [Thread 5104] extDB2: SQL_CUSTOM_V2: Error No Custom Call Not Found: Input String insert_infiSTARLog:SuperChil Dayz Exile |Humanity|Deploy Bike|:ADMINLOG:Aurora(76561198072397859) | Spawning Burning Barrel (MetalBarrel_burning_F_Kit) on the ground infront of Aurora!
[19:54:25:172490 --5:00] [Thread 5104] extDB2: SQL_CUSTOM_V2: Error No Custom Call Not Found: Callname insert_infiSTARLog
[19:54:42:081905 --5:00] [Thread 5104] extDB2: SQL_CUSTOM_V2: Error No Custom Call Not Found: Input String insert_infiSTARLog:SuperChil Dayz Exile |Humanity|Deploy Bike|:ADMINLOG:Aurora(76561198072397859) | Spawning Burning Barrel (MetalBarrel_burning_F_Kit) on the ground infront of Aurora!
[19:54:42:082068 --5:00] [Thread 5104] extDB2: SQL_CUSTOM_V2: Error No Custom Call Not Found: Callname insert_infiSTARLog
[19:55:02:030457 --5:00] [Thread 5104] extDB2: SQL_CUSTOM_V2: Error No Custom Call Not Found: Input String insert_infiSTARLog:SuperChil Dayz Exile |Humanity|Deploy Bike|:ADMINLOG:Aurora(76561198072397859) | Deleting MetalBarrel_burning_F @054095..
[19:55:02:030576 --5:00] [Thread 5104] extDB2: SQL_CUSTOM_V2: Error No Custom Call Not Found: Callname insert_infiSTARLog
[19:55:45:545698 --5:00] [Thread 5104] extDB2: SQL_CUSTOM_V2: Error No Custom Call Not Found: Input String insert_infiSTARLog:SuperChil Dayz Exile |Humanity|Deploy Bike|:CONNECTLOG:2 Disconnected  Aurora(76561198072397859) Owner  3, SteamName  deltagi
[19:55:45:545839 --5:00] [Thread 5104] extDB2: SQL_CUSTOM_V2: Error No Custom Call Not Found: Callname insert_infiSTARLog
[19:56:16:625649 --5:00] [Thread 7028] extDB2: Stopping ...
