extDB2: Version: 70
extDB2: https://github.com/Torndeco/extDB2
extDB2: Windows Version
Message: All development for extDB2 is done on a Linux Dedicated Server
Message: If you would like to Donate to extDB2 Development
Message: https://www.paypal.com/cgi-bin/webscr?cmd=_s-xclick&hosted_button_id=2SUEFTGABTAM2
Message: Also leave a message if there is any particular feature you would like to see added.
Message: Thanks for all the people that have donated.
Message: Torndeco: 20/02/15


extDB2: Found extdb-conf.ini
extDB2: Detected 2 Cores, Setting up 2 Worker Threads


[20:51:06:944115 --5:00] [Thread 9288] extDB2: Database Type: MySQL
[20:51:06:953781 --5:00] [Thread 9288] extDB2: Database Session Pool Started
[20:51:06:957165 --5:00] [Thread 9288] extDB2: SQL_CUSTOM_V2: Loading Template Filename: C:\Users\xdelt\Desktop\Exile Server Chernarus\steamapps\common\Arma 3 Server\@ExileServerDay\extDB\sql_custom_v2\exile.ini
[20:51:06:957429 --5:00] [Thread 9288] extDB2: SQL_CUSTOM_V2: Version 12 Detected, Latest Version 12 Available
[20:51:07:095480 --5:00] [Thread 7824] extDB2: SQL_CUSTOM_V2: Error No Custom Call Not Found: Input String insert_infiSTARLog:SuperChil Dayz Exile  Chernarus |Humanity|Deploy Bike|:SERVER_INFO:[SERVER START] TIME  0 || EMAIL  joelawm@gmail.com || VERSION  07-Mar-2017 20-28-27 - v0073 || Local Server Time  [2017,7,8,20,51]
[20:51:07:095543 --5:00] [Thread 7824] extDB2: SQL_CUSTOM_V2: Error No Custom Call Not Found: Callname insert_infiSTARLog
[20:51:07:552942 --5:00] [Thread 7824] extDB2: SQL_CUSTOM_V2: Error No Custom Call Not Found: Input String insert_infiSTARLog:SuperChil Dayz Exile  Chernarus |Humanity|Deploy Bike|:CONNECTLOG:0 Connected  __SERVER__() Owner  2
[20:51:07:553067 --5:00] [Thread 7824] extDB2: SQL_CUSTOM_V2: Error No Custom Call Not Found: Callname insert_infiSTARLog
[20:54:07:026921 --5:00] [Thread 9288] extDB2: SQL_CUSTOM_V2: Error No Custom Call Not Found: Input String getTotalConnections:76561198072397859
[20:54:07:027147 --5:00] [Thread 9288] extDB2: SQL_CUSTOM_V2: Error No Custom Call Not Found: Callname getTotalConnections
[20:54:07:027711 --5:00] [Thread 6444] extDB2: SQL_CUSTOM_V2: Error No Custom Call Not Found: Input String insert_infiSTARLog:SuperChil Dayz Exile  Chernarus |Humanity|Deploy Bike|:CONNECTLOG:0 Connected  Aurora(76561198072397859) Owner  3, first connected   , last connected   , connections  0
[20:54:07:027833 --5:00] [Thread 6444] extDB2: SQL_CUSTOM_V2: Error No Custom Call Not Found: Callname insert_infiSTARLog
[20:54:07:035053 --5:00] [Thread 6444] extDB2: SQL_CUSTOM_V2: Error No Custom Call Not Found: Input String insert_infiSTARLog:SuperChil Dayz Exile  Chernarus |Humanity|Deploy Bike|:CONNECTLOG:TOKEN [rmva4nbw8isg82] FOR Aurora(76561198072397859) OWNER  3, ID  5.00475e+008, JIP  true
[20:54:07:035092 --5:00] [Thread 6444] extDB2: SQL_CUSTOM_V2: Error No Custom Call Not Found: Callname insert_infiSTARLog
[20:54:08:204591 --5:00] [Thread 6444] extDB2: SQL_CUSTOM_V2: Error No Custom Call Not Found: Input String insert_infiSTARLog:SuperChil Dayz Exile  Chernarus |Humanity|Deploy Bike|:CONNECTLOG:1 Connected  Aurora(76561198072397859) Owner  3, SteamName  deltagi   [UpTime  0h 2min 58s - ServerFPS  47.3373]
[20:54:08:204653 --5:00] [Thread 6444] extDB2: SQL_CUSTOM_V2: Error No Custom Call Not Found: Callname insert_infiSTARLog
[20:54:21:035000 --5:00] [Thread 6444] extDB2: SQL_CUSTOM_V2: Error No Custom Call Not Found: Input String insert_infiSTARLog:SuperChil Dayz Exile  Chernarus |Humanity|Deploy Bike|:ADMINLOG:Aurora(76561198072397859) | UnlimAmmo - ON
[20:54:21:035125 --5:00] [Thread 6444] extDB2: SQL_CUSTOM_V2: Error No Custom Call Not Found: Callname insert_infiSTARLog
[20:54:21:040848 --5:00] [Thread 6444] extDB2: SQL_CUSTOM_V2: Error No Custom Call Not Found: Input String insert_infiSTARLog:SuperChil Dayz Exile  Chernarus |Humanity|Deploy Bike|:ADMINLOG:Aurora(76561198072397859) | God Mode - ON
[20:54:21:040885 --5:00] [Thread 6444] extDB2: SQL_CUSTOM_V2: Error No Custom Call Not Found: Callname insert_infiSTARLog
[20:54:56:807495 --5:00] [Thread 6444] extDB2: SQL_CUSTOM_V2: Error No Custom Call Not Found: Input String insert_infiSTARLog:SuperChil Dayz Exile  Chernarus |Humanity|Deploy Bike|:netids:Aurora(76561198072397859) - R Pulkovo Bandits 1 (Aurora) REMOTE, Exile_Unit_Player - 2 7126 - 3
[20:54:56:807623 --5:00] [Thread 6444] extDB2: SQL_CUSTOM_V2: Error No Custom Call Not Found: Callname insert_infiSTARLog
[20:55:45:122435 --5:00] [Thread 6444] extDB2: SQL_CUSTOM_V2: Error No Custom Call Not Found: Input String insert_infiSTARLog:SuperChil Dayz Exile  Chernarus |Humanity|Deploy Bike|:ADMINLOG:Aurora(76561198072397859) | Spawning L115A3 LRR (Desert) (CUP_BAF_LRR_scoped) on Aurora!
[20:55:45:122554 --5:00] [Thread 6444] extDB2: SQL_CUSTOM_V2: Error No Custom Call Not Found: Callname insert_infiSTARLog
[20:55:48:696143 --5:00] [Thread 6444] extDB2: SQL_CUSTOM_V2: Error No Custom Call Not Found: Input String insert_infiSTARLog:SuperChil Dayz Exile  Chernarus |Humanity|Deploy Bike|:ADMINLOG:Aurora(76561198072397859) | Spawning .408 7Rnd LRR Mag (7Rnd_408_Mag) on Aurora!
[20:55:48:696239 --5:00] [Thread 6444] extDB2: SQL_CUSTOM_V2: Error No Custom Call Not Found: Callname insert_infiSTARLog
[20:55:52:153957 --5:00] [Thread 6444] extDB2: SQL_CUSTOM_V2: Error No Custom Call Not Found: Input String insert_infiSTARLog:SuperChil Dayz Exile  Chernarus |Humanity|Deploy Bike|:ADMINLOG:Aurora(76561198072397859) | Spawning L115A3 LRR (Woodland) (CUP_BAF_LRR_scoped_W) on Aurora!
[20:55:52:154033 --5:00] [Thread 6444] extDB2: SQL_CUSTOM_V2: Error No Custom Call Not Found: Callname insert_infiSTARLog
[20:55:55:240811 --5:00] [Thread 6444] extDB2: SQL_CUSTOM_V2: Error No Custom Call Not Found: Input String insert_infiSTARLog:SuperChil Dayz Exile  Chernarus |Humanity|Deploy Bike|:ADMINLOG:Aurora(76561198072397859) | Spawning L115A3 LRR (Woodland) (CUP_srifle_AWM_wdl) on Aurora!
[20:55:55:240901 --5:00] [Thread 6444] extDB2: SQL_CUSTOM_V2: Error No Custom Call Not Found: Callname insert_infiSTARLog
[20:55:56:815403 --5:00] [Thread 6444] extDB2: SQL_CUSTOM_V2: Error No Custom Call Not Found: Input String insert_infiSTARLog:SuperChil Dayz Exile  Chernarus |Humanity|Deploy Bike|:ADMINLOG:Aurora(76561198072397859) | Spawning L115A3 LRR (Woodland) (CUP_srifle_AWM_wdl) on Aurora!
[20:55:56:815463 --5:00] [Thread 6444] extDB2: SQL_CUSTOM_V2: Error No Custom Call Not Found: Callname insert_infiSTARLog
[20:55:57:763207 --5:00] [Thread 6444] extDB2: SQL_CUSTOM_V2: Error No Custom Call Not Found: Input String insert_infiSTARLog:SuperChil Dayz Exile  Chernarus |Humanity|Deploy Bike|:ADMINLOG:Aurora(76561198072397859) | Spawning L115A3 LRR (Woodland) (CUP_srifle_AWM_wdl_SBPMII) on Aurora!
[20:55:57:763266 --5:00] [Thread 6444] extDB2: SQL_CUSTOM_V2: Error No Custom Call Not Found: Callname insert_infiSTARLog
[20:55:58:979451 --5:00] [Thread 6444] extDB2: SQL_CUSTOM_V2: Error No Custom Call Not Found: Input String insert_infiSTARLog:SuperChil Dayz Exile  Chernarus |Humanity|Deploy Bike|:ADMINLOG:Aurora(76561198072397859) | Spawning L115A3 LRR (Desert) (CUP_BAF_LRR_scoped) on Aurora!
[20:55:58:979511 --5:00] [Thread 6444] extDB2: SQL_CUSTOM_V2: Error No Custom Call Not Found: Callname insert_infiSTARLog
[20:56:07:496129 --5:00] [Thread 6444] extDB2: SQL_CUSTOM_V2: Error No Custom Call Not Found: Input String insert_infiSTARLog:SuperChil Dayz Exile  Chernarus |Humanity|Deploy Bike|:ADMINLOG:Aurora(76561198072397859) | Spawning L115A3 LRR (Desert) (CUP_srifle_AWM_des) on Aurora!
[20:56:07:496279 --5:00] [Thread 6444] extDB2: SQL_CUSTOM_V2: Error No Custom Call Not Found: Callname insert_infiSTARLog
[20:56:13:083355 --5:00] [Thread 6444] extDB2: SQL_CUSTOM_V2: Error No Custom Call Not Found: Input String insert_infiSTARLog:SuperChil Dayz Exile  Chernarus |Humanity|Deploy Bike|:ADMINLOG:Aurora(76561198072397859) | Spawning L115A3 LRR (Desert) (CUP_BAF_LRR_scoped) on Aurora!
[20:56:13:083450 --5:00] [Thread 6444] extDB2: SQL_CUSTOM_V2: Error No Custom Call Not Found: Callname insert_infiSTARLog
[20:56:15:981453 --5:00] [Thread 6444] extDB2: SQL_CUSTOM_V2: Error No Custom Call Not Found: Input String insert_infiSTARLog:SuperChil Dayz Exile  Chernarus |Humanity|Deploy Bike|:ADMINLOG:Aurora(76561198072397859) | Spawning L115A3 LRR (Desert) (CUP_srifle_AWM_des) on Aurora!
[20:56:15:981876 --5:00] [Thread 6444] extDB2: SQL_CUSTOM_V2: Error No Custom Call Not Found: Callname insert_infiSTARLog
[20:57:25:391556 --5:00] [Thread 6444] extDB2: SQL_CUSTOM_V2: Error No Custom Call Not Found: Input String insert_infiSTARLog:SuperChil Dayz Exile  Chernarus |Humanity|Deploy Bike|:ADMINLOG:Aurora(76561198072397859) | Spawning L115A3 LRR (Woodland) (CUP_BAF_LRR_scoped_W) on Aurora!
[20:57:25:391741 --5:00] [Thread 6444] extDB2: SQL_CUSTOM_V2: Error No Custom Call Not Found: Callname insert_infiSTARLog
[20:57:26:677013 --5:00] [Thread 6444] extDB2: SQL_CUSTOM_V2: Error No Custom Call Not Found: Input String insert_infiSTARLog:SuperChil Dayz Exile  Chernarus |Humanity|Deploy Bike|:ADMINLOG:Aurora(76561198072397859) | Spawning L115A3 LRR (Desert) (CUP_BAF_LRR_scoped) on Aurora!
[20:57:26:677120 --5:00] [Thread 6444] extDB2: SQL_CUSTOM_V2: Error No Custom Call Not Found: Callname insert_infiSTARLog
[20:57:27:851567 --5:00] [Thread 6444] extDB2: SQL_CUSTOM_V2: Error No Custom Call Not Found: Input String insert_infiSTARLog:SuperChil Dayz Exile  Chernarus |Humanity|Deploy Bike|:ADMINLOG:Aurora(76561198072397859) | Spawning L115A3 LRR (Desert) (CUP_srifle_AWM_des) on Aurora!
[20:57:27:851635 --5:00] [Thread 6444] extDB2: SQL_CUSTOM_V2: Error No Custom Call Not Found: Callname insert_infiSTARLog
[20:57:29:951675 --5:00] [Thread 6444] extDB2: SQL_CUSTOM_V2: Error No Custom Call Not Found: Input String insert_infiSTARLog:SuperChil Dayz Exile  Chernarus |Humanity|Deploy Bike|:ADMINLOG:Aurora(76561198072397859) | Spawning .408 7Rnd LRR Mag (7Rnd_408_Mag) on Aurora!
[20:57:29:951742 --5:00] [Thread 6444] extDB2: SQL_CUSTOM_V2: Error No Custom Call Not Found: Callname insert_infiSTARLog
[20:57:31:806519 --5:00] [Thread 6444] extDB2: SQL_CUSTOM_V2: Error No Custom Call Not Found: Input String insert_infiSTARLog:SuperChil Dayz Exile  Chernarus |Humanity|Deploy Bike|:ADMINLOG:Aurora(76561198072397859) | Spawning M320 LRR .408 (srifle_LRR_F) on Aurora!
[20:57:31:806605 --5:00] [Thread 6444] extDB2: SQL_CUSTOM_V2: Error No Custom Call Not Found: Callname insert_infiSTARLog
[21:03:19:538186 --5:00] [Thread 6444] extDB2: SQL_CUSTOM_V2: Error No Custom Call Not Found: Input String insert_infiSTARLog:SuperChil Dayz Exile  Chernarus |Humanity|Deploy Bike|:ADMINLOG:Aurora(76561198072397859) | Spawning XM8 SAW (CUP_arifle_xm8_SAW) on Aurora!
[21:03:19:538475 --5:00] [Thread 6444] extDB2: SQL_CUSTOM_V2: Error No Custom Call Not Found: Callname insert_infiSTARLog
[21:03:45:020775 --5:00] [Thread 6444] extDB2: SQL_CUSTOM_V2: Error No Custom Call Not Found: Input String insert_infiSTARLog:SuperChil Dayz Exile  Chernarus |Humanity|Deploy Bike|:ADMINLOG:Aurora(76561198072397859) | Spawning XM8 Compact (CUP_arifle_XM8_Compact) on Aurora!
[21:03:45:021025 --5:00] [Thread 6444] extDB2: SQL_CUSTOM_V2: Error No Custom Call Not Found: Callname insert_infiSTARLog
[21:04:34:146633 --5:00] [Thread 6444] extDB2: SQL_CUSTOM_V2: Error No Custom Call Not Found: Input String insert_infiSTARLog:SuperChil Dayz Exile  Chernarus |Humanity|Deploy Bike|:ADMINLOG:Aurora(76561198072397859) | Spawning XM8 Carbine (rail) (CUP_arifle_XM8_Railed) on Aurora!
[21:04:34:146738 --5:00] [Thread 6444] extDB2: SQL_CUSTOM_V2: Error No Custom Call Not Found: Callname insert_infiSTARLog
[21:05:12:669213 --5:00] [Thread 6444] extDB2: SQL_CUSTOM_V2: Error No Custom Call Not Found: Input String insert_infiSTARLog:SuperChil Dayz Exile  Chernarus |Humanity|Deploy Bike|:ADMINLOG:Aurora(76561198072397859) | Spawning AS50 (CUP_BAF_AS50_scoped) on Aurora!
[21:05:12:669345 --5:00] [Thread 6444] extDB2: SQL_CUSTOM_V2: Error No Custom Call Not Found: Callname insert_infiSTARLog
[21:16:50:806497 --5:00] [Thread 6444] extDB2: SQL_CUSTOM_V2: Error No Custom Call Not Found: Input String insert_infiSTARLog:SuperChil Dayz Exile  Chernarus |Humanity|Deploy Bike|:ADMINLOG:Aurora(76561198072397859) | Spawning CZ SCORPION EVO 3 (CUP_Evo_mrad_ACR) on Aurora!
[21:16:50:807034 --5:00] [Thread 6444] extDB2: SQL_CUSTOM_V2: Error No Custom Call Not Found: Callname insert_infiSTARLog
[21:17:03:021578 --5:00] [Thread 6444] extDB2: SQL_CUSTOM_V2: Error No Custom Call Not Found: Input String insert_infiSTARLog:SuperChil Dayz Exile  Chernarus |Humanity|Deploy Bike|:ADMINLOG:Aurora(76561198072397859) | Spawning CZ SCORPION EVO 3 (CUP_Evo_sd_ACR) on Aurora!
[21:17:03:021769 --5:00] [Thread 6444] extDB2: SQL_CUSTOM_V2: Error No Custom Call Not Found: Callname insert_infiSTARLog
[21:17:07:601186 --5:00] [Thread 6444] extDB2: SQL_CUSTOM_V2: Error No Custom Call Not Found: Input String insert_infiSTARLog:SuperChil Dayz Exile  Chernarus |Humanity|Deploy Bike|:ADMINLOG:Aurora(76561198072397859) | Spawning CZ SCORPION EVO 3 (CUP_smg_EVO) on Aurora!
[21:17:07:601258 --5:00] [Thread 6444] extDB2: SQL_CUSTOM_V2: Error No Custom Call Not Found: Callname insert_infiSTARLog
[21:20:31:187664 --5:00] [Thread 6444] extDB2: SQL_CUSTOM_V2: Error No Custom Call Not Found: Input String insert_infiSTARLog:SuperChil Dayz Exile  Chernarus |Humanity|Deploy Bike|:ADMINLOG:Aurora(76561198072397859) | Spawning PKP (CUP_lmg_Pecheneg_PScope) on Aurora!
[21:20:31:187931 --5:00] [Thread 6444] extDB2: SQL_CUSTOM_V2: Error No Custom Call Not Found: Callname insert_infiSTARLog
[21:28:53:120222 --5:00] [Thread 6444] extDB2: SQL_CUSTOM_V2: Error No Custom Call Not Found: Input String insert_infiSTARLog:SuperChil Dayz Exile  Chernarus |Humanity|Deploy Bike|:ADMINLOG:Aurora(76561198072397859) | Spawning PB 6P9 (CUP_MakarovSD) on Aurora!
[21:28:53:120464 --5:00] [Thread 6444] extDB2: SQL_CUSTOM_V2: Error No Custom Call Not Found: Callname insert_infiSTARLog
[21:33:43:489977 --5:00] [Thread 6444] extDB2: SQL_CUSTOM_V2: Error No Custom Call Not Found: Input String insert_infiSTARLog:SuperChil Dayz Exile  Chernarus |Humanity|Deploy Bike|:ADMINLOG:Aurora(76561198072397859) | Spawning Micro UZI PDW (CUP_hgun_MicroUzi_snds) on Aurora!
[21:33:43:490291 --5:00] [Thread 6444] extDB2: SQL_CUSTOM_V2: Error No Custom Call Not Found: Callname insert_infiSTARLog
[21:34:23:534170 --5:00] [Thread 6444] extDB2: SQL_CUSTOM_V2: Error No Custom Call Not Found: Input String insert_infiSTARLog:SuperChil Dayz Exile  Chernarus |Humanity|Deploy Bike|:ADMINLOG:Aurora(76561198072397859) | Spawning Sa-61 (CUP_hgun_SA61) on Aurora!
[21:34:23:534279 --5:00] [Thread 6444] extDB2: SQL_CUSTOM_V2: Error No Custom Call Not Found: Callname insert_infiSTARLog
[21:38:17:698894 --5:00] [Thread 6444] extDB2: SQL_CUSTOM_V2: Error No Custom Call Not Found: Input String insert_infiSTARLog:SuperChil Dayz Exile  Chernarus |Humanity|Deploy Bike|:ADMINLOG:Aurora(76561198072397859) | Teleport to [6325.82,7799.42,0](GPS  063075)
[21:38:17:699155 --5:00] [Thread 6444] extDB2: SQL_CUSTOM_V2: Error No Custom Call Not Found: Callname insert_infiSTARLog
[21:41:10:790923 --5:00] [Thread 9288] extDB2: Stopping ...
