extDB2: Version: 70
extDB2: https://github.com/Torndeco/extDB2
extDB2: Windows Version
Message: All development for extDB2 is done on a Linux Dedicated Server
Message: If you would like to Donate to extDB2 Development
Message: https://www.paypal.com/cgi-bin/webscr?cmd=_s-xclick&hosted_button_id=2SUEFTGABTAM2
Message: Also leave a message if there is any particular feature you would like to see added.
Message: Thanks for all the people that have donated.
Message: Torndeco: 20/02/15


extDB2: Found extdb-conf.ini
extDB2: Detected 2 Cores, Setting up 2 Worker Threads


[01:50:48:339437 --5:00] [Thread 5240] extDB2: Database Type: MySQL
[01:50:48:348909 --5:00] [Thread 5240] extDB2: Database Session Pool Started
[01:50:48:352061 --5:00] [Thread 5240] extDB2: SQL_CUSTOM_V2: Loading Template Filename: C:\Users\xdelt\Desktop\Exile Server Chernarus\steamapps\common\Arma 3 Server\@ExileServerDay\extDB\sql_custom_v2\exile.ini
[01:50:48:352306 --5:00] [Thread 5240] extDB2: SQL_CUSTOM_V2: Version 12 Detected, Latest Version 12 Available
[01:50:48:432487 --5:00] [Thread 7620] extDB2: SQL_CUSTOM_V2: Error No Custom Call Not Found: Input String insert_infiSTARLog:SuperChil Dayz Exile  Chernarus |Humanity|Deploy Bike|:SERVER_INFO:[SERVER START] TIME  0 || EMAIL  joelawm@gmail.com || VERSION  07-Mar-2017 20-28-27 - v0073 || Local Server Time  [2017,7,9,1,50]
[01:50:48:432558 --5:00] [Thread 7620] extDB2: SQL_CUSTOM_V2: Error No Custom Call Not Found: Callname insert_infiSTARLog
[01:50:48:920366 --5:00] [Thread 7620] extDB2: SQL_CUSTOM_V2: Error No Custom Call Not Found: Input String insert_infiSTARLog:SuperChil Dayz Exile  Chernarus |Humanity|Deploy Bike|:CONNECTLOG:0 Connected  __SERVER__() Owner  2
[01:50:48:920427 --5:00] [Thread 7620] extDB2: SQL_CUSTOM_V2: Error No Custom Call Not Found: Callname insert_infiSTARLog
[01:51:23:377415 --5:00] [Thread 5240] extDB2: SQL_CUSTOM_V2: Error No Custom Call Not Found: Input String getTotalConnections:76561198072397859
[01:51:23:377573 --5:00] [Thread 5240] extDB2: SQL_CUSTOM_V2: Error No Custom Call Not Found: Callname getTotalConnections
[01:51:23:378023 --5:00] [Thread 8796] extDB2: SQL_CUSTOM_V2: Error No Custom Call Not Found: Input String insert_infiSTARLog:SuperChil Dayz Exile  Chernarus |Humanity|Deploy Bike|:CONNECTLOG:0 Connected  Aurora(76561198072397859) Owner  3, first connected   , last connected   , connections  0
[01:51:23:378096 --5:00] [Thread 8796] extDB2: SQL_CUSTOM_V2: Error No Custom Call Not Found: Callname insert_infiSTARLog
[01:51:23:384974 --5:00] [Thread 8796] extDB2: SQL_CUSTOM_V2: Error No Custom Call Not Found: Input String insert_infiSTARLog:SuperChil Dayz Exile  Chernarus |Humanity|Deploy Bike|:CONNECTLOG:TOKEN [ltjyx3a26ktmfym] FOR Aurora(76561198072397859) OWNER  3, ID  1.16757e+009, JIP  true
[01:51:23:385012 --5:00] [Thread 8796] extDB2: SQL_CUSTOM_V2: Error No Custom Call Not Found: Callname insert_infiSTARLog
[01:51:24:281103 --5:00] [Thread 8796] extDB2: SQL_CUSTOM_V2: Error No Custom Call Not Found: Input String insert_infiSTARLog:SuperChil Dayz Exile  Chernarus |Humanity|Deploy Bike|:CONNECTLOG:1 Connected  Aurora(76561198072397859) Owner  3, SteamName  deltagi   [UpTime  0h 0min 33s - ServerFPS  47.4777]
[01:51:24:281164 --5:00] [Thread 8796] extDB2: SQL_CUSTOM_V2: Error No Custom Call Not Found: Callname insert_infiSTARLog
[01:51:34:859796 --5:00] [Thread 8796] extDB2: SQL_CUSTOM_V2: Error No Custom Call Not Found: Input String insert_infiSTARLog:SuperChil Dayz Exile  Chernarus |Humanity|Deploy Bike|:ADMINLOG:Aurora(76561198072397859) | UnlimAmmo - ON
[01:51:34:860039 --5:00] [Thread 8796] extDB2: SQL_CUSTOM_V2: Error No Custom Call Not Found: Callname insert_infiSTARLog
[01:51:34:866034 --5:00] [Thread 8796] extDB2: SQL_CUSTOM_V2: Error No Custom Call Not Found: Input String insert_infiSTARLog:SuperChil Dayz Exile  Chernarus |Humanity|Deploy Bike|:ADMINLOG:Aurora(76561198072397859) | God Mode - ON
[01:51:34:866165 --5:00] [Thread 8796] extDB2: SQL_CUSTOM_V2: Error No Custom Call Not Found: Callname insert_infiSTARLog
[01:51:51:199748 --5:00] [Thread 8796] extDB2: SQL_CUSTOM_V2: Error No Custom Call Not Found: Input String insert_infiSTARLog:SuperChil Dayz Exile  Chernarus |Humanity|Deploy Bike|:ADMINLOG:Aurora(76561198072397859) | Teleport to [6313.39,7798.81,0](GPS  063075)
[01:51:51:199922 --5:00] [Thread 8796] extDB2: SQL_CUSTOM_V2: Error No Custom Call Not Found: Callname insert_infiSTARLog
[01:51:51:205301 --5:00] [Thread 8796] extDB2: SQL_CUSTOM_V2: Error No Custom Call Not Found: Input String insert_infiSTARLog:SuperChil Dayz Exile  Chernarus |Humanity|Deploy Bike|:ADMINLOG:Aurora(76561198072397859) | Teleport to [6313.39,7798.81,0](GPS  063075)
[01:51:51:205329 --5:00] [Thread 8796] extDB2: SQL_CUSTOM_V2: Error No Custom Call Not Found: Callname insert_infiSTARLog
[01:52:12:852629 --5:00] [Thread 8796] extDB2: SQL_CUSTOM_V2: Error No Custom Call Not Found: Input String insert_infiSTARLog:SuperChil Dayz Exile  Chernarus |Humanity|Deploy Bike|:netids:Aurora(76561198072397859) - R Pulkovo Bandits 1 (Aurora) REMOTE, Exile_Unit_Player - 2 7134 - 3
[01:52:12:852802 --5:00] [Thread 8796] extDB2: SQL_CUSTOM_V2: Error No Custom Call Not Found: Callname insert_infiSTARLog
[01:53:26:802954 --5:00] [Thread 8796] extDB2: SQL_CUSTOM_V2: Error No Custom Call Not Found: Input String insert_infiSTARLog:SuperChil Dayz Exile  Chernarus |Humanity|Deploy Bike|:ADMINLOG:Aurora(76561198072397859) | Teleport to [1644.73,7775.4,0](GPS  016075)
[01:53:26:803116 --5:00] [Thread 8796] extDB2: SQL_CUSTOM_V2: Error No Custom Call Not Found: Callname insert_infiSTARLog
[01:53:26:808849 --5:00] [Thread 8796] extDB2: SQL_CUSTOM_V2: Error No Custom Call Not Found: Input String insert_infiSTARLog:SuperChil Dayz Exile  Chernarus |Humanity|Deploy Bike|:ADMINLOG:Aurora(76561198072397859) | Teleport to [1644.73,7775.4,0](GPS  016075)
[01:53:26:808886 --5:00] [Thread 8796] extDB2: SQL_CUSTOM_V2: Error No Custom Call Not Found: Callname insert_infiSTARLog
[01:55:55:239144 --5:00] [Thread 7620] extDB2: SQL_CUSTOM_V2: Error No Custom Call Not Found: Input String insert_infiSTARLog:SuperChil Dayz Exile  Chernarus |Humanity|Deploy Bike|:ADMINLOG:Aurora(76561198072397859) | Added Money to player 50000 Aurora(76561198072397859)
[01:55:55:239271 --5:00] [Thread 7620] extDB2: SQL_CUSTOM_V2: Error No Custom Call Not Found: Callname insert_infiSTARLog
[01:57:22:277160 --5:00] [Thread 8796] extDB2: SQL_CUSTOM_V2: Error No Custom Call Not Found: Input String insert_infiSTARLog:SuperChil Dayz Exile  Chernarus |Humanity|Deploy Bike|:ADMINLOG:Aurora(76561198072397859) | Teleport to [4072.49,10813.3,0](GPS  040045)
[01:57:22:277409 --5:00] [Thread 8796] extDB2: SQL_CUSTOM_V2: Error No Custom Call Not Found: Callname insert_infiSTARLog
[01:57:22:284092 --5:00] [Thread 8796] extDB2: SQL_CUSTOM_V2: Error No Custom Call Not Found: Input String insert_infiSTARLog:SuperChil Dayz Exile  Chernarus |Humanity|Deploy Bike|:ADMINLOG:Aurora(76561198072397859) | Teleport to [4072.49,10813.3,0](GPS  040045)
[01:57:22:284133 --5:00] [Thread 8796] extDB2: SQL_CUSTOM_V2: Error No Custom Call Not Found: Callname insert_infiSTARLog
[02:02:52:256666 --5:00] [Thread 7620] extDB2: SQL_CUSTOM_V2: Error No Custom Call Not Found: Input String insert_infiSTARLog:SuperChil Dayz Exile  Chernarus |Humanity|Deploy Bike|:ADMINLOG:Aurora(76561198072397859) | spawning C-RAM (CUP_WV_B_CRAM) (NonPersistent)
[02:02:52:256915 --5:00] [Thread 7620] extDB2: SQL_CUSTOM_V2: Error No Custom Call Not Found: Callname insert_infiSTARLog
[02:03:03:458778 --5:00] [Thread 7620] extDB2: SQL_CUSTOM_V2: Error No Custom Call Not Found: Input String insert_infiSTARLog:SuperChil Dayz Exile  Chernarus |Humanity|Deploy Bike|:ADMINLOG:Aurora(76561198072397859) | Deleting CUP_WV_B_CRAM @054096..
[02:03:03:458880 --5:00] [Thread 7620] extDB2: SQL_CUSTOM_V2: Error No Custom Call Not Found: Callname insert_infiSTARLog
[02:37:05:388102 --5:00] [Thread 7620] extDB2: SQL_CUSTOM_V2: Error No Custom Call Not Found: Input String insert_infiSTARLog:SuperChil Dayz Exile  Chernarus |Humanity|Deploy Bike|:CONNECTLOG:2 Disconnected  Aurora(76561198072397859) Owner  3, SteamName  deltagi
[02:37:05:388629 --5:00] [Thread 7620] extDB2: SQL_CUSTOM_V2: Error No Custom Call Not Found: Callname insert_infiSTARLog
[02:37:05:403540 --5:00] [Thread 7620] extDB2: SQL_CUSTOM_V2: Error No Custom Call Not Found: Input String insert_infiSTARLog:SuperChil Dayz Exile  Chernarus |Humanity|Deploy Bike|:ADMINLOG:Aurora(76561198072397859) | Self Disconnect
[02:37:05:403724 --5:00] [Thread 7620] extDB2: SQL_CUSTOM_V2: Error No Custom Call Not Found: Callname insert_infiSTARLog
[02:38:04:740807 --5:00] [Thread 5240] extDB2: Stopping ...
