[23:14:13:916772 --5:00] [Thread 8884] PLAYER: ( 76561198072397859 ) R Pulkovo Bandits:1 (Aurora) REMOTE PURCHASED ITEM optic_NVS FOR 500 POPTABS | PLAYER TOTAL MONEY: 7880
[01:53:13:007860 --5:00] [Thread 8796] PLAYER: ( 76561198072397859 ) R Pulkovo Bandits:1 (Aurora) REMOTE SOLD ITEM CUP_hgun_SA61 FOR 50 POPTABS AND 5 RESPECT | PLAYER TOTAL MONEY: 7930
[01:57:36:564466 --5:00] [Thread 8796] PLAYER: ( 76561198072397859 ) R Pulkovo Bandits:1 (Aurora) REMOTE PURCHASED VEHICLE CUP_C_Mi17_Civilian_RU FOR 10000 POPTABS | PLAYER TOTAL MONEY: 47930
[15:20:20:351836 --5:00] [Thread 7940] PLAYER: ( 76561198072397859 ) R Pulkovo Bandits:1 (Aurora) REMOTE PURCHASED ITEM CUP_arifle_AKM FOR 400 POPTABS | PLAYER TOTAL MONEY: 47530
[15:20:45:440392 --5:00] [Thread 1892] PLAYER: ( 76561198072397859 ) R Pulkovo Bandits:1 (Aurora) REMOTE PURCHASED ITEM CUP_hgun_MicroUzi_snds FOR 150 POPTABS | PLAYER TOTAL MONEY: 47380
[15:21:10:028291 --5:00] [Thread 7940] PLAYER: ( 76561198072397859 ) R Pulkovo Bandits:1 (Aurora) REMOTE PURCHASED ITEM CUP_B_RUS_Backpack FOR 250 POPTABS | PLAYER TOTAL MONEY: 47130
[15:22:16:471971 --5:00] [Thread 7940] PLAYER: ( 76561198072397859 ) R Pulkovo Bandits:1 (Aurora) REMOTE PURCHASED VEHICLE CUP_B_HMMWV_Unarmed_NATO_T FOR 2000 POPTABS | PLAYER TOTAL MONEY: 45130
[15:28:36:610438 --5:00] [Thread 7940] PLAYER: ( 76561198072397859 ) R Pulkovo Bandits:1 (Aurora) REMOTE PURCHASED ITEM CUP_5Rnd_86x70_L115A1 FOR 200 POPTABS | PLAYER TOTAL MONEY: 44930
[15:28:37:618836 --5:00] [Thread 1892] PLAYER: ( 76561198072397859 ) R Pulkovo Bandits:1 (Aurora) REMOTE PURCHASED ITEM CUP_5Rnd_86x70_L115A1 FOR 200 POPTABS | PLAYER TOTAL MONEY: 44730
[15:28:38:038074 --5:00] [Thread 7940] PLAYER: ( 76561198072397859 ) R Pulkovo Bandits:1 (Aurora) REMOTE PURCHASED ITEM CUP_5Rnd_86x70_L115A1 FOR 200 POPTABS | PLAYER TOTAL MONEY: 44530
[16:06:08:951414 --5:00] [Thread 7940] PLAYER: ( 76561198072397859 ) R Pulkovo Bandits:1 (Aurora) REMOTE PURCHASED ITEM CUP_M110_NVG_EP1 FOR 8000 POPTABS | PLAYER TOTAL MONEY: 36540
[17:38:37:721431 --5:00] [Thread 9640] PLAYER: ( 76561198072397859 ) R Pulkovo Bandits:1 (Aurora) REMOTE PURCHASED ITEM 6Rnd_GreenSignal_F FOR 30 POPTABS | PLAYER TOTAL MONEY: 36510
[17:38:56:002932 --5:00] [Thread 9640] PLAYER: ( 76561198072397859 ) R Pulkovo Bandits:1 (Aurora) REMOTE SOLD ITEM hgun_Pistol_Signal_F FOR 65 POPTABS AND 6.5 RESPECT | PLAYER TOTAL MONEY: 36575
[17:39:06:370048 --5:00] [Thread 9640] PLAYER: ( 76561198072397859 ) R Pulkovo Bandits:1 (Aurora) REMOTE PURCHASED ITEM CUP_hgun_MicroUzi_snds FOR 150 POPTABS | PLAYER TOTAL MONEY: 36425
[17:39:13:563441 --5:00] [Thread 9640] PLAYER: ( 76561198072397859 ) R Pulkovo Bandits:1 (Aurora) REMOTE PURCHASED ITEM CUP_30Rnd_9x19_UZI FOR 10 POPTABS | PLAYER TOTAL MONEY: 36415
[17:39:31:856549 --5:00] [Thread 9640] PLAYER: ( 76561198072397859 ) R Pulkovo Bandits:1 (Aurora) REMOTE PURCHASED ITEM CUP_30Rnd_762x39_AK47_M FOR 30 POPTABS | PLAYER TOTAL MONEY: 36385
[17:39:32:630402 --5:00] [Thread 9640] PLAYER: ( 76561198072397859 ) R Pulkovo Bandits:1 (Aurora) REMOTE PURCHASED ITEM CUP_30Rnd_762x39_AK47_M FOR 30 POPTABS | PLAYER TOTAL MONEY: 36355
[17:39:40:630081 --5:00] [Thread 9640] PLAYER: ( 76561198072397859 ) R Pulkovo Bandits:1 (Aurora) REMOTE PURCHASED ITEM CUP_muzzle_Bizon FOR 100 POPTABS | PLAYER TOTAL MONEY: 36255
[17:39:45:986261 --5:00] [Thread 9640] PLAYER: ( 76561198072397859 ) R Pulkovo Bandits:1 (Aurora) REMOTE PURCHASED ITEM CUP_optic_Kobra FOR 50 POPTABS | PLAYER TOTAL MONEY: 36205
[17:41:20:172239 --5:00] [Thread 5892] PLAYER: ( 76561198072397859 ) R Pulkovo Bandits:1 (Aurora) REMOTE SOLD ITEM CUP_6Rnd_FlareWhite_M203 FOR 12 POPTABS AND 1.2 RESPECT | PLAYER TOTAL MONEY: 36227
[17:41:23:177085 --5:00] [Thread 5892] PLAYER: ( 76561198072397859 ) R Pulkovo Bandits:1 (Aurora) REMOTE SOLD ITEM CUP_6Rnd_HE_M203 FOR 12 POPTABS AND 1.2 RESPECT | PLAYER TOTAL MONEY: 36239
[17:41:35:333597 --5:00] [Thread 5892] PLAYER: ( 76561198072397859 ) R Pulkovo Bandits:1 (Aurora) REMOTE PURCHASED ITEM Exitem_windshield FOR 100 POPTABS | PLAYER TOTAL MONEY: 36139
[17:42:07:932409 --5:00] [Thread 5892] PLAYER: ( 76561198072397859 ) R Pulkovo Bandits:1 (Aurora) REMOTE PURCHASED VEHICLE CUP_O_GAZ_Vodnik_PK_RU FOR 15000 POPTABS | PLAYER TOTAL MONEY: 21139
