extDB2: Version: 70
extDB2: https://github.com/Torndeco/extDB2
extDB2: Windows Version
Message: All development for extDB2 is done on a Linux Dedicated Server
Message: If you would like to Donate to extDB2 Development
Message: https://www.paypal.com/cgi-bin/webscr?cmd=_s-xclick&hosted_button_id=2SUEFTGABTAM2
Message: Also leave a message if there is any particular feature you would like to see added.
Message: Thanks for all the people that have donated.
Message: Torndeco: 20/02/15


extDB2: Found extdb-conf.ini
extDB2: Detected 2 Cores, Setting up 2 Worker Threads


[22:46:40:032832 --5:00] [Thread 5148] extDB2: Database Type: MySQL
[22:46:40:039871 --5:00] [Thread 5148] extDB2: Database Session Pool Started
[22:46:40:042746 --5:00] [Thread 5148] extDB2: SQL_CUSTOM_V2: Loading Template Filename: C:\Users\xdelt\Desktop\Exile Server Chernarus\steamapps\common\Arma 3 Server\@ExileServer\extDB\sql_custom_v2\exile.ini
[22:46:40:042987 --5:00] [Thread 5148] extDB2: SQL_CUSTOM_V2: Version 12 Detected, Latest Version 12 Available
[22:46:40:106547 --5:00] [Thread 5148] extDB2: LOG: Error: Failed opening file C:\Users\xdelt\Desktop\Exile Server Chernarus\steamapps\common\Arma 3 Server\@ExileServer\extDB\logs\2017\5\29\Exile_TradingLog.log for writing
[22:46:40:106604 --5:00] [Thread 5148] extDB2: Failed to Load Protocol: LOG
[22:46:40:159753 --5:00] [Thread 5148] extDB2: LOG: Error: Failed opening file C:\Users\xdelt\Desktop\Exile Server Chernarus\steamapps\common\Arma 3 Server\@ExileServer\extDB\logs\2017\5\29\Exile_DeathLog.log for writing
[22:46:40:159803 --5:00] [Thread 5148] extDB2: Failed to Load Protocol: LOG
[22:46:40:212267 --5:00] [Thread 5148] extDB2: LOG: Error: Failed opening file C:\Users\xdelt\Desktop\Exile Server Chernarus\steamapps\common\Arma 3 Server\@ExileServer\extDB\logs\2017\5\29\Exile_TerritoryLog.log for writing
[22:46:40:212328 --5:00] [Thread 5148] extDB2: Failed to Load Protocol: LOG
[22:46:40:289462 --5:00] [Thread 8784] extDB2: SQL_CUSTOM_V2: Error No Custom Call Not Found: Input String insert_infiSTARLog:SuperChil Dayz Exile |Humanity|Deploy Bike|:SERVER_INFO:[SERVER START] TIME  0 || EMAIL  joelawm@gmail.com || VERSION  07-Mar-2017 20-28-27 - v0073 || Local Server Time  [2017,5,28,22,46]
[22:46:40:289506 --5:00] [Thread 8784] extDB2: SQL_CUSTOM_V2: Error No Custom Call Not Found: Callname insert_infiSTARLog
[22:46:40:676497 --5:00] [Thread 8784] extDB2: SQL_CUSTOM_V2: Error No Custom Call Not Found: Input String insert_infiSTARLog:SuperChil Dayz Exile |Humanity|Deploy Bike|:CONNECTLOG:0 Connected  __SERVER__() Owner  2
[22:46:40:676543 --5:00] [Thread 8784] extDB2: SQL_CUSTOM_V2: Error No Custom Call Not Found: Callname insert_infiSTARLog
[22:46:47:349185 --5:00] [Thread 5148] extDB2: Stopping ...
