extDB2: Version: 70
extDB2: https://github.com/Torndeco/extDB2
extDB2: Windows Version
Message: All development for extDB2 is done on a Linux Dedicated Server
Message: If you would like to Donate to extDB2 Development
Message: https://www.paypal.com/cgi-bin/webscr?cmd=_s-xclick&hosted_button_id=2SUEFTGABTAM2
Message: Also leave a message if there is any particular feature you would like to see added.
Message: Thanks for all the people that have donated.
Message: Torndeco: 20/02/15


extDB2: Found extdb-conf.ini
extDB2: Detected 2 Cores, Setting up 2 Worker Threads


[23:14:29:141544 --5:00] [Thread 9788] extDB2: Database Type: MySQL
[23:14:29:145232 --5:00] [Thread 9788] extDB2: Database Session Pool Started
[23:14:29:150469 --5:00] [Thread 9788] extDB2: SQL_CUSTOM_V2: Loading Template Filename: C:\Users\xdelt\Desktop\Exile Server Chernarus\steamapps\common\Arma 3 Server\@ExileServer\extDB\sql_custom_v2\exile.ini
[23:14:29:150687 --5:00] [Thread 9788] extDB2: SQL_CUSTOM_V2: Version 12 Detected, Latest Version 12 Available
[23:14:29:207242 --5:00] [Thread 9788] extDB2: LOG: Error: Failed opening file C:\Users\xdelt\Desktop\Exile Server Chernarus\steamapps\common\Arma 3 Server\@ExileServer\extDB\logs\2017\5\29\Exile_TradingLog.log for writing
[23:14:29:207287 --5:00] [Thread 9788] extDB2: Failed to Load Protocol: LOG
[23:14:29:260144 --5:00] [Thread 9788] extDB2: LOG: Error: Failed opening file C:\Users\xdelt\Desktop\Exile Server Chernarus\steamapps\common\Arma 3 Server\@ExileServer\extDB\logs\2017\5\29\Exile_DeathLog.log for writing
[23:14:29:260190 --5:00] [Thread 9788] extDB2: Failed to Load Protocol: LOG
[23:14:29:312656 --5:00] [Thread 9788] extDB2: LOG: Error: Failed opening file C:\Users\xdelt\Desktop\Exile Server Chernarus\steamapps\common\Arma 3 Server\@ExileServer\extDB\logs\2017\5\29\Exile_TerritoryLog.log for writing
[23:14:29:312709 --5:00] [Thread 9788] extDB2: Failed to Load Protocol: LOG
[23:14:29:388370 --5:00] [Thread 8976] extDB2: SQL_CUSTOM_V2: Error No Custom Call Not Found: Input String insert_infiSTARLog:SuperChil Dayz Exile |Humanity|Deploy Bike|:SERVER_INFO:[SERVER START] TIME  0 || EMAIL  joelawm@gmail.com || VERSION  07-Mar-2017 20-28-27 - v0073 || Local Server Time  [2017,5,28,23,14]
[23:14:29:388413 --5:00] [Thread 8976] extDB2: SQL_CUSTOM_V2: Error No Custom Call Not Found: Callname insert_infiSTARLog
[23:14:29:830567 --5:00] [Thread 8976] extDB2: SQL_CUSTOM_V2: Error No Custom Call Not Found: Input String insert_infiSTARLog:SuperChil Dayz Exile |Humanity|Deploy Bike|:CONNECTLOG:0 Connected  __SERVER__() Owner  2
[23:14:29:830611 --5:00] [Thread 8976] extDB2: SQL_CUSTOM_V2: Error No Custom Call Not Found: Callname insert_infiSTARLog
[23:16:05:979614 --5:00] [Thread 9788] extDB2: Stopping ...
