extDB2: Version: 70
extDB2: https://github.com/Torndeco/extDB2
extDB2: Windows Version
Message: All development for extDB2 is done on a Linux Dedicated Server
Message: If you would like to Donate to extDB2 Development
Message: https://www.paypal.com/cgi-bin/webscr?cmd=_s-xclick&hosted_button_id=2SUEFTGABTAM2
Message: Also leave a message if there is any particular feature you would like to see added.
Message: Thanks for all the people that have donated.
Message: Torndeco: 20/02/15


extDB2: Found extdb-conf.ini
extDB2: Detected 2 Cores, Setting up 2 Worker Threads


[00:16:23:900265 --5:00] [Thread 10004] extDB2: Database Type: MySQL
[00:16:23:908292 --5:00] [Thread 10004] extDB2: Database Session Pool Started
[00:16:23:911104 --5:00] [Thread 10004] extDB2: SQL_CUSTOM_V2: Loading Template Filename: C:\Users\xdelt\Desktop\Exile Server Chernarus\steamapps\common\Arma 3 Server\@ExileServer\extDB\sql_custom_v2\exile.ini
[00:16:23:911308 --5:00] [Thread 10004] extDB2: SQL_CUSTOM_V2: Version 12 Detected, Latest Version 12 Available
[00:16:23:969966 --5:00] [Thread 10004] extDB2: LOG: Error: Failed opening file C:\Users\xdelt\Desktop\Exile Server Chernarus\steamapps\common\Arma 3 Server\@ExileServer\extDB\logs\2017\5\29\Exile_TradingLog.log for writing
[00:16:23:970032 --5:00] [Thread 10004] extDB2: Failed to Load Protocol: LOG
[00:16:24:024668 --5:00] [Thread 10004] extDB2: LOG: Error: Failed opening file C:\Users\xdelt\Desktop\Exile Server Chernarus\steamapps\common\Arma 3 Server\@ExileServer\extDB\logs\2017\5\29\Exile_DeathLog.log for writing
[00:16:24:024718 --5:00] [Thread 10004] extDB2: Failed to Load Protocol: LOG
[00:16:24:080048 --5:00] [Thread 10004] extDB2: LOG: Error: Failed opening file C:\Users\xdelt\Desktop\Exile Server Chernarus\steamapps\common\Arma 3 Server\@ExileServer\extDB\logs\2017\5\29\Exile_TerritoryLog.log for writing
[00:16:24:080114 --5:00] [Thread 10004] extDB2: Failed to Load Protocol: LOG
[00:16:24:111915 --5:00] [Thread 1708] extDB2: SQL_CUSTOM_V2: Error No Custom Call Not Found: Input String insert_infiSTARLog:SuperChil Dayz Exile |Humanity|Deploy Bike|:SERVER_INFO:[SERVER START] TIME  0 || EMAIL  joelawm@gmail.com || VERSION  07-Mar-2017 20-28-27 - v0073 || Local Server Time  [2017,5,29,0,16]
[00:16:24:111963 --5:00] [Thread 1708] extDB2: SQL_CUSTOM_V2: Error No Custom Call Not Found: Callname insert_infiSTARLog
[00:16:24:573409 --5:00] [Thread 1708] extDB2: SQL_CUSTOM_V2: Error No Custom Call Not Found: Input String insert_infiSTARLog:SuperChil Dayz Exile |Humanity|Deploy Bike|:CONNECTLOG:0 Connected  __SERVER__() Owner  2
[00:16:24:573453 --5:00] [Thread 1708] extDB2: SQL_CUSTOM_V2: Error No Custom Call Not Found: Callname insert_infiSTARLog
[00:23:56:323333 --5:00] [Thread 10004] extDB2: Stopping ...
