 0:48:42 BattlEye Server: Initialized (v1.215)
 0:48:42 Host identity created.
 0:48:43 Game Port: 2302, Steam Query Port: 2303
 0:48:43 Mission Exile.Chernarus read from bank.
 0:48:43 Roles assigned.
 0:48:43 Reading mission ...
 0:48:58 Mission read.
 0:48:58 Successfull attempt to execute serverCommand '#exec users' by server.
 0:48:58 Successfull attempt to execute serverCommand '#exec users' by server.
 0:48:58 Game started.
 3:52:46 BattlEye Server: Initialized (v1.217)
 3:52:46 Host identity created.
 3:52:46 Game Port: 2302, Steam Query Port: 2303
 3:52:46 Mission Exile.Chernarus read from bank.
 3:52:47 Roles assigned.
 3:52:47 Reading mission ...
 3:52:55 Mission read.
 3:52:56 Successfull attempt to execute serverCommand '#exec users' by server.
 3:52:56 Successfull attempt to execute serverCommand '#exec users' by server.
 3:52:56 Game started.
 3:54:12 Aurora uses modified data file
 3:54:12 BattlEye Server: Player #0 Aurora (10.0.1.58:2304) connected
 3:54:12 Player Aurora connecting.
 3:54:12 BattlEye Server: Connected to BE Master
 3:54:13 BattlEye Server: Player #0 Aurora - GUID: 7621bfa5b2b21da80a898c49f77751e1
 3:54:14 Player Aurora connected (id=76561198072397859).
 3:54:14 BattlEye Server: Verified GUID (7621bfa5b2b21da80a898c49f77751e1) of player #0 Aurora
