20:40:17 BattlEye Server: Initialized (v1.217)
20:40:17 Host identity created.
20:40:17 Game Port: 2302, Steam Query Port: 2303
20:40:17 Mission Exile.Chernarus read from bank.
20:40:18 Roles assigned.
20:40:18 Reading mission ...
20:40:26 Mission read.
20:40:26 Successfull attempt to execute serverCommand '#exec users' by server.
20:40:27 Successfull attempt to execute serverCommand '#exec users' by server.
20:40:27 Game started.
20:41:47 Aurora uses modified data file
20:41:47 BattlEye Server: Player #0 Aurora (10.0.1.58:2304) connected
20:41:47 Player Aurora connecting.
20:41:47 BattlEye Server: Connected to BE Master
20:41:48 BattlEye Server: Player #0 Aurora - GUID: 7621bfa5b2b21da80a898c49f77751e1
20:41:49 Player Aurora connected (id=76561198072397859).
20:41:49 BattlEye Server: Verified GUID (7621bfa5b2b21da80a898c49f77751e1) of player #0 Aurora
20:49:04 grimm9 uses modified data file
20:49:04 BattlEye Server: Player #1 grimm9 (10.0.1.122:2304) connected
20:49:04 Player grimm9 connecting.
20:49:06 BattlEye Server: Player #1 grimm9 - GUID: c1f2782516b769e5f712045ad7343672
20:49:06 Player grimm9 connected (id=76561198039386396).
20:49:06 BattlEye Server: Verified GUID (c1f2782516b769e5f712045ad7343672) of player #1 grimm9
21:10:49 Player grimm9 disconnected.
21:10:49 BattlEye Server: Player #1 grimm9 disconnected
21:31:24 Player Aurora disconnected.
21:31:24 BattlEye Server: Player #0 Aurora disconnected
