23:04:59 BattlEye Server: Initialized (v1.217)
23:04:59 Host identity created.
23:04:59 Game Port: 2302, Steam Query Port: 2303
23:04:59 Mission Exile.Chernarus read from bank.
23:05:00 Roles assigned.
23:05:00 Reading mission ...
23:05:13 Mission read.
23:05:13 Aurora uses modified data file
23:05:13 BattlEye Server: Player #0 Aurora (10.0.1.58:2304) connected
23:05:13 Player Aurora connecting.
23:05:13 Successfull attempt to execute serverCommand '#exec users' by server.
23:05:13 Successfull attempt to execute serverCommand '#exec users' by server.
23:05:13 Game started.
23:05:15 BattlEye Server: Player #0 Aurora - GUID: 7621bfa5b2b21da80a898c49f77751e1
23:05:15 Player Aurora connected (id=76561198072397859).
23:05:15 BattlEye Server: Verified GUID (7621bfa5b2b21da80a898c49f77751e1) of player #0 Aurora
23:05:47 A. Stec uses modified data file
23:05:47 BattlEye Server: Player #1 A. Stec (69.246.219.197:2304) connected
23:05:47 Player A. Stec connecting.
23:05:49 BattlEye Server: Player #1 A. Stec - GUID: 25f373fecd8cd466954da527c631a36c
23:05:52 Player A. Stec connected (id=76561198100309836).
23:05:52 BattlEye Server: Verified GUID (25f373fecd8cd466954da527c631a36c) of player #1 A. Stec
23:22:34 Player Aurora disconnected.
23:22:34 BattlEye Server: Player #0 Aurora disconnected
23:22:36 Aurora uses modified data file
23:22:36 BattlEye Server: Player #2 Aurora (10.0.1.58:2304) connected
23:22:36 Player Aurora connecting.
23:22:38 BattlEye Server: Player #2 Aurora - GUID: 7621bfa5b2b21da80a898c49f77751e1
23:22:38 Player Aurora connected (id=76561198072397859).
23:22:38 BattlEye Server: Verified GUID (7621bfa5b2b21da80a898c49f77751e1) of player #2 Aurora
23:41:12 Successfull attempt to execute serverCommand '#kick 76561198100309836' by server.
23:41:12 Player A. Stec disconnected.
23:41:12 BattlEye Server: Player #1 A. Stec disconnected
