 1:04:29 BattlEye Server: Initialized (v1.215)
 1:04:29 Host identity created.
 1:04:29 Game Port: 2302, Steam Query Port: 2303
 1:04:29 Mission Exile.Chernarus read from bank.
 1:04:29 Roles assigned.
 1:04:29 Reading mission ...
 1:04:44 Mission read.
 1:04:44 Aurora uses modified data file
 1:04:44 BattlEye Server: Player #0 Aurora (10.0.1.46:2304) connected
 1:04:44 Player Aurora connecting.
 1:04:44 A. Stec uses modified data file
 1:04:44 BattlEye Server: Player #1 A. Stec (69.246.219.197:2304) connected
 1:04:44 Player A. Stec connecting.
 1:04:44 Successfull attempt to execute serverCommand '#exec users' by server.
 1:04:44 Successfull attempt to execute serverCommand '#exec users' by server.
 1:04:44 Game started.
 1:04:45 BattlEye Server: Player #0 Aurora - GUID: 7621bfa5b2b21da80a898c49f77751e1
 1:04:45 BattlEye Server: Player #1 A. Stec - GUID: 25f373fecd8cd466954da527c631a36c
 1:04:46 Player Aurora connected (id=76561198072397859).
 1:04:46 BattlEye Server: Verified GUID (7621bfa5b2b21da80a898c49f77751e1) of player #0 Aurora
 1:04:48 Player A. Stec connected (id=76561198100309836).
 1:04:48 BattlEye Server: Verified GUID (25f373fecd8cd466954da527c631a36c) of player #1 A. Stec
 1:14:09 Player Aurora disconnected.
 1:14:09 BattlEye Server: Player #0 Aurora disconnected
