14:14:56 BattlEye Server: Initialized (v1.215)
14:14:56 Host identity created.
14:14:57 Game Port: 2302, Steam Query Port: 2303
14:14:57 Mission Exile.Chernarus read from bank.
14:14:57 Roles assigned.
14:14:57 Reading mission ...
14:15:12 Mission read.
14:15:12 Successfull attempt to execute serverCommand '#exec users' by server.
14:15:12 Successfull attempt to execute serverCommand '#exec users' by server.
14:15:12 Game started.
14:15:16 Aurora uses modified data file
14:15:16 BattlEye Server: Player #0 Aurora (10.0.1.46:2304) connected
14:15:16 Player Aurora connecting.
14:15:17 BattlEye Server: Player #0 Aurora - GUID: 7621bfa5b2b21da80a898c49f77751e1
14:15:18 Player Aurora connected (id=76561198072397859).
14:15:18 BattlEye Server: Verified GUID (7621bfa5b2b21da80a898c49f77751e1) of player #0 Aurora
14:17:05 Player Aurora disconnected.
14:17:05 BattlEye Server: Player #0 Aurora disconnected
14:18:14 BattlEye Server: Update successfully completed. Restarting...
14:18:14 BattlEye Server: Initialized (v1.216)
