 0:38:14 BattlEye Server: Initialized (v1.215)
 0:38:14 Host identity created.
 0:38:15 Game Port: 2302, Steam Query Port: 2303
 0:38:15 Mission Exile.Chernarus read from bank.
 0:38:15 Roles assigned.
 0:38:15 Reading mission ...
 0:38:29 Mission read.
 0:38:30 A. Stec uses modified data file
 0:38:30 BattlEye Server: Player #0 A. Stec (69.246.219.197:2304) connected
 0:38:30 Player A. Stec connecting.
 0:38:30 Aurora uses modified data file
 0:38:30 BattlEye Server: Player #1 Aurora (10.0.1.46:2304) connected
 0:38:30 Player Aurora connecting.
 0:38:30 Successfull attempt to execute serverCommand '#exec users' by server.
 0:38:30 Successfull attempt to execute serverCommand '#exec users' by server.
 0:38:30 Game started.
 0:38:31 BattlEye Server: Player #1 Aurora - GUID: 7621bfa5b2b21da80a898c49f77751e1
 0:38:31 BattlEye Server: Player #0 A. Stec - GUID: 25f373fecd8cd466954da527c631a36c
 0:38:32 Player Aurora connected (id=76561198072397859).
 0:38:32 BattlEye Server: Verified GUID (7621bfa5b2b21da80a898c49f77751e1) of player #1 Aurora
 0:38:34 Player A. Stec connected (id=76561198100309836).
 0:38:34 BattlEye Server: Verified GUID (25f373fecd8cd466954da527c631a36c) of player #0 A. Stec
 0:47:20 Player Aurora disconnected.
 0:47:20 BattlEye Server: Player #1 Aurora disconnected
