 0:11:00 BattlEye Server: Initialized (v1.217)
 0:11:00 Host identity created.
 0:11:00 Mission Exile.Chernarus read from bank.
 0:11:01 Roles assigned.
 0:11:01 Reading mission ...
 0:11:12 Mission read.
 0:11:13 Successfull attempt to execute serverCommand '#exec users' by server.
 0:11:13 Successfull attempt to execute serverCommand '#exec users' by server.
 0:11:13 Game started.
 0:11:14 Aurora uses modified data file
 0:11:15 BattlEye Server: Player #0 Aurora (10.0.1.58:2304) connected
 0:11:15 Player Aurora connecting.
 0:11:15 BattlEye Server: Connected to BE Master
 0:11:16 BattlEye Server: Player #0 Aurora - GUID: 7621bfa5b2b21da80a898c49f77751e1
 0:11:54 Player Aurora disconnected.
 0:11:54 BattlEye Server: Player #0 Aurora disconnected
 0:11:56 Aurora uses modified data file
 0:11:56 BattlEye Server: Player #0 Aurora (10.0.1.58:2304) connected
 0:11:56 Player Aurora connecting.
 0:11:58 BattlEye Server: Player #0 Aurora - GUID: 7621bfa5b2b21da80a898c49f77751e1
 0:12:17 Player Aurora disconnected.
 0:12:17 BattlEye Server: Player #0 Aurora disconnected
 0:12:23 Aurora uses modified data file
 0:12:23 BattlEye Server: Player #0 Aurora (10.0.1.58:2304) connected
 0:12:23 Player Aurora connecting.
 0:12:24 BattlEye Server: Player #0 Aurora - GUID: 7621bfa5b2b21da80a898c49f77751e1
