 0:22:00 BattlEye Server: Initialized (v1.215)
 0:22:00 Host identity created.
 0:22:00 Game Port: 2302, Steam Query Port: 2303
 0:22:00 Mission Exile.Chernarus read from bank.
 0:22:01 Roles assigned.
 0:22:01 Reading mission ...
 0:22:15 Mission read.
 0:22:15 Successfull attempt to execute serverCommand '#exec users' by server.
 0:22:15 Successfull attempt to execute serverCommand '#exec users' by server.
 0:22:15 Game started.
 0:22:22 Aurora uses modified data file
 0:22:22 BattlEye Server: Player #0 Aurora (10.0.1.46:2304) connected
 0:22:22 Player Aurora connecting.
 0:22:24 BattlEye Server: Player #0 Aurora - GUID: 7621bfa5b2b21da80a898c49f77751e1
 0:22:24 Player Aurora connected (id=76561198072397859).
 0:22:24 BattlEye Server: Verified GUID (7621bfa5b2b21da80a898c49f77751e1) of player #0 Aurora
 0:23:10 A. Stec uses modified data file
 0:23:10 BattlEye Server: Player #1 A. Stec (69.246.219.197:2304) connected
 0:23:10 Player A. Stec connecting.
 0:23:12 BattlEye Server: Player #1 A. Stec - GUID: 25f373fecd8cd466954da527c631a36c
 0:23:14 Player A. Stec connected (id=76561198100309836).
 0:23:14 BattlEye Server: Verified GUID (25f373fecd8cd466954da527c631a36c) of player #1 A. Stec
