22:49:51 BattlEye server updated to version: 215
22:49:51 BattlEye Server: Initialized (v1.215)
22:49:51 Host identity created.
22:49:51 Game Port: 2302, Steam Query Port: 2303
22:49:51 Mission Exile.Tanoa read from bank.
22:49:52 Roles assigned.
22:49:52 Reading mission ...
22:50:19 Mission read.
22:50:19 Game started.
22:58:28 Aurora uses modified data file
22:58:28 BattlEye Server: Player #0 Aurora (10.0.1.46:2304) connected
22:58:28 Player Aurora connecting.
22:58:29 BattlEye Server: Connected to BE Master
22:58:30 BattlEye Server: Player #0 Aurora - GUID: 7621bfa5b2b21da80a898c49f77751e1
22:58:31 Player Aurora connected (id=76561198072397859).
22:58:31 BattlEye Server: Verified GUID (7621bfa5b2b21da80a898c49f77751e1) of player #0 Aurora
23:04:20 Player Aurora disconnected.
23:04:20 BattlEye Server: Player #0 Aurora disconnected
23:57:14 Aurora uses modified data file
23:57:14 BattlEye Server: Player #0 Aurora (10.0.1.46:2304) connected
23:57:14 Player Aurora connecting.
23:57:15 BattlEye Server: Player #0 Aurora - GUID: 7621bfa5b2b21da80a898c49f77751e1
23:57:16 Player Aurora connected (id=76561198072397859).
23:57:16 BattlEye Server: Verified GUID (7621bfa5b2b21da80a898c49f77751e1) of player #0 Aurora
 0:09:21 Player Aurora disconnected.
 0:09:21 BattlEye Server: Player #0 Aurora disconnected
