 0:04:12 BattlEye Server: Initialized (v1.217)
 0:04:12 Host identity created.
 0:04:12 Game Port: 2302, Steam Query Port: 2303
 0:04:12 Mission Exile.Chernarus read from bank.
 0:04:12 Roles assigned.
 0:04:12 Reading mission ...
 0:04:25 Mission read.
 0:04:25 Successfull attempt to execute serverCommand '#exec users' by server.
 0:04:25 Successfull attempt to execute serverCommand '#exec users' by server.
 0:04:25 Game started.
 0:04:40 Aurora uses modified data file
 0:04:40 BattlEye Server: Player #0 Aurora (10.0.1.58:2304) connected
 0:04:40 Player Aurora connecting.
 0:04:56 BattlEye Server: Player #0 Aurora - GUID: 7621bfa5b2b21da80a898c49f77751e1
 0:05:21 Player Aurora connected (id=76561198072397859).
 0:05:21 Player Aurora disconnected.
 0:05:21 BattlEye Server: Player #0 Aurora disconnected
 0:05:26 Aurora uses modified data file
 0:05:26 BattlEye Server: Player #0 Aurora (10.0.1.58:2304) connected
 0:05:26 Player Aurora connecting.
 0:05:27 BattlEye Server: Player #0 Aurora - GUID: 7621bfa5b2b21da80a898c49f77751e1
 0:05:28 Player Aurora connected (id=76561198072397859).
 0:05:28 BattlEye Server: Verified GUID (7621bfa5b2b21da80a898c49f77751e1) of player #0 Aurora
 1:15:56 BattlEye Server: Could not connect to BE Master
 1:18:13 BattlEye Server: Could not connect to BE Master
 1:20:29 BattlEye Server: Could not connect to BE Master
 1:22:45 BattlEye Server: Could not connect to BE Master
 1:25:01 BattlEye Server: Could not connect to BE Master
 1:27:17 BattlEye Server: Could not connect to BE Master
 1:29:34 BattlEye Server: Could not connect to BE Master
 1:31:50 BattlEye Server: Could not connect to BE Master
 1:34:06 BattlEye Server: Could not connect to BE Master
 1:36:22 BattlEye Server: Could not connect to BE Master
 1:38:38 BattlEye Server: Could not connect to BE Master
 1:40:54 BattlEye Server: Could not connect to BE Master
