13:52:00 BattlEye Server: Initialized (v1.217)
13:52:00 Host identity created.
13:52:00 Game Port: 2302, Steam Query Port: 2303
13:52:01 Mission Exile.Chernarus read from bank.
13:52:01 Roles assigned.
13:52:01 Reading mission ...
13:52:10 Mission read.
13:52:10 Aurora uses modified data file
13:52:10 BattlEye Server: Player #0 Aurora (10.0.1.58:2304) connected
13:52:10 Player Aurora connecting.
13:52:10 Successfull attempt to execute serverCommand '#exec users' by server.
13:52:10 Successfull attempt to execute serverCommand '#exec users' by server.
13:52:10 Game started.
13:52:11 BattlEye Server: Connected to BE Master
13:52:12 BattlEye Server: Player #0 Aurora - GUID: 7621bfa5b2b21da80a898c49f77751e1
13:52:12 Player Aurora connected (id=76561198072397859).
13:52:12 BattlEye Server: Verified GUID (7621bfa5b2b21da80a898c49f77751e1) of player #0 Aurora
16:47:44 Player Aurora disconnected.
16:47:44 BattlEye Server: Player #0 Aurora disconnected
16:50:50 Successfull attempt to execute serverCommand '#shutdown' by server.
