extDB2: Version: 70
extDB2: https://github.com/Torndeco/extDB2
extDB2: Windows Version
Message: All development for extDB2 is done on a Linux Dedicated Server
Message: If you would like to Donate to extDB2 Development
Message: https://www.paypal.com/cgi-bin/webscr?cmd=_s-xclick&hosted_button_id=2SUEFTGABTAM2
Message: Also leave a message if there is any particular feature you would like to see added.
Message: Thanks for all the people that have donated.
Message: Torndeco: 20/02/15


extDB2: Found extdb-conf.ini
extDB2: Detected 2 Cores, Setting up 2 Worker Threads


[02:03:13:842876 --5:00] [Thread 10444] extDB2: Database Type: MySQL
[02:03:13:853149 --5:00] [Thread 10444] extDB2: Database Session Pool Started
[02:03:13:857062 --5:00] [Thread 10444] extDB2: SQL_CUSTOM_V2: Loading Template Filename: C:\Users\xdelt\Desktop\Exile Server Chernarus\steamapps\common\Arma 3 Server\@ExileServerDay\extDB\sql_custom_v2\exile.ini
[02:03:13:857334 --5:00] [Thread 10444] extDB2: SQL_CUSTOM_V2: Version 12 Detected, Latest Version 12 Available
[02:03:13:916296 --5:00] [Thread 10444] extDB2: LOG: Error: Failed opening file C:\Users\xdelt\Desktop\Exile Server Chernarus\steamapps\common\Arma 3 Server\@ExileServerDay\extDB\logs\2017\6\29\Exile_TradingLog.log for writing
[02:03:13:916351 --5:00] [Thread 10444] extDB2: Failed to Load Protocol: LOG
[02:03:13:970374 --5:00] [Thread 10444] extDB2: LOG: Error: Failed opening file C:\Users\xdelt\Desktop\Exile Server Chernarus\steamapps\common\Arma 3 Server\@ExileServerDay\extDB\logs\2017\6\29\Exile_DeathLog.log for writing
[02:03:13:970439 --5:00] [Thread 10444] extDB2: Failed to Load Protocol: LOG
[02:03:14:025352 --5:00] [Thread 10444] extDB2: LOG: Error: Failed opening file C:\Users\xdelt\Desktop\Exile Server Chernarus\steamapps\common\Arma 3 Server\@ExileServerDay\extDB\logs\2017\6\29\Exile_TerritoryLog.log for writing
[02:03:14:025429 --5:00] [Thread 10444] extDB2: Failed to Load Protocol: LOG
[02:03:14:113292 --5:00] [Thread 11176] extDB2: SQL_CUSTOM_V2: Error No Custom Call Not Found: Input String insert_infiSTARLog:SuperChil Dayz Exile  Chernarus |Humanity|Deploy Bike|:SERVER_INFO:[SERVER START] TIME  0 || EMAIL  joelawm@gmail.com || VERSION  07-Mar-2017 20-28-27 - v0073 || Local Server Time  [2017,6,29,2,3]
[02:03:14:113415 --5:00] [Thread 11176] extDB2: SQL_CUSTOM_V2: Error No Custom Call Not Found: Callname insert_infiSTARLog
[02:03:22:713059 --5:00] [Thread 10444] extDB2: Stopping ...
