extDB2: Version: 70
extDB2: https://github.com/Torndeco/extDB2
extDB2: Windows Version
Message: All development for extDB2 is done on a Linux Dedicated Server
Message: If you would like to Donate to extDB2 Development
Message: https://www.paypal.com/cgi-bin/webscr?cmd=_s-xclick&hosted_button_id=2SUEFTGABTAM2
Message: Also leave a message if there is any particular feature you would like to see added.
Message: Thanks for all the people that have donated.
Message: Torndeco: 20/02/15


extDB2: Found extdb-conf.ini
extDB2: Detected 2 Cores, Setting up 2 Worker Threads


[02:23:35:214490 --5:00] [Thread 7352] extDB2: Database Type: MySQL
[02:23:35:245645 --5:00] [Thread 7352] extDB2: Database Session Pool Started
[02:23:35:255672 --5:00] [Thread 7352] extDB2: SQL_CUSTOM_V2: Loading Template Filename: C:\Users\xdelt\Desktop\Exile Server Chernarus\steamapps\common\Arma 3 Server\@ExileServerDay\extDB\sql_custom_v2\exile.ini
[02:23:35:255970 --5:00] [Thread 7352] extDB2: SQL_CUSTOM_V2: Version 12 Detected, Latest Version 12 Available
[02:23:36:099355 --5:00] [Thread 3896] extDB2: SQL_CUSTOM_V2: Error No Custom Call Not Found: Input String insert_infiSTARLog:SuperChil Dayz Exile  Chernarus |Humanity|Deploy Bike|:SERVER_INFO:[SERVER START] TIME  0.171 || EMAIL  joelawm@gmail.com || VERSION  07-Mar-2017 20-28-27 - v0073 || Local Server Time  [2017,6,29,2,23]
[02:23:36:099415 --5:00] [Thread 3896] extDB2: SQL_CUSTOM_V2: Error No Custom Call Not Found: Callname insert_infiSTARLog
[02:24:25:470482 --5:00] [Thread 7352] extDB2: SQL_CUSTOM_V2: Error No Custom Call Not Found: Input String getTotalConnections:76561198072397859
[02:24:25:470735 --5:00] [Thread 7352] extDB2: SQL_CUSTOM_V2: Error No Custom Call Not Found: Callname getTotalConnections
[02:24:25:471311 --5:00] [Thread 3900] extDB2: SQL_CUSTOM_V2: Error No Custom Call Not Found: Input String insert_infiSTARLog:SuperChil Dayz Exile  Chernarus |Humanity|Deploy Bike|:CONNECTLOG:0 Connected  Aurora(76561198072397859) Owner  3, first connected   , last connected   , connections  0
[02:24:25:471550 --5:00] [Thread 3900] extDB2: SQL_CUSTOM_V2: Error No Custom Call Not Found: Callname insert_infiSTARLog
[02:24:25:479799 --5:00] [Thread 3900] extDB2: SQL_CUSTOM_V2: Error No Custom Call Not Found: Input String insert_infiSTARLog:SuperChil Dayz Exile  Chernarus |Humanity|Deploy Bike|:CONNECTLOG:TOKEN [b0h37wpsuw3kcp66p] FOR Aurora(76561198072397859) OWNER  3, ID  3.64162e+008, JIP  true
[02:24:25:479840 --5:00] [Thread 3900] extDB2: SQL_CUSTOM_V2: Error No Custom Call Not Found: Callname insert_infiSTARLog
[02:24:27:066015 --5:00] [Thread 3900] extDB2: SQL_CUSTOM_V2: Error No Custom Call Not Found: Input String insert_infiSTARLog:SuperChil Dayz Exile  Chernarus |Humanity|Deploy Bike|:CONNECTLOG:1 Connected  Aurora(76561198072397859) Owner  3, SteamName  deltagi   [UpTime  0h 0min 30s - ServerFPS  47.9042]
[02:24:27:066120 --5:00] [Thread 3900] extDB2: SQL_CUSTOM_V2: Error No Custom Call Not Found: Callname insert_infiSTARLog
[02:24:39:557689 --5:00] [Thread 3900] extDB2: SQL_CUSTOM_V2: Error No Custom Call Not Found: Input String insert_infiSTARLog:SuperChil Dayz Exile  Chernarus |Humanity|Deploy Bike|:ADMINLOG:Aurora(76561198072397859) | UnlimAmmo - ON
[02:24:39:557801 --5:00] [Thread 3900] extDB2: SQL_CUSTOM_V2: Error No Custom Call Not Found: Callname insert_infiSTARLog
[02:24:39:562536 --5:00] [Thread 3900] extDB2: SQL_CUSTOM_V2: Error No Custom Call Not Found: Input String insert_infiSTARLog:SuperChil Dayz Exile  Chernarus |Humanity|Deploy Bike|:ADMINLOG:Aurora(76561198072397859) | God Mode - ON
[02:24:39:562577 --5:00] [Thread 3900] extDB2: SQL_CUSTOM_V2: Error No Custom Call Not Found: Callname insert_infiSTARLog
[02:24:40:334821 --5:00] [Thread 3900] extDB2: SQL_CUSTOM_V2: Error No Custom Call Not Found: Input String insert_infiSTARLog:SuperChil Dayz Exile  Chernarus |Humanity|Deploy Bike|:ADMINLOG:Aurora(76561198072397859) | Teleport to [1646.02,7763.51,0](GPS  016075)
[02:24:40:334879 --5:00] [Thread 3900] extDB2: SQL_CUSTOM_V2: Error No Custom Call Not Found: Callname insert_infiSTARLog
[02:25:14:354523 --5:00] [Thread 3900] extDB2: SQL_CUSTOM_V2: Error No Custom Call Not Found: Input String insert_infiSTARLog:SuperChil Dayz Exile  Chernarus |Humanity|Deploy Bike|:netids:Aurora(76561198072397859) - R Pulkovo Bandits 1 (Aurora) REMOTE, Exile_Unit_Player - 2 7148 - 3
[02:25:14:354668 --5:00] [Thread 3900] extDB2: SQL_CUSTOM_V2: Error No Custom Call Not Found: Callname insert_infiSTARLog
[02:25:41:015389 --5:00] [Thread 7352] extDB2: Stopping ...
