extDB2: Version: 70
extDB2: https://github.com/Torndeco/extDB2
extDB2: Windows Version
Message: All development for extDB2 is done on a Linux Dedicated Server
Message: If you would like to Donate to extDB2 Development
Message: https://www.paypal.com/cgi-bin/webscr?cmd=_s-xclick&hosted_button_id=2SUEFTGABTAM2
Message: Also leave a message if there is any particular feature you would like to see added.
Message: Thanks for all the people that have donated.
Message: Torndeco: 20/02/15


extDB2: Found extdb-conf.ini
extDB2: Detected 2 Cores, Setting up 2 Worker Threads


[15:39:53:509411 --5:00] [Thread 9152] extDB2: Database Type: MySQL
[15:39:53:525602 --5:00] [Thread 9152] extDB2: Database Session Pool Started
[15:39:53:535860 --5:00] [Thread 9152] extDB2: SQL_CUSTOM_V2: Loading Template Filename: C:\Users\xdelt\Desktop\Exile Server Chernarus\steamapps\common\Arma 3 Server\@ExileServerDay\extDB\sql_custom_v2\exile.ini
[15:39:53:536121 --5:00] [Thread 9152] extDB2: SQL_CUSTOM_V2: Version 12 Detected, Latest Version 12 Available
[15:39:54:313332 --5:00] [Thread 7216] extDB2: SQL_CUSTOM_V2: Error No Custom Call Not Found: Input String insert_infiSTARLog:SuperChil Dayz Exile |Humanity|Deploy Bike|:SERVER_INFO:[SERVER START] TIME  0.168 || EMAIL  joelawm@gmail.com || VERSION  07-Mar-2017 20-28-27 - v0073 || Local Server Time  [2017,6,23,15,39]
[15:39:54:313409 --5:00] [Thread 7216] extDB2: SQL_CUSTOM_V2: Error No Custom Call Not Found: Callname insert_infiSTARLog
[15:42:02:085407 --5:00] [Thread 9152] extDB2: SQL_CUSTOM_V2: Error No Custom Call Not Found: Input String getTotalConnections:76561198072397859
[15:42:02:085611 --5:00] [Thread 9152] extDB2: SQL_CUSTOM_V2: Error No Custom Call Not Found: Callname getTotalConnections
[15:42:02:086096 --5:00] [Thread 7216] extDB2: SQL_CUSTOM_V2: Error No Custom Call Not Found: Input String insert_infiSTARLog:SuperChil Dayz Exile |Humanity|Deploy Bike|:CONNECTLOG:0 Connected  Aurora(76561198072397859) Owner  3, first connected   , last connected   , connections  0
[15:42:02:086274 --5:00] [Thread 7216] extDB2: SQL_CUSTOM_V2: Error No Custom Call Not Found: Callname insert_infiSTARLog
[15:42:02:093097 --5:00] [Thread 7216] extDB2: SQL_CUSTOM_V2: Error No Custom Call Not Found: Input String insert_infiSTARLog:SuperChil Dayz Exile |Humanity|Deploy Bike|:CONNECTLOG:TOKEN [glizbiem9l579m] FOR Aurora(76561198072397859) OWNER  3, ID  1.20443e+008, JIP  true
[15:42:02:093139 --5:00] [Thread 7216] extDB2: SQL_CUSTOM_V2: Error No Custom Call Not Found: Callname insert_infiSTARLog
[15:42:03:630998 --5:00] [Thread 7216] extDB2: SQL_CUSTOM_V2: Error No Custom Call Not Found: Input String insert_infiSTARLog:SuperChil Dayz Exile |Humanity|Deploy Bike|:CONNECTLOG:1 Connected  Aurora(76561198072397859) Owner  3, SteamName  deltagi   [UpTime  0h 1min 49s - ServerFPS  47.1976]
[15:42:03:631069 --5:00] [Thread 7216] extDB2: SQL_CUSTOM_V2: Error No Custom Call Not Found: Callname insert_infiSTARLog
[15:42:13:911978 --5:00] [Thread 7216] extDB2: SQL_CUSTOM_V2: Error No Custom Call Not Found: Input String insert_infiSTARLog:SuperChil Dayz Exile |Humanity|Deploy Bike|:ADMINLOG:Aurora(76561198072397859) | UnlimAmmo - ON
[15:42:13:912116 --5:00] [Thread 7216] extDB2: SQL_CUSTOM_V2: Error No Custom Call Not Found: Callname insert_infiSTARLog
[15:42:13:916520 --5:00] [Thread 7216] extDB2: SQL_CUSTOM_V2: Error No Custom Call Not Found: Input String insert_infiSTARLog:SuperChil Dayz Exile |Humanity|Deploy Bike|:ADMINLOG:Aurora(76561198072397859) | God Mode - ON
[15:42:13:916568 --5:00] [Thread 7216] extDB2: SQL_CUSTOM_V2: Error No Custom Call Not Found: Callname insert_infiSTARLog
[15:42:50:043059 --5:00] [Thread 7216] extDB2: SQL_CUSTOM_V2: Error No Custom Call Not Found: Input String insert_infiSTARLog:SuperChil Dayz Exile |Humanity|Deploy Bike|:netids:Aurora(76561198072397859) - R Pulkovo Bandits 1 (Aurora) REMOTE, Exile_Unit_Player - 2 6754 - 3
[15:42:50:043215 --5:00] [Thread 7216] extDB2: SQL_CUSTOM_V2: Error No Custom Call Not Found: Callname insert_infiSTARLog
[15:43:05:539263 --5:00] [Thread 7216] extDB2: SQL_CUSTOM_V2: Error No Custom Call Not Found: Input String insert_infiSTARLog:SuperChil Dayz Exile |Humanity|Deploy Bike|:ADMINLOG:Aurora(76561198072397859) | Spawning Type56 Chest Rig (Variant) (CUP_V_O_Ins_Carrier_Rig) on Aurora!
[15:43:05:539649 --5:00] [Thread 7216] extDB2: SQL_CUSTOM_V2: Error No Custom Call Not Found: Callname insert_infiSTARLog
[15:43:06:320264 --5:00] [Thread 7216] extDB2: SQL_CUSTOM_V2: Error No Custom Call Not Found: Input String insert_infiSTARLog:SuperChil Dayz Exile |Humanity|Deploy Bike|:ADMINLOG:Aurora(76561198072397859) | Spawning Smersh vest (MG) (CUP_V_O_Ins_Carrier_Rig_MG) on Aurora!
[15:43:06:320400 --5:00] [Thread 7216] extDB2: SQL_CUSTOM_V2: Error No Custom Call Not Found: Callname insert_infiSTARLog
[15:43:07:454939 --5:00] [Thread 7216] extDB2: SQL_CUSTOM_V2: Error No Custom Call Not Found: Input String insert_infiSTARLog:SuperChil Dayz Exile |Humanity|Deploy Bike|:ADMINLOG:Aurora(76561198072397859) | Spawning Smersh vest (Commander) (CUP_V_O_Ins_Carrier_Rig_Com) on Aurora!
[15:43:07:455031 --5:00] [Thread 7216] extDB2: SQL_CUSTOM_V2: Error No Custom Call Not Found: Callname insert_infiSTARLog
[15:43:08:083033 --5:00] [Thread 7216] extDB2: SQL_CUSTOM_V2: Error No Custom Call Not Found: Input String insert_infiSTARLog:SuperChil Dayz Exile |Humanity|Deploy Bike|:ADMINLOG:Aurora(76561198072397859) | Spawning Smersh vest (Light) (CUP_V_O_Ins_Carrier_Rig_Light) on Aurora!
[15:43:08:083125 --5:00] [Thread 7216] extDB2: SQL_CUSTOM_V2: Error No Custom Call Not Found: Callname insert_infiSTARLog
[15:43:09:161366 --5:00] [Thread 7216] extDB2: SQL_CUSTOM_V2: Error No Custom Call Not Found: Input String insert_infiSTARLog:SuperChil Dayz Exile |Humanity|Deploy Bike|:ADMINLOG:Aurora(76561198072397859) | Spawning Smersh vest (Light) (CUP_V_O_Ins_Carrier_Rig_Light) on Aurora!
[15:43:09:161452 --5:00] [Thread 7216] extDB2: SQL_CUSTOM_V2: Error No Custom Call Not Found: Callname insert_infiSTARLog
[15:43:09:977693 --5:00] [Thread 7216] extDB2: SQL_CUSTOM_V2: Error No Custom Call Not Found: Input String insert_infiSTARLog:SuperChil Dayz Exile |Humanity|Deploy Bike|:ADMINLOG:Aurora(76561198072397859) | Spawning Beret (Red Star) (CUP_H_ChDKZ_Beret) on Aurora!
[15:43:09:977785 --5:00] [Thread 7216] extDB2: SQL_CUSTOM_V2: Error No Custom Call Not Found: Callname insert_infiSTARLog
[15:43:10:794664 --5:00] [Thread 7216] extDB2: SQL_CUSTOM_V2: Error No Custom Call Not Found: Input String insert_infiSTARLog:SuperChil Dayz Exile |Humanity|Deploy Bike|:ADMINLOG:Aurora(76561198072397859) | Spawning Beanie (Woodland Digital) (CUP_H_ChDKZ_Beanie) on Aurora!
[15:43:10:794806 --5:00] [Thread 7216] extDB2: SQL_CUSTOM_V2: Error No Custom Call Not Found: Callname insert_infiSTARLog
[15:43:11:880546 --5:00] [Thread 7216] extDB2: SQL_CUSTOM_V2: Error No Custom Call Not Found: Input String insert_infiSTARLog:SuperChil Dayz Exile |Humanity|Deploy Bike|:ADMINLOG:Aurora(76561198072397859) | Spawning Officer Cap (Woodland) (CUP_H_ChDKZ_Cap) on Aurora!
[15:43:11:880656 --5:00] [Thread 7216] extDB2: SQL_CUSTOM_V2: Error No Custom Call Not Found: Callname insert_infiSTARLog
[15:43:12:468105 --5:00] [Thread 7216] extDB2: SQL_CUSTOM_V2: Error No Custom Call Not Found: Input String insert_infiSTARLog:SuperChil Dayz Exile |Humanity|Deploy Bike|:ADMINLOG:Aurora(76561198072397859) | Spawning RRV Carrier (Delta 1) (CUP_V_B_Delta_1) on Aurora!
[15:43:12:468226 --5:00] [Thread 7216] extDB2: SQL_CUSTOM_V2: Error No Custom Call Not Found: Callname insert_infiSTARLog
[15:44:22:148751 --5:00] [Thread 7216] extDB2: SQL_CUSTOM_V2: Error No Custom Call Not Found: Input String insert_infiSTARLog:SuperChil Dayz Exile |Humanity|Deploy Bike|:ADMINLOG:Aurora(76561198072397859) | Spawning Smersh vest (Commander) (CUP_V_O_Ins_Carrier_Rig_Com) on Aurora!
[15:44:22:148933 --5:00] [Thread 7216] extDB2: SQL_CUSTOM_V2: Error No Custom Call Not Found: Callname insert_infiSTARLog
[15:44:23:071556 --5:00] [Thread 7216] extDB2: SQL_CUSTOM_V2: Error No Custom Call Not Found: Input String insert_infiSTARLog:SuperChil Dayz Exile |Humanity|Deploy Bike|:ADMINLOG:Aurora(76561198072397859) | Spawning Type56 Chest Rig (Variant) (CUP_V_O_Ins_Carrier_Rig) on Aurora!
[15:44:23:071851 --5:00] [Thread 7216] extDB2: SQL_CUSTOM_V2: Error No Custom Call Not Found: Callname insert_infiSTARLog
[15:45:39:375485 --5:00] [Thread 7216] extDB2: SQL_CUSTOM_V2: Error No Custom Call Not Found: Input String insert_infiSTARLog:SuperChil Dayz Exile |Humanity|Deploy Bike|:ADMINLOG:Aurora(76561198072397859) | Spawning RRV Carrier (Delta 1) (CUP_V_B_Delta_1) on Aurora!
[15:45:39:375624 --5:00] [Thread 7216] extDB2: SQL_CUSTOM_V2: Error No Custom Call Not Found: Callname insert_infiSTARLog
[15:46:57:698083 --5:00] [Thread 7216] extDB2: SQL_CUSTOM_V2: Error No Custom Call Not Found: Input String insert_infiSTARLog:SuperChil Dayz Exile |Humanity|Deploy Bike|:ADMINLOG:Aurora(76561198072397859) | Spawning Rahim 7.62 mm (srifle_DMR_01_ACO_F) on Aurora!
[15:46:57:698295 --5:00] [Thread 7216] extDB2: SQL_CUSTOM_V2: Error No Custom Call Not Found: Callname insert_infiSTARLog
[15:58:17:950837 --5:00] [Thread 7216] extDB2: SQL_CUSTOM_V2: Error No Custom Call Not Found: Input String insert_infiSTARLog:SuperChil Dayz Exile |Humanity|Deploy Bike|:ADMINLOG:Aurora(76561198072397859) | Spawning ASP-1 Kir 12.7 mm (Black) (srifle_DMR_04_ARCO_F) on Aurora!
[15:58:17:951137 --5:00] [Thread 7216] extDB2: SQL_CUSTOM_V2: Error No Custom Call Not Found: Callname insert_infiSTARLog
[15:58:35:561292 --5:00] [Thread 7216] extDB2: SQL_CUSTOM_V2: Error No Custom Call Not Found: Input String insert_infiSTARLog:SuperChil Dayz Exile |Humanity|Deploy Bike|:ADMINLOG:Aurora(76561198072397859) | Spawning GM6 Lynx 12.7 mm (Camo) (srifle_GM6_camo_LRPS_F) on Aurora!
[15:58:35:561561 --5:00] [Thread 7216] extDB2: SQL_CUSTOM_V2: Error No Custom Call Not Found: Callname insert_infiSTARLog
[15:58:36:214037 --5:00] [Thread 7216] extDB2: SQL_CUSTOM_V2: Error No Custom Call Not Found: Input String insert_infiSTARLog:SuperChil Dayz Exile |Humanity|Deploy Bike|:ADMINLOG:Aurora(76561198072397859) | Spawning GM6 Lynx 12.7 mm (Camo) (srifle_GM6_camo_SOS_F) on Aurora!
[15:58:36:214162 --5:00] [Thread 7216] extDB2: SQL_CUSTOM_V2: Error No Custom Call Not Found: Callname insert_infiSTARLog
[15:58:36:733037 --5:00] [Thread 7216] extDB2: SQL_CUSTOM_V2: Error No Custom Call Not Found: Input String insert_infiSTARLog:SuperChil Dayz Exile |Humanity|Deploy Bike|:ADMINLOG:Aurora(76561198072397859) | Spawning GM6 Lynx 12.7 mm (srifle_GM6_LRPS_F) on Aurora!
[15:58:36:733095 --5:00] [Thread 7216] extDB2: SQL_CUSTOM_V2: Error No Custom Call Not Found: Callname insert_infiSTARLog
[15:58:37:923571 --5:00] [Thread 7216] extDB2: SQL_CUSTOM_V2: Error No Custom Call Not Found: Input String insert_infiSTARLog:SuperChil Dayz Exile |Humanity|Deploy Bike|:ADMINLOG:Aurora(76561198072397859) | Spawning GM6 Lynx 12.7 mm (Camo) (srifle_GM6_camo_F) on Aurora!
[15:58:37:923642 --5:00] [Thread 7216] extDB2: SQL_CUSTOM_V2: Error No Custom Call Not Found: Callname insert_infiSTARLog
[15:58:38:676872 --5:00] [Thread 7216] extDB2: SQL_CUSTOM_V2: Error No Custom Call Not Found: Input String insert_infiSTARLog:SuperChil Dayz Exile |Humanity|Deploy Bike|:ADMINLOG:Aurora(76561198072397859) | Spawning GM6 Lynx 12.7 mm (Camo) (srifle_GM6_camo_SOS_F) on Aurora!
[15:58:38:676988 --5:00] [Thread 7216] extDB2: SQL_CUSTOM_V2: Error No Custom Call Not Found: Callname insert_infiSTARLog
[15:58:39:679338 --5:00] [Thread 7216] extDB2: SQL_CUSTOM_V2: Error No Custom Call Not Found: Input String insert_infiSTARLog:SuperChil Dayz Exile |Humanity|Deploy Bike|:ADMINLOG:Aurora(76561198072397859) | Spawning GM6 Lynx 12.7 mm (Camo) (srifle_GM6_camo_LRPS_F) on Aurora!
[15:58:39:679463 --5:00] [Thread 7216] extDB2: SQL_CUSTOM_V2: Error No Custom Call Not Found: Callname insert_infiSTARLog
[15:58:42:741566 --5:00] [Thread 7216] extDB2: SQL_CUSTOM_V2: Error No Custom Call Not Found: Input String insert_infiSTARLog:SuperChil Dayz Exile |Humanity|Deploy Bike|:ADMINLOG:Aurora(76561198072397859) | Spawning GM6 Lynx 12.7 mm (Camo) (srifle_GM6_camo_SOS_F) on Aurora!
[15:58:42:741838 --5:00] [Thread 7216] extDB2: SQL_CUSTOM_V2: Error No Custom Call Not Found: Callname insert_infiSTARLog
[15:58:44:165998 --5:00] [Thread 7216] extDB2: SQL_CUSTOM_V2: Error No Custom Call Not Found: Input String insert_infiSTARLog:SuperChil Dayz Exile |Humanity|Deploy Bike|:ADMINLOG:Aurora(76561198072397859) | Spawning GM6 Lynx 12.7 mm (Camo) (srifle_GM6_camo_F) on Aurora!
[15:58:44:166107 --5:00] [Thread 7216] extDB2: SQL_CUSTOM_V2: Error No Custom Call Not Found: Callname insert_infiSTARLog
[15:58:46:947140 --5:00] [Thread 7216] extDB2: SQL_CUSTOM_V2: Error No Custom Call Not Found: Input String insert_infiSTARLog:SuperChil Dayz Exile |Humanity|Deploy Bike|:ADMINLOG:Aurora(76561198072397859) | Spawning GM6 Lynx 12.7 mm (srifle_GM6_LRPS_F) on Aurora!
[15:58:46:947249 --5:00] [Thread 7216] extDB2: SQL_CUSTOM_V2: Error No Custom Call Not Found: Callname insert_infiSTARLog
[15:58:51:208851 --5:00] [Thread 7216] extDB2: SQL_CUSTOM_V2: Error No Custom Call Not Found: Input String insert_infiSTARLog:SuperChil Dayz Exile |Humanity|Deploy Bike|:ADMINLOG:Aurora(76561198072397859) | Spawning GM6 Lynx 12.7 mm (srifle_GM6_F) on Aurora!
[15:58:51:208924 --5:00] [Thread 7216] extDB2: SQL_CUSTOM_V2: Error No Custom Call Not Found: Callname insert_infiSTARLog
[15:58:57:280712 --5:00] [Thread 7216] extDB2: SQL_CUSTOM_V2: Error No Custom Call Not Found: Input String insert_infiSTARLog:SuperChil Dayz Exile |Humanity|Deploy Bike|:ADMINLOG:Aurora(76561198072397859) | Spawning ASP-1 Kir 12.7 mm (Black) (srifle_DMR_04_ACO_F) on Aurora!
[15:58:57:280864 --5:00] [Thread 7216] extDB2: SQL_CUSTOM_V2: Error No Custom Call Not Found: Callname insert_infiSTARLog
[15:58:58:789537 --5:00] [Thread 7216] extDB2: SQL_CUSTOM_V2: Error No Custom Call Not Found: Input String insert_infiSTARLog:SuperChil Dayz Exile |Humanity|Deploy Bike|:ADMINLOG:Aurora(76561198072397859) | Spawning ASP-1 Kir 12.7 mm (Tan) (srifle_DMR_04_Tan_F) on Aurora!
[15:58:58:789629 --5:00] [Thread 7216] extDB2: SQL_CUSTOM_V2: Error No Custom Call Not Found: Callname insert_infiSTARLog
[15:59:01:322453 --5:00] [Thread 7216] extDB2: SQL_CUSTOM_V2: Error No Custom Call Not Found: Input String insert_infiSTARLog:SuperChil Dayz Exile |Humanity|Deploy Bike|:ADMINLOG:Aurora(76561198072397859) | Spawning SVD Dragunov SD (srifle_mas_svd_sd) on Aurora!
[15:59:01:322542 --5:00] [Thread 7216] extDB2: SQL_CUSTOM_V2: Error No Custom Call Not Found: Callname insert_infiSTARLog
[15:59:02:263024 --5:00] [Thread 7216] extDB2: SQL_CUSTOM_V2: Error No Custom Call Not Found: Input String insert_infiSTARLog:SuperChil Dayz Exile |Humanity|Deploy Bike|:ADMINLOG:Aurora(76561198072397859) | Spawning SVD Dragunov PSO (srifle_mas_svd_l) on Aurora!
[15:59:02:263167 --5:00] [Thread 7216] extDB2: SQL_CUSTOM_V2: Error No Custom Call Not Found: Callname insert_infiSTARLog
[15:59:04:419802 --5:00] [Thread 7216] extDB2: SQL_CUSTOM_V2: Error No Custom Call Not Found: Input String insert_infiSTARLog:SuperChil Dayz Exile |Humanity|Deploy Bike|:ADMINLOG:Aurora(76561198072397859) | Spawning SVD Dragunov (srifle_mas_svd) on Aurora!
[15:59:04:419916 --5:00] [Thread 7216] extDB2: SQL_CUSTOM_V2: Error No Custom Call Not Found: Callname insert_infiSTARLog
[15:59:54:470992 --5:00] [Thread 7216] extDB2: SQL_CUSTOM_V2: Error No Custom Call Not Found: Input String insert_infiSTARLog:SuperChil Dayz Exile |Humanity|Deploy Bike|:ADMINLOG:Aurora(76561198072397859) | Spawning SR25 (srifle_mas_sr25) on Aurora!
[15:59:54:471144 --5:00] [Thread 7216] extDB2: SQL_CUSTOM_V2: Error No Custom Call Not Found: Callname insert_infiSTARLog
[16:00:24:351493 --5:00] [Thread 7216] extDB2: SQL_CUSTOM_V2: Error No Custom Call Not Found: Input String insert_infiSTARLog:SuperChil Dayz Exile |Humanity|Deploy Bike|:ADMINLOG:Aurora(76561198072397859) | Spawning 7.62 mm 20Rnd Mag (20Rnd_762x51_Mag) on Aurora!
[16:00:24:351697 --5:00] [Thread 7216] extDB2: SQL_CUSTOM_V2: Error No Custom Call Not Found: Callname insert_infiSTARLog
[16:00:30:142821 --5:00] [Thread 7216] extDB2: SQL_CUSTOM_V2: Error No Custom Call Not Found: Input String insert_infiSTARLog:SuperChil Dayz Exile |Humanity|Deploy Bike|:ADMINLOG:Aurora(76561198072397859) | Spawning 7.62 mm 20Rnd Mag (20Rnd_762x51_Mag) on Aurora!
[16:00:30:143276 --5:00] [Thread 7216] extDB2: SQL_CUSTOM_V2: Error No Custom Call Not Found: Callname insert_infiSTARLog
[16:07:42:250756 --5:00] [Thread 7216] extDB2: SQL_CUSTOM_V2: Error No Custom Call Not Found: Input String insert_infiSTARLog:SuperChil Dayz Exile |Humanity|Deploy Bike|:ADMINLOG:Aurora(76561198072397859) | Spawning SR25 Scope SD (srifle_mas_sr25_sd) on Aurora!
[16:07:42:251006 --5:00] [Thread 7216] extDB2: SQL_CUSTOM_V2: Error No Custom Call Not Found: Callname insert_infiSTARLog
[16:07:45:103901 --5:00] [Thread 7216] extDB2: SQL_CUSTOM_V2: Error No Custom Call Not Found: Input String insert_infiSTARLog:SuperChil Dayz Exile |Humanity|Deploy Bike|:ADMINLOG:Aurora(76561198072397859) | Spawning SR25 Wood Scope SD (srifle_mas_sr25_v_sd) on Aurora!
[16:07:45:103967 --5:00] [Thread 7216] extDB2: SQL_CUSTOM_V2: Error No Custom Call Not Found: Callname insert_infiSTARLog
[16:07:46:976617 --5:00] [Thread 7216] extDB2: SQL_CUSTOM_V2: Error No Custom Call Not Found: Input String insert_infiSTARLog:SuperChil Dayz Exile |Humanity|Deploy Bike|:ADMINLOG:Aurora(76561198072397859) | Spawning SR25 Wood Scope (srifle_mas_sr25_v_h) on Aurora!
[16:07:46:976695 --5:00] [Thread 7216] extDB2: SQL_CUSTOM_V2: Error No Custom Call Not Found: Callname insert_infiSTARLog
[16:07:49:361007 --5:00] [Thread 7216] extDB2: SQL_CUSTOM_V2: Error No Custom Call Not Found: Input String insert_infiSTARLog:SuperChil Dayz Exile |Humanity|Deploy Bike|:ADMINLOG:Aurora(76561198072397859) | Spawning SR25 Des Scope (srifle_mas_sr25_d_h) on Aurora!
[16:07:49:361213 --5:00] [Thread 7216] extDB2: SQL_CUSTOM_V2: Error No Custom Call Not Found: Callname insert_infiSTARLog
[16:07:50:079676 --5:00] [Thread 7216] extDB2: SQL_CUSTOM_V2: Error No Custom Call Not Found: Input String insert_infiSTARLog:SuperChil Dayz Exile |Humanity|Deploy Bike|:ADMINLOG:Aurora(76561198072397859) | Spawning SR25 Des Scope SD (srifle_mas_sr25_d_sd) on Aurora!
[16:07:50:079758 --5:00] [Thread 7216] extDB2: SQL_CUSTOM_V2: Error No Custom Call Not Found: Callname insert_infiSTARLog
[16:08:05:046806 --5:00] [Thread 7216] extDB2: SQL_CUSTOM_V2: Error No Custom Call Not Found: Input String insert_infiSTARLog:SuperChil Dayz Exile |Humanity|Deploy Bike|:ADMINLOG:Aurora(76561198072397859) | Spawning SR25 Des Scope SD (srifle_mas_sr25_d_sd) on Aurora!
[16:08:05:046871 --5:00] [Thread 7216] extDB2: SQL_CUSTOM_V2: Error No Custom Call Not Found: Callname insert_infiSTARLog
[16:24:54:593414 --5:00] [Thread 7216] extDB2: SQL_CUSTOM_V2: Error No Custom Call Not Found: Input String insert_infiSTARLog:SuperChil Dayz Exile |Humanity|Deploy Bike|:ADMINLOG:Aurora(76561198072397859) | Spawning G17 (CUP_Glock17_EP1) on Aurora!
[16:24:54:593640 --5:00] [Thread 7216] extDB2: SQL_CUSTOM_V2: Error No Custom Call Not Found: Callname insert_infiSTARLog
[16:24:57:856317 --5:00] [Thread 7216] extDB2: SQL_CUSTOM_V2: Error No Custom Call Not Found: Input String insert_infiSTARLog:SuperChil Dayz Exile |Humanity|Deploy Bike|:ADMINLOG:Aurora(76561198072397859) | Spawning G17 (CUP_hgun_glock17_flashlight_snds) on Aurora!
[16:24:57:856410 --5:00] [Thread 7216] extDB2: SQL_CUSTOM_V2: Error No Custom Call Not Found: Callname insert_infiSTARLog
[16:28:23:376835 --5:00] [Thread 7216] extDB2: SQL_CUSTOM_V2: Error No Custom Call Not Found: Input String insert_infiSTARLog:SuperChil Dayz Exile |Humanity|Deploy Bike|:ADMINLOG:Aurora(76561198072397859) | Spawning M4 VLTOR (arifle_mas_m4vlt) on Aurora!
[16:28:23:377106 --5:00] [Thread 7216] extDB2: SQL_CUSTOM_V2: Error No Custom Call Not Found: Callname insert_infiSTARLog
[16:28:48:410443 --5:00] [Thread 7216] extDB2: SQL_CUSTOM_V2: Error No Custom Call Not Found: Input String insert_infiSTARLog:SuperChil Dayz Exile |Humanity|Deploy Bike|:ADMINLOG:Aurora(76561198072397859) | Spawning 5.56 mm 30rnd STANAG Reload Tracer (Green) Mag (30Rnd_556x45_Stanag_green) on Aurora!
[16:28:48:410683 --5:00] [Thread 7216] extDB2: SQL_CUSTOM_V2: Error No Custom Call Not Found: Callname insert_infiSTARLog
[16:28:54:298742 --5:00] [Thread 7216] extDB2: SQL_CUSTOM_V2: Error No Custom Call Not Found: Input String insert_infiSTARLog:SuperChil Dayz Exile |Humanity|Deploy Bike|:ADMINLOG:Aurora(76561198072397859) | Spawning 30Rnd. STANAG (CUP_30Rnd_556x45_Stanag) on Aurora!
[16:28:54:298848 --5:00] [Thread 7216] extDB2: SQL_CUSTOM_V2: Error No Custom Call Not Found: Callname insert_infiSTARLog
[16:29:03:809166 --5:00] [Thread 7216] extDB2: SQL_CUSTOM_V2: Error No Custom Call Not Found: Input String insert_infiSTARLog:SuperChil Dayz Exile |Humanity|Deploy Bike|:ADMINLOG:Aurora(76561198072397859) | Spawning 5.56 rounds (556) on Aurora!
[16:29:03:809256 --5:00] [Thread 7216] extDB2: SQL_CUSTOM_V2: Error No Custom Call Not Found: Callname insert_infiSTARLog
[16:29:10:757610 --5:00] [Thread 7216] extDB2: SQL_CUSTOM_V2: Error No Custom Call Not Found: Input String insert_infiSTARLog:SuperChil Dayz Exile |Humanity|Deploy Bike|:ADMINLOG:Aurora(76561198072397859) | Spawning 30rnd 5.56mm STANAG (30Rnd_mas_556x45_Stanag) on Aurora!
[16:29:10:757688 --5:00] [Thread 7216] extDB2: SQL_CUSTOM_V2: Error No Custom Call Not Found: Callname insert_infiSTARLog
[16:29:11:836317 --5:00] [Thread 7216] extDB2: SQL_CUSTOM_V2: Error No Custom Call Not Found: Input String insert_infiSTARLog:SuperChil Dayz Exile |Humanity|Deploy Bike|:ADMINLOG:Aurora(76561198072397859) | Spawning 30rnd 5.56mm STANAG (30Rnd_mas_556x45_Stanag) on Aurora!
[16:29:11:836375 --5:00] [Thread 7216] extDB2: SQL_CUSTOM_V2: Error No Custom Call Not Found: Callname insert_infiSTARLog
[16:42:29:383365 --5:00] [Thread 9152] extDB2: Stopping ...
